#
# A fatal error has been detected by the Java Runtime Environment:
#
#  EXCEPTION_ACCESS_VIOLATION (0xc0000005) at pc=0x0000026208b50c73, pid=24596, tid=13360
#
# JRE version: Java(TM) SE Runtime Environment (21.0.5+9) (build 21.0.5+9-LTS-239)
# Java VM: Java HotSpot(TM) 64-Bit Server VM (21.0.5+9-LTS-239, mixed mode, sharing, tiered, compressed oops, compressed class ptrs, g1 gc, windows-amd64)
# Problematic frame:
# J 9378 c1 jakarta.servlet.http.HttpServletRequestWrapper.getHeader(Ljava/lang/String;)Ljava/lang/String; (11 bytes) @ 0x0000026208b50c73 [0x0000026208b50bc0+0x00000000000000b3]
#
# No core dump will be written. Minidumps are not enabled by default on client versions of Windows
#
# If you would like to submit a bug report, please visit:
#   https://bugreport.java.com/bugreport/crash.jsp
#

---------------  S U M M A R Y ------------

Command Line: -Dfile.encoding=UTF-8 -Dstdout.encoding=UTF-8 -Dstderr.encoding=UTF-8 -XX:+ShowCodeDetailsInExceptionMessages -agentpath:C:\Program Files\SentinelOne\Sentinel Agent 24.1.4.257\SentinelJava64.dll=extendedCapabilities com.my.hrms.HrmsApplication

Host: 11th Gen Intel(R) Core(TM) i7-1165G7 @ 2.80GHz, 8 cores, 31G,  Windows 11 , 64 bit Build 26100 (10.0.26100.3624)
Time: Fri Apr 11 15:29:28 2025 India Standard Time elapsed time: 28.871164 seconds (0d 0h 0m 28s)

---------------  T H R E A D  ---------------

Current thread (0x00000262cbcf28a0):  JavaThread "http-nio-8080-exec-4" daemon [_thread_in_Java, id=13360, stack(0x0000008777200000,0x0000008777300000) (1024K)]

Stack: [0x0000008777200000,0x0000008777300000],  sp=0x00000087772f72f0,  free space=988k
Native frames: (J=compiled Java code, j=interpreted, Vv=VM code, C=native code)
C  0x0000026208b50c73

The last pc belongs to nmethod (printed below).

siginfo: EXCEPTION_ACCESS_VIOLATION (0xc0000005), reading address 0x000000000000000c


Registers:
RAX=0x00000262cd11e830, RBX=0x00000262cd11e830, RCX=0x00000087772f7580, RDX=0x0000000000000000
RSP=0x00000087772f72f0, RBP=0x00000087772f7530, RSI=0x0000000000000000, RDI=0x00000262cd53ce48
R8 =0x00000006142686c8, R9 =0x0000000000000001, R10=0x0000000000000000, R11=0x0000026208b50be0
R12=0x0000000000000000, R13=0x00000087772f7350, R14=0x0000000000000001, R15=0x00000262cbcf28a0
RIP=0x0000026208b50c73, EFLAGS=0x0000000000010202


Register to memory mapping:

RAX={method} {0x00000262cd11e838} 'getHeader' '(Ljava/lang/String;)Ljava/lang/String;' in 'jakarta/servlet/http/HttpServletRequestWrapper'
RBX={method} {0x00000262cd11e838} 'getHeader' '(Ljava/lang/String;)Ljava/lang/String;' in 'jakarta/servlet/http/HttpServletRequestWrapper'
RCX=0x00000087772f7580 is pointing into the stack for thread: 0x00000262cbcf28a0
RDX=0x0 is null
RSP=0x00000087772f72f0 is pointing into the stack for thread: 0x00000262cbcf28a0
RBP=0x00000087772f7530 is pointing into the stack for thread: 0x00000262cbcf28a0
RSI=0x0 is null
RDI=0x00000262cd53ce48 is pointing into metadata
R8 =0x00000006142686c8 is an oop: org.springframework.security.web.servletapi.HttpServlet3RequestFactory$Servlet3SecurityContextHolderAwareRequestWrapper 
{0x00000006142686c8} - klass: 'org/springframework/security/web/servletapi/HttpServlet3RequestFactory$Servlet3SecurityContextHolderAwareRequestWrapper'
 - ---- fields (total size 5 words):
 - private 'request' 'Ljakarta/servlet/ServletRequest;' @12  a 'org/springframework/security/web/firewall/StrictHttpFirewall$StrictFirewalledRequest'{0x00000006142684d8} (0xc284d09b)
 - private 'securityContextHolderStrategy' 'Lorg/springframework/security/core/context/SecurityContextHolderStrategy;' @16  a 'org/springframework/security/core/context/ThreadLocalSecurityContextHolderStrategy'{0x000000060657a310} (0xc0caf462)
 - private final 'trustResolver' 'Lorg/springframework/security/authentication/AuthenticationTrustResolver;' @20  a 'org/springframework/security/authentication/AuthenticationTrustResolverImpl'{0x0000000606578838} (0xc0caf107)
 - private final 'rolePrefix' 'Ljava/lang/String;' @24  "ROLE_"{0x0000000606578a38} (0xc0caf147)
 - private final 'response' 'Ljakarta/servlet/http/HttpServletResponse;' @28  a 'org/springframework/security/web/firewall/FirewalledResponse'{0x00000006142684f0} (0xc284d09e)
 - final synthetic 'this$0' 'Lorg/springframework/security/web/servletapi/HttpServlet3RequestFactory;' @32  a 'org/springframework/security/web/servletapi/HttpServlet3RequestFactory'{0x0000000606578a68} (0xc0caf14d)
R9 =0x0000000000000001 is an unknown value
R10=0x0 is null
R11=0x0000026208b50be0 is at entry_point+32 in (nmethod*)0x0000026208b50a10
Compiled method (c1)   28967 9378       3       jakarta.servlet.http.HttpServletRequestWrapper::getHeader (11 bytes)
 total in heap  [0x0000026208b50a10,0x0000026208b51008] = 1528
 relocation     [0x0000026208b50b68,0x0000026208b50bc0] = 88
 main code      [0x0000026208b50bc0,0x0000026208b50ee0] = 800
 stub code      [0x0000026208b50ee0,0x0000026208b50f28] = 72
 oops           [0x0000026208b50f28,0x0000026208b50f30] = 8
 metadata       [0x0000026208b50f30,0x0000026208b50f48] = 24
 scopes data    [0x0000026208b50f48,0x0000026208b50f80] = 56
 scopes pcs     [0x0000026208b50f80,0x0000026208b50ff0] = 112
 dependencies   [0x0000026208b50ff0,0x0000026208b50ff8] = 8
 nul chk table  [0x0000026208b50ff8,0x0000026208b51008] = 16
R12=0x0 is null
R13=0x00000087772f7350 is pointing into the stack for thread: 0x00000262cbcf28a0
R14=0x0000000000000001 is an unknown value
R15=0x00000262cbcf28a0 is a thread

Top of Stack: (sp=0x00000087772f72f0)
0x00000087772f72f0:   00000087772f7780 00007ffb634c2b99
0x00000087772f7300:   0000008700000002 0000000000000000
0x00000087772f7310:   0000020800000064 0000000000000000
0x00000087772f7320:   0000000000000000 0000000000000000
0x00000087772f7330:   0000000000000080 00000262766a0000
0x00000087772f7340:   00000087772f7530 000002620f8f10e7
0x00000087772f7350:   00000006142686c8 0000000000000000
0x00000087772f7360:   0000000000000000 0000000000000000
0x00000087772f7370:   0000000000000000 0000000000000000
0x00000087772f7380:   0000000000000000 0000000000000000
0x00000087772f7390:   0000000000000000 0000000000000000
0x00000087772f73a0:   0000000000000000 0000000000000000
0x00000087772f73b0:   0000000000000000 0000000000000000
0x00000087772f73c0:   0000000000000000 0000000000000000
0x00000087772f73d0:   0000000000000000 0000000000000000
0x00000087772f73e0:   0000000000000000 0000000000000000
0x00000087772f73f0:   0000000000000000 0000000000000000
0x00000087772f7400:   0000000000000000 0000000000000000
0x00000087772f7410:   0000000000000000 0000000000000000
0x00000087772f7420:   0000000000000000 0000000000000000
0x00000087772f7430:   0000000000000000 0000000000000000
0x00000087772f7440:   0000000000000000 0000000000000000
0x00000087772f7450:   0000000000000000 0000000000000000
0x00000087772f7460:   0000000000000000 0000000000000000
0x00000087772f7470:   0000000000000000 0000000000000000
0x00000087772f7480:   0000000000000000 0000000068b389fe
0x00000087772f7490:   0000000000000000 19e601c482998bc2
0x00000087772f74a0:   19e601c419e601c4 00000000f4cb1f0f
0x00000087772f74b0:   0000000000000000 0000000604ce9620
0x00000087772f74c0:   0000000000000000 000000061426aec8
0x00000087772f74d0:   0000000000000000 0000000000000032
0x00000087772f74e0:   0000000000000000 0000000000000017 

Instructions: (pc=0x0000026208b50c73)
0x0000026208b50b73:   60 1e 60 16 60 2f 31 0f 60 8d 60 22 60 0a 78 ad
0x0000026208b50b83:   11 05 80 0d 58 0e 60 17 31 0a 60 17 31 0e 31 05
0x0000026208b50b93:   31 5e 78 05 40 11 31 27 31 09 00 01 7c 9b fd 05
0x0000026208b50ba3:   28 00 60 0a 31 05 31 03 7c e9 ee a0 36 fa 7f 05
0x0000026208b50bb3:   38 0e 30 01 7c 32 ff 0d 48 0c 31 00 00 44 8b 52
0x0000026208b50bc3:   08 49 bb 00 00 00 7e 62 02 00 00 4d 03 d3 4c 3b
0x0000026208b50bd3:   d0 0f 85 a6 dd de 06 66 0f 1f 44 00 00 89 84 24
0x0000026208b50be3:   00 80 ff ff 55 48 83 ec 50 41 81 7f 20 0b 00 00
0x0000026208b50bf3:   00 74 05 e8 85 51 dd 06 48 be d0 af d4 cd 62 02
0x0000026208b50c03:   00 00 8b be cc 00 00 00 83 c7 02 89 be cc 00 00
0x0000026208b50c13:   00 81 e7 fe 07 00 00 85 ff 0f 84 2d 02 00 00 48
0x0000026208b50c23:   8b f2 48 bf d0 af d4 cd 62 02 00 00 48 83 87 10
0x0000026208b50c33:   01 00 00 01 48 be 48 ce 53 cd 62 02 00 00 8b be
0x0000026208b50c43:   cc 00 00 00 83 c7 02 89 be cc 00 00 00 81 e7 fe
0x0000026208b50c53:   ff 1f 00 85 ff 0f 84 12 02 00 00 48 8b f2 48 bf
0x0000026208b50c63:   48 ce 53 cd 62 02 00 00 48 83 87 10 01 00 00 01
0x0000026208b50c73:   8b 72 0c 48 c1 e6 03 48 85 f6 75 16 48 bb 48 ce
0x0000026208b50c83:   53 cd 62 02 00 00 80 8b 19 01 00 00 01 e9 e7 00
0x0000026208b50c93:   00 00 48 b8 d0 cd 29 7f 62 02 00 00 8b 5e 08 49
0x0000026208b50ca3:   ba 00 00 00 7e 62 02 00 00 49 03 da 48 3b 43 20
0x0000026208b50cb3:   0f 84 1a 00 00 00 48 3b d8 0f 84 11 00 00 00 53
0x0000026208b50cc3:   50 e8 37 37 ec 06 5b 5b 85 db 0f 84 8d 00 00 00
0x0000026208b50cd3:   48 bb 48 ce 53 cd 62 02 00 00 8b 46 08 49 ba 00
0x0000026208b50ce3:   00 00 7e 62 02 00 00 49 03 c2 48 3b 83 30 01 00
0x0000026208b50cf3:   00 75 0d 48 83 83 38 01 00 00 01 e9 79 00 00 00
0x0000026208b50d03:   48 3b 83 40 01 00 00 75 0d 48 83 83 48 01 00 00
0x0000026208b50d13:   01 e9 63 00 00 00 48 83 bb 30 01 00 00 00 75 17
0x0000026208b50d23:   48 89 83 30 01 00 00 48 c7 83 38 01 00 00 01 00
0x0000026208b50d33:   00 00 e9 42 00 00 00 48 83 bb 40 01 00 00 00 75
0x0000026208b50d43:   17 48 89 83 40 01 00 00 48 c7 83 48 01 00 00 01
0x0000026208b50d53:   00 00 00 e9 21 00 00 00 e9 1c 00 00 00 48 bb 48
0x0000026208b50d63:   ce 53 cd 62 02 00 00 48 83 ab 20 01 00 00 01 e9 


Stack slot to memory mapping:

stack at sp + 0 slots: 0x00000087772f7780 is pointing into the stack for thread: 0x00000262cbcf28a0
stack at sp + 1 slots: 0x00007ffb634c2b99 ntdll.dll
stack at sp + 2 slots: 0x0000008700000002 is an unknown value
stack at sp + 3 slots: 0x0 is null
stack at sp + 4 slots: 0x0000020800000064 is an unknown value
stack at sp + 5 slots: 0x0 is null
stack at sp + 6 slots: 0x0 is null
stack at sp + 7 slots: 0x0 is null


Compiled method (c1)   29109 9378       3       jakarta.servlet.http.HttpServletRequestWrapper::getHeader (11 bytes)
 total in heap  [0x0000026208b50a10,0x0000026208b51008] = 1528
 relocation     [0x0000026208b50b68,0x0000026208b50bc0] = 88
 main code      [0x0000026208b50bc0,0x0000026208b50ee0] = 800
 stub code      [0x0000026208b50ee0,0x0000026208b50f28] = 72
 oops           [0x0000026208b50f28,0x0000026208b50f30] = 8
 metadata       [0x0000026208b50f30,0x0000026208b50f48] = 24
 scopes data    [0x0000026208b50f48,0x0000026208b50f80] = 56
 scopes pcs     [0x0000026208b50f80,0x0000026208b50ff0] = 112
 dependencies   [0x0000026208b50ff0,0x0000026208b50ff8] = 8
 nul chk table  [0x0000026208b50ff8,0x0000026208b51008] = 16

[Constant Pool (empty)]

[MachCode]
[Entry Point]
  # {method} {0x00000262cd11e838} 'getHeader' '(Ljava/lang/String;)Ljava/lang/String;' in 'jakarta/servlet/http/HttpServletRequestWrapper'
  # this:     rdx:rdx   = 'jakarta/servlet/http/HttpServletRequestWrapper'
  # parm0:    r8:r8     = 'java/lang/String'
  #           [sp+0x60]  (sp of caller)
  0x0000026208b50bc0: 448b 5208 | 49bb 0000 | 007e 6202 | 0000 4d03 | d34c 3bd0 

  0x0000026208b50bd4: ;   {runtime_call ic_miss_stub}
  0x0000026208b50bd4: 0f85 a6dd | de06 660f | 1f44 0000 
[Verified Entry Point]
  0x0000026208b50be0: 8984 2400 | 80ff ff55 | 4883 ec50 | 4181 7f20 | 0b00 0000 

  0x0000026208b50bf4: ;   {runtime_call StubRoutines (final stubs)}
  0x0000026208b50bf4: 7405 e885 

  0x0000026208b50bf8: ;   {metadata(method data for {method} {0x00000262cd11e838} 'getHeader' '(Ljava/lang/String;)Ljava/lang/String;' in 'jakarta/servlet/http/HttpServletRequestWrapper')}
  0x0000026208b50bf8: 51dd 0648 | bed0 afd4 | cd62 0200 | 008b becc | 0000 0083 | c702 89be | cc00 0000 | 81e7 fe07 
  0x0000026208b50c18: 0000 85ff | 0f84 2d02 | 0000 488b 

  0x0000026208b50c24: ;   {metadata(method data for {method} {0x00000262cd11e838} 'getHeader' '(Ljava/lang/String;)Ljava/lang/String;' in 'jakarta/servlet/http/HttpServletRequestWrapper')}
  0x0000026208b50c24: f248 bfd0 | afd4 cd62 | 0200 0048 | 8387 1001 

  0x0000026208b50c34: ;   {metadata(method data for {method} {0x00000262cd11e558} '_getHttpServletRequest' '()Ljakarta/servlet/http/HttpServletRequest;' in 'jakarta/servlet/http/HttpServletRequestWrapper')}
  0x0000026208b50c34: 0000 0148 | be48 ce53 | cd62 0200 | 008b becc | 0000 0083 | c702 89be | cc00 0000 | 81e7 feff 
  0x0000026208b50c54: 1f00 85ff | 0f84 1202 | 0000 488b 

  0x0000026208b50c60: ;   {metadata(method data for {method} {0x00000262cd11e558} '_getHttpServletRequest' '()Ljakarta/servlet/http/HttpServletRequest;' in 'jakarta/servlet/http/HttpServletRequestWrapper')}
  0x0000026208b50c60: f248 bf48 | ce53 cd62 | 0200 0048 | 8387 1001 | 0000 018b | 720c 48c1 | e603 4885 

  0x0000026208b50c7c: ;   {metadata(method data for {method} {0x00000262cd11e558} '_getHttpServletRequest' '()Ljakarta/servlet/http/HttpServletRequest;' in 'jakarta/servlet/http/HttpServletRequestWrapper')}
  0x0000026208b50c7c: f675 1648 | bb48 ce53 | cd62 0200 | 0080 8b19 | 0100 0001 | e9e7 0000 

  0x0000026208b50c94: ;   {metadata('jakarta/servlet/http/HttpServletRequest')}
  0x0000026208b50c94: 0048 b8d0 | cd29 7f62 | 0200 008b | 5e08 49ba | 0000 007e | 6202 0000 | 4903 da48 | 3b43 200f 
  0x0000026208b50cb4: 841a 0000 | 0048 3bd8 | 0f84 1100 | 0000 5350 

  0x0000026208b50cc4: ;   {runtime_call slow_subtype_check Runtime1 stub}
  0x0000026208b50cc4: e837 37ec | 065b 5b85 | db0f 848d 

  0x0000026208b50cd0: ;   {metadata(method data for {method} {0x00000262cd11e558} '_getHttpServletRequest' '()Ljakarta/servlet/http/HttpServletRequest;' in 'jakarta/servlet/http/HttpServletRequestWrapper')}
  0x0000026208b50cd0: 0000 0048 | bb48 ce53 | cd62 0200 | 008b 4608 | 49ba 0000 | 007e 6202 | 0000 4903 | c248 3b83 
  0x0000026208b50cf0: 3001 0000 | 750d 4883 | 8338 0100 | 0001 e979 | 0000 0048 | 3b83 4001 | 0000 750d | 4883 8348 
  0x0000026208b50d10: 0100 0001 | e963 0000 | 0048 83bb | 3001 0000 | 0075 1748 | 8983 3001 | 0000 48c7 | 8338 0100 
  0x0000026208b50d30: 0001 0000 | 00e9 4200 | 0000 4883 | bb40 0100 | 0000 7517 | 4889 8340 | 0100 0048 | c783 4801 
  0x0000026208b50d50: 0000 0100 | 0000 e921 | 0000 00e9 | 1c00 0000 

  0x0000026208b50d60: ;   {metadata(method data for {method} {0x00000262cd11e558} '_getHttpServletRequest' '()Ljakarta/servlet/http/HttpServletRequest;' in 'jakarta/servlet/http/HttpServletRequestWrapper')}
  0x0000026208b50d60: 48bb 48ce | 53cd 6202 | 0000 4883 | ab20 0100 | 0001 e91a | 0100 00e9 | 0000 0000 

  0x0000026208b50d7c: ; implicit exception: dispatches to 0x0000026208b50e9a
  0x0000026208b50d7c: 483b 0648 

  0x0000026208b50d80: ;   {metadata(method data for {method} {0x00000262cd11e838} 'getHeader' '(Ljava/lang/String;)Ljava/lang/String;' in 'jakarta/servlet/http/HttpServletRequestWrapper')}
  0x0000026208b50d80: 8bfe 48bb | d0af d4cd | 6202 0000 | 8b7f 0849 | ba00 0000 | 7e62 0200 | 0049 03fa | 483b bb58 
  0x0000026208b50da0: 0100 0075 | 0d48 8383 | 6001 0000 | 01e9 6000 | 0000 483b | bb68 0100 | 0075 0d48 | 8383 7001 
  0x0000026208b50dc0: 0000 01e9 | 4a00 0000 | 4883 bb58 | 0100 0000 | 7517 4889 | bb58 0100 | 0048 c783 | 6001 0000 
  0x0000026208b50de0: 0100 0000 | e929 0000 | 0048 83bb | 6801 0000 | 0075 1748 | 89bb 6801 | 0000 48c7 | 8370 0100 
  0x0000026208b50e00: 0001 0000 | 00e9 0800 | 0000 4883 | 8348 0100 | 0001 498b | f84c 8bc7 | 4889 5424 | 3848 8bd6 
  0x0000026208b50e20: 4889 7c24 | 4048 b850 | c7d5 cb62 

  0x0000026208b50e2c: ;   {virtual_call}
  0x0000026208b50e2c: 0200 00e8 

  0x0000026208b50e30: ; ImmutableOopMap {[56]=Oop [64]=Oop }
                      ;*invokeinterface getHeader {reexecute=0 rethrow=0 return_oop=0}
                      ; - jakarta.servlet.http.HttpServletRequestWrapper::getHeader@5 (line 82)
  0x0000026208b50e30: 5c90 f206 

  0x0000026208b50e34: ;   {other}
  0x0000026208b50e34: 0f1f 8400 | 2404 0000 | 4883 c450 

  0x0000026208b50e40: ;   {poll_return}
  0x0000026208b50e40: 5d49 3ba7 | 4804 0000 | 0f87 5100 

  0x0000026208b50e4c: ;   {metadata({method} {0x00000262cd11e838} 'getHeader' '(Ljava/lang/String;)Ljava/lang/String;' in 'jakarta/servlet/http/HttpServletRequestWrapper')}
  0x0000026208b50e4c: 0000 c349 | ba30 e811 | cd62 0200 | 004c 8954 | 2408 48c7 | 0424 ffff 

  0x0000026208b50e64: ;   {runtime_call counter_overflow Runtime1 stub}
  0x0000026208b50e64: ffff e815 

  0x0000026208b50e68: ; ImmutableOopMap {rdx=Oop r8=Oop }
                      ;*synchronization entry
                      ; - jakarta.servlet.http.HttpServletRequestWrapper::getHeader@-1 (line 82)
  0x0000026208b50e68: 72ec 06e9 | b2fd ffff 

  0x0000026208b50e70: ;   {metadata({method} {0x00000262cd11e558} '_getHttpServletRequest' '()Ljakarta/servlet/http/HttpServletRequest;' in 'jakarta/servlet/http/HttpServletRequestWrapper')}
  0x0000026208b50e70: 49ba 50e5 | 11cd 6202 | 0000 4c89 | 5424 0848 | c704 24ff 

  0x0000026208b50e84: ;   {runtime_call counter_overflow Runtime1 stub}
  0x0000026208b50e84: ffff ffe8 

  0x0000026208b50e88: ; ImmutableOopMap {rdx=Oop r8=Oop }
                      ;*synchronization entry
                      ; - jakarta.servlet.http.HttpServletRequestWrapper::_getHttpServletRequest@-1 (line 50)
                      ; - jakarta.servlet.http.HttpServletRequestWrapper::getHeader@1 (line 82)
  0x0000026208b50e88: f471 ec06 | e9cd fdff | ff48 8934 

  0x0000026208b50e94: ;   {runtime_call throw_class_cast_exception Runtime1 stub}
  0x0000026208b50e94: 24e8 862f 

  0x0000026208b50e98: ; ImmutableOopMap {rdx=Oop r8=Oop }
                      ;*checkcast {reexecute=0 rethrow=0 return_oop=0}
                      ; - jakarta.servlet.http.HttpServletRequestWrapper::_getHttpServletRequest@4 (line 50)
                      ; - jakarta.servlet.http.HttpServletRequestWrapper::getHeader@1 (line 82)
                      ;   {runtime_call throw_null_pointer_exception Runtime1 stub}
  0x0000026208b50e98: ec06 e881 

  0x0000026208b50e9c: ; ImmutableOopMap {rdx=Oop r8=Oop rsi=Oop }
                      ;*invokeinterface getHeader {reexecute=0 rethrow=0 return_oop=0}
                      ; - jakarta.servlet.http.HttpServletRequestWrapper::getHeader@5 (line 82)
                      ;   {internal_word}
  0x0000026208b50e9c: 03ec 0649 | ba41 0eb5 | 0862 0200 | 004d 8997 | 6004 0000 

  0x0000026208b50eb0: ;   {runtime_call SafepointBlob}
  0x0000026208b50eb0: e9cb 5cdf | 0649 8b87 | f804 0000 | 49c7 87f8 | 0400 0000 | 0000 0049 | c787 0005 | 0000 0000 
  0x0000026208b50ed0: 0000 4883 

  0x0000026208b50ed4: ;   {runtime_call unwind_exception Runtime1 stub}
  0x0000026208b50ed4: c450 5de9 | 24f4 eb06 | f4f4 f4f4 
[Stub Code]
  0x0000026208b50ee0: ;   {no_reloc}
  0x0000026208b50ee0: 0f1f 4400 

  0x0000026208b50ee4: ;   {static_stub}
  0x0000026208b50ee4: 0048 bb00 | 0000 0000 

  0x0000026208b50eec: ;   {runtime_call}
  0x0000026208b50eec: 0000 00e9 | fbff ffff 
[Exception Handler]
  0x0000026208b50ef4: ;   {runtime_call handle_exception_from_callee Runtime1 stub}
  0x0000026208b50ef4: e807 29ec 

  0x0000026208b50ef8: ;   {external_word}
  0x0000026208b50ef8: 0648 b9a0 | 36e9 eefa | 7f00 0048 

  0x0000026208b50f04: ;   {runtime_call}
  0x0000026208b50f04: 83e4 f048 | b850 24b1 | eefa 7f00 | 00ff d0f4 
[Deopt Handler Code]
  0x0000026208b50f14: ;   {section_word}
  0x0000026208b50f14: 49ba 140f | b508 6202 | 0000 4152 

  0x0000026208b50f20: ;   {runtime_call DeoptimizationBlob}
  0x0000026208b50f20: e9fb 70df | 06f4 f4f4 
[/MachCode]


---------------  P R O C E S S  ---------------

Threads class SMR info:
_java_thread_list=0x00000262c8efef80, length=30, elements={
0x000002627b4decb0, 0x000002627b4e0420, 0x000002627b4e6850, 0x00000262bf0823c0,
0x00000262bf085790, 0x00000262bf08e410, 0x00000262bf092950, 0x000002627b4e81c0,
0x00000262bf1f7ad0, 0x00000262bf220d00, 0x00000262c6bc0150, 0x00000262c7026200,
0x00000262c7026860, 0x00000262c5a53490, 0x00000262c4ef3980, 0x00000262cbcf0e60,
0x00000262cbcf2210, 0x00000262cbcf07d0, 0x00000262cbcee700, 0x00000262cbceed90,
0x00000262cbcf28a0, 0x00000262cbcef420, 0x00000262cbcf2f30, 0x00000262cbcefab0,
0x00000262cbcf35c0, 0x00000262cbcf0140, 0x00000262cbcf5000, 0x00000262cbcf3c50,
0x00000262cbcf5690, 0x00000262cbcf42e0
}

Java Threads: ( => current thread )
  0x000002627b4decb0 JavaThread "Reference Handler"          daemon [_thread_blocked, id=11192, stack(0x0000008775000000,0x0000008775100000) (1024K)]
  0x000002627b4e0420 JavaThread "Finalizer"                  daemon [_thread_blocked, id=15592, stack(0x0000008775100000,0x0000008775200000) (1024K)]
  0x000002627b4e6850 JavaThread "Signal Dispatcher"          daemon [_thread_blocked, id=6808, stack(0x0000008775200000,0x0000008775300000) (1024K)]
  0x00000262bf0823c0 JavaThread "Attach Listener"            daemon [_thread_blocked, id=16492, stack(0x0000008775300000,0x0000008775400000) (1024K)]
  0x00000262bf085790 JavaThread "Service Thread"             daemon [_thread_blocked, id=16504, stack(0x0000008775400000,0x0000008775500000) (1024K)]
  0x00000262bf08e410 JavaThread "Monitor Deflation Thread"   daemon [_thread_blocked, id=20296, stack(0x0000008775500000,0x0000008775600000) (1024K)]
  0x00000262bf092950 JavaThread "C2 CompilerThread0"         daemon [_thread_blocked, id=24036, stack(0x0000008775600000,0x0000008775700000) (1024K)]
  0x000002627b4e81c0 JavaThread "C1 CompilerThread0"         daemon [_thread_blocked, id=5584, stack(0x0000008775700000,0x0000008775800000) (1024K)]
  0x00000262bf1f7ad0 JavaThread "Notification Thread"        daemon [_thread_blocked, id=14256, stack(0x0000008775800000,0x0000008775900000) (1024K)]
  0x00000262bf220d00 JavaThread "Common-Cleaner"             daemon [_thread_blocked, id=16680, stack(0x0000008775900000,0x0000008775a00000) (1024K)]
  0x00000262c6bc0150 JavaThread "Catalina-utility-1"                [_thread_blocked, id=10100, stack(0x0000008776500000,0x0000008776600000) (1024K)]
  0x00000262c7026200 JavaThread "Catalina-utility-2"                [_thread_blocked, id=20720, stack(0x0000008776700000,0x0000008776800000) (1024K)]
  0x00000262c7026860 JavaThread "container-0"                       [_thread_blocked, id=7288, stack(0x0000008776800000,0x0000008776900000) (1024K)]
  0x00000262c5a53490 JavaThread "mysql-cj-abandoned-connection-cleanup" daemon [_thread_blocked, id=2864, stack(0x0000008776900000,0x0000008776a00000) (1024K)]
  0x00000262c4ef3980 JavaThread "HikariPool-1 housekeeper"   daemon [_thread_blocked, id=18556, stack(0x0000008776b00000,0x0000008776c00000) (1024K)]
  0x00000262cbcf0e60 JavaThread "File Watcher"               daemon [_thread_blocked, id=24184, stack(0x0000008776d00000,0x0000008776e00000) (1024K)]
  0x00000262cbcf2210 JavaThread "Live Reload Server"         daemon [_thread_in_native, id=17896, stack(0x0000008776f00000,0x0000008777000000) (1024K)]
  0x00000262cbcf07d0 JavaThread "http-nio-8080-exec-1"       daemon [_thread_blocked, id=6128, stack(0x0000008776e00000,0x0000008776f00000) (1024K)]
  0x00000262cbcee700 JavaThread "http-nio-8080-exec-2"       daemon [_thread_blocked, id=25408, stack(0x0000008777000000,0x0000008777100000) (1024K)]
  0x00000262cbceed90 JavaThread "http-nio-8080-exec-3"       daemon [_thread_blocked, id=25208, stack(0x0000008777100000,0x0000008777200000) (1024K)]
=>0x00000262cbcf28a0 JavaThread "http-nio-8080-exec-4"       daemon [_thread_in_Java, id=13360, stack(0x0000008777200000,0x0000008777300000) (1024K)]
  0x00000262cbcef420 JavaThread "http-nio-8080-exec-5"       daemon [_thread_blocked, id=12284, stack(0x0000008777300000,0x0000008777400000) (1024K)]
  0x00000262cbcf2f30 JavaThread "http-nio-8080-exec-6"       daemon [_thread_blocked, id=14460, stack(0x0000008777400000,0x0000008777500000) (1024K)]
  0x00000262cbcefab0 JavaThread "http-nio-8080-exec-7"       daemon [_thread_blocked, id=13044, stack(0x0000008777500000,0x0000008777600000) (1024K)]
  0x00000262cbcf35c0 JavaThread "http-nio-8080-exec-8"       daemon [_thread_blocked, id=6172, stack(0x0000008777600000,0x0000008777700000) (1024K)]
  0x00000262cbcf0140 JavaThread "http-nio-8080-exec-9"       daemon [_thread_blocked, id=11292, stack(0x0000008777700000,0x0000008777800000) (1024K)]
  0x00000262cbcf5000 JavaThread "http-nio-8080-exec-10"      daemon [_thread_blocked, id=11716, stack(0x0000008777800000,0x0000008777900000) (1024K)]
  0x00000262cbcf3c50 JavaThread "http-nio-8080-Poller"       daemon [_thread_in_native, id=23116, stack(0x0000008777900000,0x0000008777a00000) (1024K)]
  0x00000262cbcf5690 JavaThread "http-nio-8080-Acceptor"     daemon [_thread_in_native, id=25552, stack(0x0000008777a00000,0x0000008777b00000) (1024K)]
  0x00000262cbcf42e0 JavaThread "DestroyJavaVM"                     [_thread_blocked, id=20016, stack(0x0000008774800000,0x0000008774900000) (1024K)]
Total: 30

Other Threads:
  0x000002627b4c3b80 VMThread "VM Thread"                           [id=13300, stack(0x0000008774f00000,0x0000008775000000) (1024K)]
  0x000002627b4a79b0 WatcherThread "VM Periodic Task Thread"        [id=19128, stack(0x0000008774e00000,0x0000008774f00000) (1024K)]
  0x000002627b340800 WorkerThread "GC Thread#0"                     [id=10632, stack(0x0000008774900000,0x0000008774a00000) (1024K)]
  0x00000262c4375830 WorkerThread "GC Thread#1"                     [id=18376, stack(0x0000008775c00000,0x0000008775d00000) (1024K)]
  0x00000262bf975ed0 WorkerThread "GC Thread#2"                     [id=22048, stack(0x0000008775d00000,0x0000008775e00000) (1024K)]
  0x00000262bf976270 WorkerThread "GC Thread#3"                     [id=15920, stack(0x0000008775e00000,0x0000008775f00000) (1024K)]
  0x00000262c42a0280 WorkerThread "GC Thread#4"                     [id=12948, stack(0x0000008775f00000,0x0000008776000000) (1024K)]
  0x00000262c42a09c0 WorkerThread "GC Thread#5"                     [id=18872, stack(0x0000008776000000,0x0000008776100000) (1024K)]
  0x00000262c42a0d60 WorkerThread "GC Thread#6"                     [id=8932, stack(0x0000008776100000,0x0000008776200000) (1024K)]
  0x00000262c429f400 WorkerThread "GC Thread#7"                     [id=1924, stack(0x0000008776200000,0x0000008776300000) (1024K)]
  0x000002627b3512e0 ConcurrentGCThread "G1 Main Marker"            [id=25504, stack(0x0000008774a00000,0x0000008774b00000) (1024K)]
  0x000002627b351a90 WorkerThread "G1 Conc#0"                       [id=23928, stack(0x0000008774b00000,0x0000008774c00000) (1024K)]
  0x00000262c4fcc6f0 WorkerThread "G1 Conc#1"                       [id=2296, stack(0x0000008776600000,0x0000008776700000) (1024K)]
  0x000002627b3f7de0 ConcurrentGCThread "G1 Refine#0"               [id=6692, stack(0x0000008774c00000,0x0000008774d00000) (1024K)]
  0x000002627b3f9610 ConcurrentGCThread "G1 Service"                [id=4836, stack(0x0000008774d00000,0x0000008774e00000) (1024K)]
Total: 15

Threads with active compile tasks:
Total: 0

VM state: not at safepoint (normal execution)

VM Mutex/Monitor currently owned by a thread: None

OutOfMemory and StackOverflow Exception counts:
StackOverflowErrors=2
LinkageErrors=153

Heap address: 0x0000000604800000, size: 8120 MB, Compressed Oops mode: Zero based, Oop shift amount: 3

CDS archive(s) mapped at: [0x000002627e000000-0x000002627ec90000-0x000002627ec90000), size 13172736, SharedBaseAddress: 0x000002627e000000, ArchiveRelocationMode: 1.
Compressed class space mapped at: 0x000002627f000000-0x00000262bf000000, reserved size: 1073741824
Narrow klass base: 0x000002627e000000, Narrow klass shift: 0, Narrow klass range: 0x100000000

GC Precious Log:
 CardTable entry size: 512
 Card Set container configuration: InlinePtr #cards 4 size 8 Array Of Cards #cards 32 size 80 Howl #buckets 8 coarsen threshold 7372 Howl Bitmap #cards 1024 size 144 coarsen threshold 921 Card regions per heap region 1 cards per card region 8192
 CPUs: 8 total, 8 available
 Memory: 32466M
 Large Page Support: Disabled
 NUMA Support: Disabled
 Compressed Oops: Enabled (Zero based)
 Heap Region Size: 4M
 Heap Min Capacity: 8M
 Heap Initial Capacity: 508M
 Heap Max Capacity: 8120M
 Pre-touch: Disabled
 Parallel Workers: 8
 Concurrent Workers: 2
 Concurrent Refinement Workers: 8
 Periodic GC: Disabled

Heap:
 garbage-first heap   total 323584K, used 213413K [0x0000000604800000, 0x0000000800000000)
  region size 4096K, 23 young (94208K), 5 survivors (20480K)
 Metaspace       used 93419K, committed 94208K, reserved 1179648K
  class space    used 12114K, committed 12480K, reserved 1048576K

Heap Regions: E=young(eden), S=young(survivor), O=old, HS=humongous(starts), HC=humongous(continues), CS=collection set, F=free, TAMS=top-at-mark-start, PB=parsable bottom
|   0|0x0000000604800000, 0x0000000604c00000, 0x0000000604c00000|100%| O|  |TAMS 0x0000000604800000| PB 0x0000000604800000| Untracked 
|   1|0x0000000604c00000, 0x0000000605000000, 0x0000000605000000|100%| O|  |TAMS 0x0000000604c00000| PB 0x0000000604c00000| Untracked 
|   2|0x0000000605000000, 0x0000000605400000, 0x0000000605400000|100%| O|  |TAMS 0x0000000605000000| PB 0x0000000605000000| Untracked 
|   3|0x0000000605400000, 0x0000000605800000, 0x0000000605800000|100%| O|  |TAMS 0x0000000605400000| PB 0x0000000605400000| Untracked 
|   4|0x0000000605800000, 0x0000000605c00000, 0x0000000605c00000|100%| O|  |TAMS 0x0000000605800000| PB 0x0000000605800000| Untracked 
|   5|0x0000000605c00000, 0x0000000606000000, 0x0000000606000000|100%| O|  |TAMS 0x0000000605c00000| PB 0x0000000605c00000| Untracked 
|   6|0x0000000606000000, 0x0000000606400000, 0x0000000606400000|100%| O|  |TAMS 0x0000000606000000| PB 0x0000000606000000| Untracked 
|   7|0x0000000606400000, 0x0000000606800000, 0x0000000606800000|100%| O|  |TAMS 0x0000000606400000| PB 0x0000000606400000| Untracked 
|   8|0x0000000606800000, 0x0000000606c00000, 0x0000000606c00000|100%| O|  |TAMS 0x0000000606800000| PB 0x0000000606800000| Untracked 
|   9|0x0000000606c00000, 0x0000000607000000, 0x0000000607000000|100%| O|  |TAMS 0x0000000606c00000| PB 0x0000000606c00000| Untracked 
|  10|0x0000000607000000, 0x0000000607400000, 0x0000000607400000|100%| O|  |TAMS 0x0000000607000000| PB 0x0000000607000000| Untracked 
|  11|0x0000000607400000, 0x0000000607800000, 0x0000000607800000|100%| O|  |TAMS 0x0000000607400000| PB 0x0000000607400000| Untracked 
|  12|0x0000000607800000, 0x0000000607c00000, 0x0000000607c00000|100%| O|  |TAMS 0x0000000607800000| PB 0x0000000607800000| Untracked 
|  13|0x0000000607c00000, 0x0000000608000000, 0x0000000608000000|100%| O|  |TAMS 0x0000000607c00000| PB 0x0000000607c00000| Untracked 
|  14|0x0000000608000000, 0x0000000608400000, 0x0000000608400000|100%| O|  |TAMS 0x0000000608000000| PB 0x0000000608000000| Untracked 
|  15|0x0000000608400000, 0x0000000608800000, 0x0000000608800000|100%| O|  |TAMS 0x0000000608400000| PB 0x0000000608400000| Untracked 
|  16|0x0000000608800000, 0x0000000608c00000, 0x0000000608c00000|100%| O|  |TAMS 0x0000000608800000| PB 0x0000000608800000| Untracked 
|  17|0x0000000608c00000, 0x0000000609000000, 0x0000000609000000|100%| O|  |TAMS 0x0000000608c00000| PB 0x0000000608c00000| Untracked 
|  18|0x0000000609000000, 0x0000000609400000, 0x0000000609400000|100%| O|  |TAMS 0x0000000609000000| PB 0x0000000609000000| Untracked 
|  19|0x0000000609400000, 0x0000000609800000, 0x0000000609800000|100%| O|  |TAMS 0x0000000609400000| PB 0x0000000609400000| Untracked 
|  20|0x0000000609800000, 0x0000000609c00000, 0x0000000609c00000|100%| O|  |TAMS 0x0000000609800000| PB 0x0000000609800000| Untracked 
|  21|0x0000000609c00000, 0x000000060a000000, 0x000000060a000000|100%| O|  |TAMS 0x0000000609c00000| PB 0x0000000609c00000| Untracked 
|  22|0x000000060a000000, 0x000000060a400000, 0x000000060a400000|100%| O|  |TAMS 0x000000060a000000| PB 0x000000060a000000| Untracked 
|  23|0x000000060a400000, 0x000000060a800000, 0x000000060a800000|100%| O|  |TAMS 0x000000060a400000| PB 0x000000060a400000| Untracked 
|  24|0x000000060a800000, 0x000000060ac00000, 0x000000060ac00000|100%| O|  |TAMS 0x000000060a800000| PB 0x000000060a800000| Untracked 
|  25|0x000000060ac00000, 0x000000060b000000, 0x000000060b000000|100%| O|  |TAMS 0x000000060ac00000| PB 0x000000060ac00000| Untracked 
|  26|0x000000060b000000, 0x000000060b400000, 0x000000060b400000|100%| O|  |TAMS 0x000000060b000000| PB 0x000000060b000000| Untracked 
|  27|0x000000060b400000, 0x000000060b800000, 0x000000060b800000|100%| O|  |TAMS 0x000000060b400000| PB 0x000000060b400000| Untracked 
|  28|0x000000060b800000, 0x000000060bc00000, 0x000000060bc00000|100%| O|  |TAMS 0x000000060b800000| PB 0x000000060b800000| Untracked 
|  29|0x000000060bc00000, 0x000000060c000000, 0x000000060c000000|100%| O|  |TAMS 0x000000060bc00000| PB 0x000000060bc00000| Untracked 
|  30|0x000000060c000000, 0x000000060c400000, 0x000000060c400000|100%| O|  |TAMS 0x000000060c000000| PB 0x000000060c000000| Untracked 
|  31|0x000000060c400000, 0x000000060c5b8a18, 0x000000060c800000| 43%| O|  |TAMS 0x000000060c400000| PB 0x000000060c400000| Untracked 
|  32|0x000000060c800000, 0x000000060c800000, 0x000000060cc00000|  0%| F|  |TAMS 0x000000060c800000| PB 0x000000060c800000| Untracked 
|  33|0x000000060cc00000, 0x000000060cc00000, 0x000000060d000000|  0%| F|  |TAMS 0x000000060cc00000| PB 0x000000060cc00000| Untracked 
|  34|0x000000060d000000, 0x000000060d000000, 0x000000060d400000|  0%| F|  |TAMS 0x000000060d000000| PB 0x000000060d000000| Untracked 
|  35|0x000000060d400000, 0x000000060d400000, 0x000000060d800000|  0%| F|  |TAMS 0x000000060d400000| PB 0x000000060d400000| Untracked 
|  36|0x000000060d800000, 0x000000060d800000, 0x000000060dc00000|  0%| F|  |TAMS 0x000000060d800000| PB 0x000000060d800000| Untracked 
|  37|0x000000060dc00000, 0x000000060deb0ac8, 0x000000060e000000| 67%| S|CS|TAMS 0x000000060dc00000| PB 0x000000060dc00000| Complete 
|  38|0x000000060e000000, 0x000000060e400000, 0x000000060e400000|100%| S|CS|TAMS 0x000000060e000000| PB 0x000000060e000000| Complete 
|  39|0x000000060e400000, 0x000000060e800000, 0x000000060e800000|100%| S|CS|TAMS 0x000000060e400000| PB 0x000000060e400000| Complete 
|  40|0x000000060e800000, 0x000000060e800000, 0x000000060ec00000|  0%| F|  |TAMS 0x000000060e800000| PB 0x000000060e800000| Untracked 
|  41|0x000000060ec00000, 0x000000060ec00000, 0x000000060f000000|  0%| F|  |TAMS 0x000000060ec00000| PB 0x000000060ec00000| Untracked 
|  42|0x000000060f000000, 0x000000060f400000, 0x000000060f400000|100%| S|CS|TAMS 0x000000060f000000| PB 0x000000060f000000| Complete 
|  43|0x000000060f400000, 0x000000060f800000, 0x000000060f800000|100%| S|CS|TAMS 0x000000060f400000| PB 0x000000060f400000| Complete 
|  44|0x000000060f800000, 0x000000060f800000, 0x000000060fc00000|  0%| F|  |TAMS 0x000000060f800000| PB 0x000000060f800000| Untracked 
|  45|0x000000060fc00000, 0x000000060fc00000, 0x0000000610000000|  0%| F|  |TAMS 0x000000060fc00000| PB 0x000000060fc00000| Untracked 
|  46|0x0000000610000000, 0x0000000610000000, 0x0000000610400000|  0%| F|  |TAMS 0x0000000610000000| PB 0x0000000610000000| Untracked 
|  47|0x0000000610400000, 0x0000000610400000, 0x0000000610800000|  0%| F|  |TAMS 0x0000000610400000| PB 0x0000000610400000| Untracked 
|  48|0x0000000610800000, 0x0000000610800000, 0x0000000610c00000|  0%| F|  |TAMS 0x0000000610800000| PB 0x0000000610800000| Untracked 
|  49|0x0000000610c00000, 0x0000000610c00000, 0x0000000611000000|  0%| F|  |TAMS 0x0000000610c00000| PB 0x0000000610c00000| Untracked 
|  50|0x0000000611000000, 0x0000000611000000, 0x0000000611400000|  0%| F|  |TAMS 0x0000000611000000| PB 0x0000000611000000| Untracked 
|  51|0x0000000611400000, 0x0000000611400000, 0x0000000611800000|  0%| F|  |TAMS 0x0000000611400000| PB 0x0000000611400000| Untracked 
|  52|0x0000000611800000, 0x0000000611800000, 0x0000000611c00000|  0%| F|  |TAMS 0x0000000611800000| PB 0x0000000611800000| Untracked 
|  53|0x0000000611c00000, 0x0000000611c00000, 0x0000000612000000|  0%| F|  |TAMS 0x0000000611c00000| PB 0x0000000611c00000| Untracked 
|  54|0x0000000612000000, 0x0000000612000000, 0x0000000612400000|  0%| F|  |TAMS 0x0000000612000000| PB 0x0000000612000000| Untracked 
|  55|0x0000000612400000, 0x0000000612400000, 0x0000000612800000|  0%| F|  |TAMS 0x0000000612400000| PB 0x0000000612400000| Untracked 
|  56|0x0000000612800000, 0x0000000612800000, 0x0000000612c00000|  0%| F|  |TAMS 0x0000000612800000| PB 0x0000000612800000| Untracked 
|  57|0x0000000612c00000, 0x0000000612c00000, 0x0000000613000000|  0%| F|  |TAMS 0x0000000612c00000| PB 0x0000000612c00000| Untracked 
|  58|0x0000000613000000, 0x0000000613000000, 0x0000000613400000|  0%| F|  |TAMS 0x0000000613000000| PB 0x0000000613000000| Untracked 
|  59|0x0000000613400000, 0x0000000613400000, 0x0000000613800000|  0%| F|  |TAMS 0x0000000613400000| PB 0x0000000613400000| Untracked 
|  60|0x0000000613800000, 0x0000000613800000, 0x0000000613c00000|  0%| F|  |TAMS 0x0000000613800000| PB 0x0000000613800000| Untracked 
|  61|0x0000000613c00000, 0x0000000613c56998, 0x0000000614000000|  8%| E|  |TAMS 0x0000000613c00000| PB 0x0000000613c00000| Complete 
|  62|0x0000000614000000, 0x0000000614400000, 0x0000000614400000|100%| E|CS|TAMS 0x0000000614000000| PB 0x0000000614000000| Complete 
|  63|0x0000000614400000, 0x0000000614800000, 0x0000000614800000|100%| E|CS|TAMS 0x0000000614400000| PB 0x0000000614400000| Complete 
|  64|0x0000000614800000, 0x0000000614c00000, 0x0000000614c00000|100%| E|CS|TAMS 0x0000000614800000| PB 0x0000000614800000| Complete 
|  65|0x0000000614c00000, 0x0000000615000000, 0x0000000615000000|100%| E|CS|TAMS 0x0000000614c00000| PB 0x0000000614c00000| Complete 
|  66|0x0000000615000000, 0x0000000615400000, 0x0000000615400000|100%| E|CS|TAMS 0x0000000615000000| PB 0x0000000615000000| Complete 
|  67|0x0000000615400000, 0x0000000615800000, 0x0000000615800000|100%| E|CS|TAMS 0x0000000615400000| PB 0x0000000615400000| Complete 
|  68|0x0000000615800000, 0x0000000615c00000, 0x0000000615c00000|100%| E|CS|TAMS 0x0000000615800000| PB 0x0000000615800000| Complete 
|  69|0x0000000615c00000, 0x0000000616000000, 0x0000000616000000|100%| E|CS|TAMS 0x0000000615c00000| PB 0x0000000615c00000| Complete 
|  70|0x0000000616000000, 0x0000000616400000, 0x0000000616400000|100%| E|  |TAMS 0x0000000616000000| PB 0x0000000616000000| Complete 
|  71|0x0000000616400000, 0x0000000616800000, 0x0000000616800000|100%| E|CS|TAMS 0x0000000616400000| PB 0x0000000616400000| Complete 
|  72|0x0000000616800000, 0x0000000616c00000, 0x0000000616c00000|100%| E|CS|TAMS 0x0000000616800000| PB 0x0000000616800000| Complete 
|  73|0x0000000616c00000, 0x0000000617000000, 0x0000000617000000|100%| E|CS|TAMS 0x0000000616c00000| PB 0x0000000616c00000| Complete 
|  74|0x0000000617000000, 0x0000000617400000, 0x0000000617400000|100%| E|CS|TAMS 0x0000000617000000| PB 0x0000000617000000| Complete 
|  75|0x0000000617400000, 0x0000000617800000, 0x0000000617800000|100%| E|CS|TAMS 0x0000000617400000| PB 0x0000000617400000| Complete 
|  76|0x0000000617800000, 0x0000000617c00000, 0x0000000617c00000|100%| E|CS|TAMS 0x0000000617800000| PB 0x0000000617800000| Complete 
| 125|0x0000000623c00000, 0x0000000624000000, 0x0000000624000000|100%| E|CS|TAMS 0x0000000623c00000| PB 0x0000000623c00000| Complete 
| 126|0x0000000624000000, 0x0000000624400000, 0x0000000624400000|100%| E|CS|TAMS 0x0000000624000000| PB 0x0000000624000000| Complete 

Card table byte_map: [0x000002627a320000,0x000002627b300000] _byte_map_base: 0x00000262772fc000

Marking Bits: (CMBitMap*) 0x000002627900b870
 Bits: [0x00000262173c0000, 0x000002621f2a0000)

Polling page: 0x0000026276960000

Metaspace:

Usage:
  Non-class:     79.40 MB used.
      Class:     11.83 MB used.
       Both:     91.23 MB used.

Virtual space:
  Non-class space:      128.00 MB reserved,      79.81 MB ( 62%) committed,  2 nodes.
      Class space:        1.00 GB reserved,      12.19 MB (  1%) committed,  1 nodes.
             Both:        1.12 GB reserved,      92.00 MB (  8%) committed. 

Chunk freelists:
   Non-Class:  15.73 MB
       Class:  3.75 MB
        Both:  19.48 MB

MaxMetaspaceSize: unlimited
CompressedClassSpaceSize: 1.00 GB
Initial GC threshold: 21.00 MB
Current GC threshold: 152.75 MB
CDS: on
 - commit_granule_bytes: 65536.
 - commit_granule_words: 8192.
 - virtual_space_node_default_size: 8388608.
 - enlarge_chunks_in_place: 1.
 - use_allocation_guard: 0.


Internal statistics:

num_allocs_failed_limit: 17.
num_arena_births: 1052.
num_arena_deaths: 0.
num_vsnodes_births: 3.
num_vsnodes_deaths: 0.
num_space_committed: 1472.
num_space_uncommitted: 0.
num_chunks_returned_to_freelist: 17.
num_chunks_taken_from_freelist: 4283.
num_chunk_merges: 17.
num_chunk_splits: 3139.
num_chunks_enlarged: 2469.
num_inconsistent_stats: 0.

CodeHeap 'non-profiled nmethods': size=120000Kb used=5866Kb max_used=6597Kb free=114133Kb
 bounds [0x000002620fe90000, 0x0000026210510000, 0x00000262173c0000]
CodeHeap 'profiled nmethods': size=120000Kb used=15743Kb max_used=16638Kb free=104256Kb
 bounds [0x00000262083c0000, 0x0000026209400000, 0x000002620f8f0000]
CodeHeap 'non-nmethods': size=5760Kb used=2038Kb max_used=2072Kb free=3721Kb
 bounds [0x000002620f8f0000, 0x000002620fb60000, 0x000002620fe90000]
 total_blobs=8585 nmethods=7783 adapters=704
 compilation: enabled
              stopped_count=0, restarted_count=0
 full_count=0

Compilation events (20 events):
Event: 28.851 Thread 0x000002627b4e81c0 9445       3       org.springframework.web.filter.GenericFilterBean::getFilterName (24 bytes)
Event: 28.851 Thread 0x000002627b4e81c0 nmethod 9445 0x00000262089d6f90 code [0x00000262089d7140, 0x00000262089d7398]
Event: 28.851 Thread 0x000002627b4e81c0 9444       3       org.springframework.security.core.context.SecurityContextHolder::getContextHolderStrategy (4 bytes)
Event: 28.851 Thread 0x000002627b4e81c0 nmethod 9444 0x0000026208743d10 code [0x0000026208743ea0, 0x0000026208743fa0]
Event: 28.857 Thread 0x000002627b4e81c0 9446       3       org.springframework.web.servlet.HandlerInterceptor::postHandle (1 bytes)
Event: 28.857 Thread 0x000002627b4e81c0 nmethod 9446 0x0000026208bc6490 code [0x0000026208bc6620, 0x0000026208bc6728]
Event: 28.857 Thread 0x000002627b4e81c0 9447       3       org.springframework.util.LinkedCaseInsensitiveMap::convertKey (9 bytes)
Event: 28.858 Thread 0x000002627b4e81c0 nmethod 9447 0x00000262089d6810 code [0x00000262089d69e0, 0x00000262089d6d40]
Event: 28.858 Thread 0x000002627b4e81c0 9448       3       org.springframework.web.accept.ContentNegotiationManager::doResolveExtensions (142 bytes)
Event: 28.859 Thread 0x000002627b4e81c0 nmethod 9448 0x0000026208be2910 code [0x0000026208be2be0, 0x0000026208be3d08]
Event: 28.859 Thread 0x000002627b4e81c0 9449       3       org.springframework.web.accept.ContentNegotiationManager::resolveFileExtensions (11 bytes)
Event: 28.859 Thread 0x00000262bf092950 9452       4       jakarta.servlet.http.HttpServletRequestWrapper::getRequestURI (10 bytes)
Event: 28.860 Thread 0x000002627b4e81c0 nmethod 9449 0x0000026208ce8690 code [0x0000026208ce88a0, 0x0000026208ce8e98]
Event: 28.860 Thread 0x000002627b4e81c0 9453       3       org.springframework.util.AntPathMatcher::doMatch (650 bytes)
Event: 28.862 Thread 0x00000262bf092950 nmethod 9452 0x0000026210279890 code [0x0000026210279a20, 0x0000026210279b48]
Event: 28.867 Thread 0x000002627b4e81c0 nmethod 9453 0x0000026208a8e190 code [0x0000026208a8e740, 0x0000026208a913b0]
Event: 28.867 Thread 0x000002627b4e81c0 9450       3       org.springframework.web.accept.ContentNegotiationManager$$Lambda/0x000002627fb3b8c0::<init> (10 bytes)
Event: 28.867 Thread 0x000002627b4e81c0 nmethod 9450 0x0000026208be2510 code [0x0000026208be26a0, 0x0000026208be2860]
Event: 28.867 Thread 0x000002627b4e81c0 9451       3       org.apache.catalina.session.StandardSession::getSession (51 bytes)
Event: 28.868 Thread 0x000002627b4e81c0 nmethod 9451 0x0000026208ce8010 code [0x0000026208ce81c0, 0x0000026208ce8568]

GC Heap History (20 events):
Event: 7.984 GC heap before
{Heap before GC invocations=16 (full 0):
 garbage-first heap   total 122880K, used 98873K [0x0000000604800000, 0x0000000800000000)
  region size 4096K, 16 young (65536K), 1 survivors (4096K)
 Metaspace       used 78077K, committed 78784K, reserved 1179648K
  class space    used 10631K, committed 10944K, reserved 1048576K
}
Event: 7.987 GC heap after
{Heap after GC invocations=17 (full 0):
 garbage-first heap   total 122880K, used 38448K [0x0000000604800000, 0x0000000800000000)
  region size 4096K, 2 young (8192K), 2 survivors (8192K)
 Metaspace       used 78077K, committed 78784K, reserved 1179648K
  class space    used 10631K, committed 10944K, reserved 1048576K
}
Event: 10.463 GC heap before
{Heap before GC invocations=17 (full 0):
 garbage-first heap   total 122880K, used 95792K [0x0000000604800000, 0x0000000800000000)
  region size 4096K, 17 young (69632K), 2 survivors (8192K)
 Metaspace       used 88432K, committed 89216K, reserved 1179648K
  class space    used 11616K, committed 11968K, reserved 1048576K
}
Event: 10.471 GC heap after
{Heap after GC invocations=18 (full 0):
 garbage-first heap   total 122880K, used 42546K [0x0000000604800000, 0x0000000800000000)
  region size 4096K, 3 young (12288K), 3 survivors (12288K)
 Metaspace       used 88432K, committed 89216K, reserved 1179648K
  class space    used 11616K, committed 11968K, reserved 1048576K
}
Event: 15.746 GC heap before
{Heap before GC invocations=18 (full 0):
 garbage-first heap   total 122880K, used 91698K [0x0000000604800000, 0x0000000800000000)
  region size 4096K, 16 young (65536K), 3 survivors (12288K)
 Metaspace       used 93013K, committed 93696K, reserved 1179648K
  class space    used 12103K, committed 12416K, reserved 1048576K
}
Event: 15.759 GC heap after
{Heap after GC invocations=19 (full 0):
 garbage-first heap   total 122880K, used 46982K [0x0000000604800000, 0x0000000800000000)
  region size 4096K, 2 young (8192K), 2 survivors (8192K)
 Metaspace       used 93013K, committed 93696K, reserved 1179648K
  class space    used 12103K, committed 12416K, reserved 1048576K
}
Event: 16.054 GC heap before
{Heap before GC invocations=20 (full 0):
 garbage-first heap   total 122880K, used 96134K [0x0000000604800000, 0x0000000800000000)
  region size 4096K, 15 young (61440K), 2 survivors (8192K)
 Metaspace       used 93091K, committed 93824K, reserved 1179648K
  class space    used 12103K, committed 12416K, reserved 1048576K
}
Event: 16.062 GC heap after
{Heap after GC invocations=21 (full 0):
 garbage-first heap   total 122880K, used 52868K [0x0000000604800000, 0x0000000800000000)
  region size 4096K, 2 young (8192K), 2 survivors (8192K)
 Metaspace       used 93091K, committed 93824K, reserved 1179648K
  class space    used 12103K, committed 12416K, reserved 1048576K
}
Event: 16.262 GC heap before
{Heap before GC invocations=21 (full 0):
 garbage-first heap   total 122880K, used 102020K [0x0000000604800000, 0x0000000800000000)
  region size 4096K, 14 young (57344K), 2 survivors (8192K)
 Metaspace       used 93148K, committed 93888K, reserved 1179648K
  class space    used 12103K, committed 12416K, reserved 1048576K
}
Event: 16.275 GC heap after
{Heap after GC invocations=22 (full 0):
 garbage-first heap   total 122880K, used 58994K [0x0000000604800000, 0x0000000800000000)
  region size 4096K, 2 young (8192K), 2 survivors (8192K)
 Metaspace       used 93148K, committed 93888K, reserved 1179648K
  class space    used 12103K, committed 12416K, reserved 1048576K
}
Event: 16.437 GC heap before
{Heap before GC invocations=22 (full 0):
 garbage-first heap   total 122880K, used 99954K [0x0000000604800000, 0x0000000800000000)
  region size 4096K, 13 young (53248K), 2 survivors (8192K)
 Metaspace       used 93150K, committed 93888K, reserved 1179648K
  class space    used 12103K, committed 12416K, reserved 1048576K
}
Event: 16.444 GC heap after
{Heap after GC invocations=23 (full 0):
 garbage-first heap   total 323584K, used 65173K [0x0000000604800000, 0x0000000800000000)
  region size 4096K, 2 young (8192K), 2 survivors (8192K)
 Metaspace       used 93150K, committed 93888K, reserved 1179648K
  class space    used 12103K, committed 12416K, reserved 1048576K
}
Event: 17.208 GC heap before
{Heap before GC invocations=24 (full 0):
 garbage-first heap   total 323584K, used 249493K [0x0000000604800000, 0x0000000800000000)
  region size 4096K, 47 young (192512K), 2 survivors (8192K)
 Metaspace       used 93153K, committed 93888K, reserved 1179648K
  class space    used 12103K, committed 12416K, reserved 1048576K
}
Event: 17.229 GC heap after
{Heap after GC invocations=25 (full 0):
 garbage-first heap   total 323584K, used 93548K [0x0000000604800000, 0x0000000800000000)
  region size 4096K, 6 young (24576K), 6 survivors (24576K)
 Metaspace       used 93153K, committed 93888K, reserved 1179648K
  class space    used 12103K, committed 12416K, reserved 1048576K
}
Event: 20.205 GC heap before
{Heap before GC invocations=25 (full 0):
 garbage-first heap   total 323584K, used 249196K [0x0000000604800000, 0x0000000800000000)
  region size 4096K, 45 young (184320K), 6 survivors (24576K)
 Metaspace       used 93185K, committed 93952K, reserved 1179648K
  class space    used 12113K, committed 12416K, reserved 1048576K
}
Event: 20.214 GC heap after
{Heap after GC invocations=26 (full 0):
 garbage-first heap   total 323584K, used 104898K [0x0000000604800000, 0x0000000800000000)
  region size 4096K, 5 young (20480K), 5 survivors (20480K)
 Metaspace       used 93185K, committed 93952K, reserved 1179648K
  class space    used 12113K, committed 12416K, reserved 1048576K
}
Event: 20.588 GC heap before
{Heap before GC invocations=26 (full 0):
 garbage-first heap   total 323584K, used 256450K [0x0000000604800000, 0x0000000800000000)
  region size 4096K, 42 young (172032K), 5 survivors (20480K)
 Metaspace       used 93185K, committed 93952K, reserved 1179648K
  class space    used 12113K, committed 12416K, reserved 1048576K
}
Event: 20.596 GC heap after
{Heap after GC invocations=27 (full 0):
 garbage-first heap   total 323584K, used 125266K [0x0000000604800000, 0x0000000800000000)
  region size 4096K, 5 young (20480K), 5 survivors (20480K)
 Metaspace       used 93185K, committed 93952K, reserved 1179648K
  class space    used 12113K, committed 12416K, reserved 1048576K
}
Event: 20.910 GC heap before
{Heap before GC invocations=27 (full 0):
 garbage-first heap   total 323584K, used 268626K [0x0000000604800000, 0x0000000800000000)
  region size 4096K, 40 young (163840K), 5 survivors (20480K)
 Metaspace       used 93185K, committed 93952K, reserved 1179648K
  class space    used 12113K, committed 12416K, reserved 1048576K
}
Event: 20.918 GC heap after
{Heap after GC invocations=28 (full 0):
 garbage-first heap   total 323584K, used 147877K [0x0000000604800000, 0x0000000800000000)
  region size 4096K, 5 young (20480K), 5 survivors (20480K)
 Metaspace       used 93185K, committed 93952K, reserved 1179648K
  class space    used 12113K, committed 12416K, reserved 1048576K
}

Dll operation events (11 events):
Event: 0.012 Loaded shared library C:\Program Files\Java\jdk-21\bin\java.dll
Event: 0.048 Loaded shared library C:\Program Files\Java\jdk-21\bin\jsvml.dll
Event: 0.115 Loaded shared library C:\Program Files\Java\jdk-21\bin\jimage.dll
Event: 0.121 Loaded shared library C:\Program Files\Java\jdk-21\bin\net.dll
Event: 0.123 Loaded shared library C:\Program Files\Java\jdk-21\bin\nio.dll
Event: 0.126 Loaded shared library C:\Program Files\Java\jdk-21\bin\zip.dll
Event: 0.528 Loaded shared library C:\Program Files\Java\jdk-21\bin\management.dll
Event: 0.532 Loaded shared library C:\Program Files\Java\jdk-21\bin\management_ext.dll
Event: 1.861 Loaded shared library C:\Program Files\Java\jdk-21\bin\sunmscapi.dll
Event: 4.182 Loaded shared library C:\Program Files\Java\jdk-21\bin\verify.dll
Event: 4.523 Loaded shared library C:\Program Files\Java\jdk-21\bin\extnet.dll

Deoptimization events (20 events):
Event: 20.392 Thread 0x00000262cbcf5000 DEOPT PACKING pc=0x000002620894585c sp=0x00000087778917a0
Event: 20.392 Thread 0x00000262cbcf5000 DEOPT UNPACKING pc=0x000002620f9488e2 sp=0x0000008777890cb0 mode 0
Event: 20.438 Thread 0x00000262cbcf5000 DEOPT PACKING pc=0x000002620894585c sp=0x0000008777886260
Event: 20.438 Thread 0x00000262cbcf5000 DEOPT UNPACKING pc=0x000002620f9488e2 sp=0x0000008777885770 mode 0
Event: 20.482 Thread 0x00000262cbcf5000 DEOPT PACKING pc=0x000002620894585c sp=0x000000877787ad20
Event: 20.482 Thread 0x00000262cbcf5000 DEOPT UNPACKING pc=0x000002620f9488e2 sp=0x000000877787a230 mode 0
Event: 20.527 Thread 0x00000262cbcf5000 DEOPT PACKING pc=0x000002620894585c sp=0x000000877786f7e0
Event: 20.527 Thread 0x00000262cbcf5000 DEOPT UNPACKING pc=0x000002620f9488e2 sp=0x000000877786ecf0 mode 0
Event: 20.630 Thread 0x00000262cbcf5000 Uncommon trap: trap_request=0xffffff45 fr.pc=0x000002620ff46090 relative=0x00000000000000f0
Event: 20.630 Thread 0x00000262cbcf5000 Uncommon trap: reason=unstable_if action=reinterpret pc=0x000002620ff46090 method=org.apache.catalina.webresources.CachedResource.validateResource(Z)Z @ 105 c2
Event: 20.630 Thread 0x00000262cbcf5000 DEOPT PACKING pc=0x000002620ff46090 sp=0x000000877785a2e0
Event: 20.630 Thread 0x00000262cbcf5000 DEOPT UNPACKING pc=0x000002620f947da2 sp=0x000000877785a288 mode 2
Event: 26.139 Thread 0x00000262cbcf0140 Uncommon trap: trap_request=0xffffff45 fr.pc=0x000002621046f8bc relative=0x00000000000002dc
Event: 26.139 Thread 0x00000262cbcf0140 Uncommon trap: reason=unstable_if action=reinterpret pc=0x000002621046f8bc method=org.apache.tomcat.util.buf.MessageBytes.equalsIgnoreCase(Ljava/lang/String;)Z @ 4 c2
Event: 26.139 Thread 0x00000262cbcf0140 DEOPT PACKING pc=0x000002621046f8bc sp=0x00000087777feb10
Event: 26.139 Thread 0x00000262cbcf0140 DEOPT UNPACKING pc=0x000002620f947da2 sp=0x00000087777feb00 mode 2
Event: 26.140 Thread 0x00000262cbcf0140 Uncommon trap: trap_request=0xffffff45 fr.pc=0x0000026210475780 relative=0x00000000000001c0
Event: 26.140 Thread 0x00000262cbcf0140 Uncommon trap: reason=unstable_if action=reinterpret pc=0x0000026210475780 method=org.apache.tomcat.util.buf.MessageBytes.toStringType()Ljava/lang/String; @ 4 c2
Event: 26.140 Thread 0x00000262cbcf0140 DEOPT PACKING pc=0x0000026210475780 sp=0x00000087777fd6f0
Event: 26.140 Thread 0x00000262cbcf0140 DEOPT UNPACKING pc=0x000002620f947da2 sp=0x00000087777fd6b8 mode 2

Classes loaded (20 events):
Event: 10.428 Loading class java/util/stream/Nodes$IntArrayNode done
Event: 10.428 Loading class java/util/stream/Nodes$IntFixedNodeBuilder done
Event: 10.563 Loading class java/util/Hashtable$ValueCollection
Event: 10.563 Loading class java/util/Hashtable$ValueCollection done
Event: 10.582 Loading class java/io/WriteAbortedException
Event: 10.582 Loading class java/io/WriteAbortedException done
Event: 10.582 Loading class sun/security/provider/SecureRandom
Event: 10.582 Loading class sun/security/provider/SecureRandom done
Event: 10.583 Loading class sun/security/provider/SecureRandom$SeederHolder
Event: 10.583 Loading class sun/security/provider/SecureRandom$SeederHolder done
Event: 10.612 Loading class java/util/concurrent/locks/ReentrantReadWriteLock$Sync$HoldCounter
Event: 10.612 Loading class java/util/concurrent/locks/ReentrantReadWriteLock$Sync$HoldCounter done
Event: 10.629 Loading class java/time/format/DateTimeFormatterBuilder$ZoneTextPrinterParser
Event: 10.629 Loading class java/time/format/DateTimeFormatterBuilder$ZoneTextPrinterParser done
Event: 10.629 Loading class java/time/format/DateTimeFormatterBuilder$ReducedPrinterParser
Event: 10.629 Loading class java/time/format/DateTimeFormatterBuilder$ReducedPrinterParser done
Event: 17.090 Loading class jdk/internal/access/JavaAWTAccess
Event: 17.090 Loading class jdk/internal/access/JavaAWTAccess done
Event: 21.037 Loading class com/sun/org/apache/xerces/internal/xni/XNIException
Event: 21.037 Loading class com/sun/org/apache/xerces/internal/xni/XNIException done

Classes unloaded (0 events):
No events

Classes redefined (0 events):
No events

Internal exceptions (20 events):
Event: 7.937 Thread 0x00000262bfa3c8f0 Implicit null exception at 0x00000262100727e8 to 0x0000026210072a48
Event: 7.960 Thread 0x00000262bfa3c8f0 Exception <a 'java/lang/NoSuchMethodError'{0x00000006082cc0a8}: 'java.lang.Object java.lang.invoke.DirectMethodHandle$Holder.invokeInterface(java.lang.Object, java.lang.Object, java.lang.Object, java.lang.Object)'> (0x00000006082cc0a8) 
thrown [s\open\src\hotspot\share\interpreter\linkResolver.cpp, line 773]
Event: 8.010 Thread 0x00000262bfa3c8f0 Exception <a 'java/lang/NoSuchMethodError'{0x00000006240f0d90}: 'void java.lang.invoke.DirectMethodHandle$Holder.invokeVirtual(java.lang.Object, java.lang.Object, long)'> (0x00000006240f0d90) 
thrown [s\open\src\hotspot\share\interpreter\linkResolver.cpp, line 773]
Event: 8.056 Thread 0x00000262bfa3c8f0 Exception <a 'java/lang/NoSuchMethodError'{0x00000006243b3278}: 'int java.lang.invoke.DirectMethodHandle$Holder.invokeStaticInit(java.lang.Object, java.lang.Object, java.lang.Object, java.lang.Object)'> (0x00000006243b3278) 
thrown [s\open\src\hotspot\share\interpreter\linkResolver.cpp, line 773]
Event: 8.095 Thread 0x00000262bfa3c8f0 Exception <a 'java/lang/IncompatibleClassChangeError'{0x0000000623da35d0}: Found class java.lang.Object, but interface was expected> (0x0000000623da35d0) 
thrown [s\open\src\hotspot\share\interpreter\linkResolver.cpp, line 840]
Event: 8.121 Thread 0x00000262bfa3c8f0 Exception <a 'java/lang/NoSuchMethodError'{0x0000000623ec5778}: 'java.lang.Object java.lang.invoke.Invokers$Holder.invoke_MT(java.lang.Object, java.lang.Object, java.lang.Object, java.lang.Object, java.lang.Object, java.lang.Object, java.lang.Object, java.lang.Object, java.lang.Object, java.lang.Object, java.lang.Object)'> (0x0000000623ec5778) 
thrown [s\open\src\hotspot\share\interpreter\linkResolver.cpp, line 773]
Event: 8.241 Thread 0x00000262bfa3c8f0 Exception <a 'java/lang/NoSuchMethodError'{0x000000060b721618}: 'java.lang.Object java.lang.invoke.DirectMethodHandle$Holder.newInvokeSpecial(java.lang.Object, java.lang.Object, int, java.lang.Object, java.lang.Object)'> (0x000000060b721618) 
thrown [s\open\src\hotspot\share\interpreter\linkResolver.cpp, line 773]
Event: 9.725 Thread 0x00000262cbcf07d0 Exception <a 'java/lang/NoSuchMethodError'{0x000000060a906800}: 'java.lang.Object java.lang.invoke.DirectMethodHandle$Holder.invokeSpecial(java.lang.Object, java.lang.Object, java.lang.Object, java.lang.Object, java.lang.Object, long)'> (0x000000060a906800) 
thrown [s\open\src\hotspot\share\interpreter\linkResolver.cpp, line 773]
Event: 9.726 Thread 0x00000262cbcf07d0 Exception <a 'java/lang/NoSuchMethodError'{0x000000060a909fd0}: 'java.lang.Object java.lang.invoke.Invokers$Holder.linkToTargetMethod(java.lang.Object, java.lang.Object, java.lang.Object, long, java.lang.Object)'> (0x000000060a909fd0) 
thrown [s\open\src\hotspot\share\interpreter\linkResolver.cpp, line 773]
Event: 9.763 Thread 0x00000262cbcf07d0 Exception <a 'java/lang/NoSuchMethodError'{0x000000060aa26978}: getSession> (0x000000060aa26978) 
thrown [s\open\src\hotspot\share\prims\jni.cpp, line 1077]
Event: 9.856 Thread 0x00000262cbcf07d0 Exception <a 'java/lang/NoSuchMethodError'{0x000000060a4f3bc0}: 'java.lang.Object java.lang.invoke.DirectMethodHandle$Holder.invokeStatic(java.lang.Object, int, int)'> (0x000000060a4f3bc0) 
thrown [s\open\src\hotspot\share\interpreter\linkResolver.cpp, line 773]
Event: 9.947 Thread 0x00000262cbcf07d0 Implicit null exception at 0x0000026210276a23 to 0x0000026210276e18
Event: 15.085 Thread 0x00000262cbceed90 Exception <a 'java/lang/NoSuchMethodError'{0x000000060a2bdfb8}: 'void java.lang.invoke.DirectMethodHandle$Holder.invokeSpecialIFC(java.lang.Object, java.lang.Object, int, java.lang.Object, java.lang.Object, java.lang.Object, java.lang.Object)'> (0x000000060a2bdfb8) 
thrown [s\open\src\hotspot\share\interpreter\linkResolver.cpp, line 773]
Event: 15.590 Thread 0x00000262cbcefab0 Exception <a 'java/lang/IncompatibleClassChangeError'{0x0000000609f62090}: Found class java.lang.Object, but interface was expected> (0x0000000609f62090) 
thrown [s\open\src\hotspot\share\interpreter\linkResolver.cpp, line 840]
Event: 15.596 Thread 0x00000262cbcefab0 Exception <a 'java/lang/IncompatibleClassChangeError'{0x0000000609f735b0}: Found class java.lang.Object, but interface was expected> (0x0000000609f735b0) 
thrown [s\open\src\hotspot\share\interpreter\linkResolver.cpp, line 840]
Event: 17.366 Thread 0x00000262cbcefab0 StackOverflowError at 0x000002621016f3e0
Event: 17.366 Thread 0x00000262cbcefab0 Exception <a 'java/lang/StackOverflowError'{0x0000000614a4bdb0}> (0x0000000614a4bdb0) 
thrown [s\open\src\hotspot\share\runtime\sharedRuntime.cpp, line 625]
Event: 21.036 Thread 0x00000262cbcf5000 StackOverflowError at 0x000002620fff2e80
Event: 21.036 Thread 0x00000262cbcf5000 Exception <a 'java/lang/StackOverflowError'{0x0000000614d02dc8}> (0x0000000614d02dc8) 
thrown [s\open\src\hotspot\share\runtime\sharedRuntime.cpp, line 625]
Event: 28.869 Thread 0x00000262cbcf28a0 Implicit null exception at 0x0000026208b50c73 to 0x0000000000000000

ZGC Phase Switch (0 events):
No events

VM Operations (20 events):
Event: 28.853 Executing VM operation: get/set locals
Event: 28.853 Executing VM operation: get/set locals done
Event: 28.853 Executing VM operation: get/set locals
Event: 28.853 Executing VM operation: get/set locals done
Event: 28.854 Executing VM operation: get/set locals
Event: 28.854 Executing VM operation: get/set locals done
Event: 28.854 Executing VM operation: get/set locals
Event: 28.854 Executing VM operation: get/set locals done
Event: 28.855 Executing VM operation: get/set locals
Event: 28.855 Executing VM operation: get/set locals done
Event: 28.855 Executing VM operation: get/set locals
Event: 28.855 Executing VM operation: get/set locals done
Event: 28.856 Executing VM operation: get/set locals
Event: 28.856 Executing VM operation: get/set locals done
Event: 28.856 Executing VM operation: get/set locals
Event: 28.856 Executing VM operation: get/set locals done
Event: 28.869 Executing VM operation: get/set locals
Event: 28.869 Executing VM operation: get/set locals done
Event: 28.869 Executing VM operation: get/set locals
Event: 28.869 Executing VM operation: get/set locals done

Events (20 events):
Event: 16.550 Thread 0x000002627b4c3b80 flushing nmethod 0x000002620901c790
Event: 16.550 Thread 0x000002627b4c3b80 flushing nmethod 0x000002620901d210
Event: 16.550 Thread 0x000002627b4c3b80 flushing nmethod 0x0000026209021190
Event: 16.550 Thread 0x000002627b4c3b80 flushing nmethod 0x0000026209021b10
Event: 16.550 Thread 0x000002627b4c3b80 flushing nmethod 0x0000026209025110
Event: 16.550 Thread 0x000002627b4c3b80 flushing nmethod 0x000002620902be90
Event: 16.550 Thread 0x000002627b4c3b80 flushing nmethod 0x000002620902c410
Event: 16.550 Thread 0x000002627b4c3b80 flushing nmethod 0x000002620902cd90
Event: 16.550 Thread 0x000002627b4c3b80 flushing nmethod 0x000002620903af10
Event: 16.550 Thread 0x000002627b4c3b80 flushing nmethod 0x0000026209040090
Event: 16.550 Thread 0x000002627b4c3b80 flushing nmethod 0x0000026209040510
Event: 16.550 Thread 0x000002627b4c3b80 flushing nmethod 0x0000026209040a90
Event: 16.550 Thread 0x000002627b4c3b80 flushing nmethod 0x0000026209043610
Event: 16.550 Thread 0x000002627b4c3b80 flushing nmethod 0x0000026209076e10
Event: 17.248 Thread 0x00000262c96d5b70 Thread exited: 0x00000262c96d5b70
Event: 19.435 Thread 0x00000262c96d4dd0 Thread exited: 0x00000262c96d4dd0
Event: 20.292 Thread 0x00000262c96d54a0 Thread added: 0x00000262c96d54a0
Event: 21.661 Thread 0x00000262c96d54a0 Thread exited: 0x00000262c96d54a0
Event: 26.178 Thread 0x00000262c96d54a0 Thread added: 0x00000262c96d54a0
Event: 28.322 Thread 0x00000262c96d54a0 Thread exited: 0x00000262c96d54a0


Dynamic libraries:
0x00007ff601050000 - 0x00007ff601060000 	C:\Program Files\Java\jdk-21\bin\javaw.exe
0x0000026276d00000 - 0x0000026276f60000 	C:\WINDOWS\SYSTEM32\ntd1l.dll
0x0000026276800000 - 0x00000262768c7000 	C:\WINDOWS\System32\kern3l32.dll
0x00007ffb63480000 - 0x00007ffb636e0000 	C:\WINDOWS\SYSTEM32\ntdll.dll
0x00007ffb61a70000 - 0x00007ffb61b37000 	C:\WINDOWS\System32\KERNEL32.DLL
0x00007ffb60aa0000 - 0x00007ffb60e6b000 	C:\WINDOWS\System32\KERNELBASE.dll
0x00007ffb60130000 - 0x00007ffb60546000 	C:\Program Files\SentinelOne\Sentinel Agent 24.1.4.257\InProcessClient64.dll
0x00007ffb63380000 - 0x00007ffb63433000 	C:\WINDOWS\System32\ADVAPI32.dll
0x00007ffb628f0000 - 0x00007ffb62999000 	C:\WINDOWS\System32\msvcrt.dll
0x00007ffb62580000 - 0x00007ffb62626000 	C:\WINDOWS\System32\sechost.dll
0x00007ffb61b50000 - 0x00007ffb61c66000 	C:\WINDOWS\System32\RPCRT4.dll
0x00007ffb60660000 - 0x00007ffb607ab000 	C:\WINDOWS\System32\ucrtbase.dll
0x00007ffb576c0000 - 0x00007ffb576db000 	C:\Program Files\Java\jdk-21\bin\VCRUNTIME140.dll
0x00007ffb55d70000 - 0x00007ffb55d89000 	C:\Program Files\Java\jdk-21\bin\jli.dll
0x00007ffb61790000 - 0x00007ffb6195c000 	C:\WINDOWS\System32\USER32.dll
0x00007ffb40a70000 - 0x00007ffb40d07000 	C:\WINDOWS\WinSxS\amd64_microsoft.windows.common-controls_6595b64144ccf1df_6.0.26100.3624_none_3e086962e3345f24\COMCTL32.dll
0x00007ffb60fc0000 - 0x00007ffb60fe7000 	C:\WINDOWS\System32\win32u.dll
0x00007ffb61300000 - 0x00007ffb6132a000 	C:\WINDOWS\System32\GDI32.dll
0x00007ffb61080000 - 0x00007ffb611b1000 	C:\WINDOWS\System32\gdi32full.dll
0x00007ffb600b0000 - 0x00007ffb600bb000 	C:\WINDOWS\SYSTEM32\VERSION.dll
0x00007ffb60f10000 - 0x00007ffb60fb3000 	C:\WINDOWS\System32\msvcp_win.dll
0x00007ffb600a0000 - 0x00007ffb600ac000 	C:\WINDOWS\SYSTEM32\FLTLIB.DLL
0x00007ffb62630000 - 0x00007ffb6265f000 	C:\WINDOWS\System32\IMM32.DLL
0x00007ffb59070000 - 0x00007ffb5907c000 	C:\Program Files\Java\jdk-21\bin\vcruntime140_1.dll
0x00007ffb38dd0000 - 0x00007ffb38e5e000 	C:\Program Files\Java\jdk-21\bin\msvcp140.dll
0x00007ffaee4f0000 - 0x00007ffaef208000 	C:\Program Files\Java\jdk-21\bin\server\jvm.dll
0x00007ffb63120000 - 0x00007ffb63194000 	C:\WINDOWS\System32\WS2_32.dll
0x00007ffb600c0000 - 0x00007ffb6011e000 	C:\WINDOWS\SYSTEM32\POWRPROF.dll
0x00007ffb4e9e0000 - 0x00007ffb4ea16000 	C:\WINDOWS\SYSTEM32\WINMM.dll
0x00007ffb5fec0000 - 0x00007ffb5fed4000 	C:\WINDOWS\SYSTEM32\UMPDC.dll
0x00007ffb5eff0000 - 0x00007ffb5f00a000 	C:\WINDOWS\SYSTEM32\kernel.appcore.dll
0x00007ffb576b0000 - 0x00007ffb576ba000 	C:\Program Files\Java\jdk-21\bin\jimage.dll
0x00007ffb5d9c0000 - 0x00007ffb5dc01000 	C:\WINDOWS\SYSTEM32\DBGHELP.DLL
0x00007ffb61c70000 - 0x00007ffb61ff3000 	C:\WINDOWS\System32\combase.dll
0x00007ffb62810000 - 0x00007ffb628e6000 	C:\WINDOWS\System32\OLEAUT32.dll
0x00007ffb428a0000 - 0x00007ffb428d9000 	C:\WINDOWS\SYSTEM32\dbgcore.DLL
0x00007ffb60e70000 - 0x00007ffb60f09000 	C:\WINDOWS\System32\bcryptPrimitives.dll
0x00007ffb18920000 - 0x00007ffb189cd000 	C:\Program Files\SentinelOne\Sentinel Agent 24.1.4.257\SentinelJava64.dll
0x00007ffb61490000 - 0x00007ffb614f4000 	C:\WINDOWS\System32\SHLWAPI.dll
0x00007ffb62670000 - 0x00007ffb62806000 	C:\WINDOWS\System32\ole32.dll
0x00007ffb55210000 - 0x00007ffb5522f000 	C:\Program Files\Java\jdk-21\bin\java.dll
0x00007ffb629f0000 - 0x00007ffb63119000 	C:\WINDOWS\System32\SHELL32.dll
0x00007ffb60930000 - 0x00007ffb60a98000 	C:\WINDOWS\System32\wintypes.dll
0x00007ffb5de80000 - 0x00007ffb5e6d2000 	C:\WINDOWS\SYSTEM32\windows.storage.dll
0x00007ffb62490000 - 0x00007ffb6257d000 	C:\WINDOWS\System32\SHCORE.dll
0x00007ffb60570000 - 0x00007ffb6059f000 	C:\WINDOWS\SYSTEM32\profapi.dll
0x00007ffb2c450000 - 0x00007ffb2c527000 	C:\Program Files\Java\jdk-21\bin\jsvml.dll
0x00007ffb55f90000 - 0x00007ffb55fa0000 	C:\Program Files\Java\jdk-21\bin\net.dll
0x00007ffb564f0000 - 0x00007ffb5660d000 	C:\WINDOWS\SYSTEM32\WINHTTP.dll
0x00007ffb5f4f0000 - 0x00007ffb5f55a000 	C:\WINDOWS\system32\mswsock.dll
0x00007ffb54e10000 - 0x00007ffb54e26000 	C:\Program Files\Java\jdk-21\bin\nio.dll
0x00007ffb54d60000 - 0x00007ffb54d78000 	C:\Program Files\Java\jdk-21\bin\zip.dll
0x00007ffb55d60000 - 0x00007ffb55d6a000 	C:\Program Files\Java\jdk-21\bin\management.dll
0x00007ffb54d50000 - 0x00007ffb54d5b000 	C:\Program Files\Java\jdk-21\bin\management_ext.dll
0x0000026278ef0000 - 0x0000026278ef8000 	C:\WINDOWS\System32\PSAPI.DLL
0x00007ffb54d40000 - 0x00007ffb54d4e000 	C:\Program Files\Java\jdk-21\bin\sunmscapi.dll
0x00007ffb607b0000 - 0x00007ffb60927000 	C:\WINDOWS\System32\CRYPT32.dll
0x00007ffb5f9e0000 - 0x00007ffb5fa10000 	C:\WINDOWS\SYSTEM32\ncrypt.dll
0x00007ffb5f990000 - 0x00007ffb5f9cf000 	C:\WINDOWS\SYSTEM32\NTASN1.dll
0x00007ffb5f8a0000 - 0x00007ffb5f8bc000 	C:\WINDOWS\SYSTEM32\CRYPTSP.dll
0x00007ffb5ef50000 - 0x00007ffb5ef8a000 	C:\WINDOWS\system32\rsaenh.dll
0x00007ffb5f590000 - 0x00007ffb5f5bb000 	C:\WINDOWS\SYSTEM32\USERENV.dll
0x00007ffb5fa20000 - 0x00007ffb5fa46000 	C:\WINDOWS\SYSTEM32\bcrypt.dll
0x00007ffb5f720000 - 0x00007ffb5f72c000 	C:\WINDOWS\SYSTEM32\CRYPTBASE.dll
0x00007ffb5ea00000 - 0x00007ffb5ea33000 	C:\WINDOWS\SYSTEM32\IPHLPAPI.DLL
0x00007ffb61a60000 - 0x00007ffb61a6a000 	C:\WINDOWS\System32\NSI.dll
0x00007ffb54c60000 - 0x00007ffb54c70000 	C:\Program Files\Java\jdk-21\bin\verify.dll
0x00007ffb5ea40000 - 0x00007ffb5eb65000 	C:\WINDOWS\SYSTEM32\DNSAPI.dll
0x00007ffb55a40000 - 0x00007ffb55a4b000 	C:\Windows\System32\rasadhlp.dll
0x00007ffb59300000 - 0x00007ffb59385000 	C:\WINDOWS\System32\fwpuclnt.dll
0x00007ffb54c50000 - 0x00007ffb54c59000 	C:\Program Files\Java\jdk-21\bin\extnet.dll
0x00007ffb46de0000 - 0x00007ffb46de8000 	C:\WINDOWS\system32\wshunix.dll

dbghelp: loaded successfully - version: 4.0.5 - missing functions: none
symbol engine: initialized successfully - sym options: 0x614 - pdb path: .;C:\Program Files\Java\jdk-21\bin;C:\WINDOWS\SYSTEM32;C:\Program Files\SentinelOne\Sentinel Agent 24.1.4.257;C:\WINDOWS\WinSxS\amd64_microsoft.windows.common-controls_6595b64144ccf1df_6.0.26100.3624_none_3e086962e3345f24;C:\Program Files\Java\jdk-21\bin\server

VM Arguments:
jvm_args: -Dfile.encoding=UTF-8 -Dstdout.encoding=UTF-8 -Dstderr.encoding=UTF-8 -XX:+ShowCodeDetailsInExceptionMessages -agentpath:C:\Program Files\SentinelOne\Sentinel Agent 24.1.4.257\SentinelJava64.dll=extendedCapabilities 
java_command: com.my.hrms.HrmsApplication
java_class_path (initial): D:\hrms\target\classes;C:\Users\Dhruti Parmar\.m2\repository\org\springframework\boot\spring-boot-starter-web\3.4.4\spring-boot-starter-web-3.4.4.jar;C:\Users\Dhruti Parmar\.m2\repository\org\springframework\boot\spring-boot-starter\3.4.4\spring-boot-starter-3.4.4.jar;C:\Users\Dhruti Parmar\.m2\repository\org\springframework\boot\spring-boot-starter-logging\3.4.4\spring-boot-starter-logging-3.4.4.jar;C:\Users\Dhruti Parmar\.m2\repository\ch\qos\logback\logback-classic\1.5.18\logback-classic-1.5.18.jar;C:\Users\Dhruti Parmar\.m2\repository\ch\qos\logback\logback-core\1.5.18\logback-core-1.5.18.jar;C:\Users\Dhruti Parmar\.m2\repository\org\apache\logging\log4j\log4j-to-slf4j\2.24.3\log4j-to-slf4j-2.24.3.jar;C:\Users\Dhruti Parmar\.m2\repository\org\apache\logging\log4j\log4j-api\2.24.3\log4j-api-2.24.3.jar;C:\Users\Dhruti Parmar\.m2\repository\org\slf4j\jul-to-slf4j\2.0.17\jul-to-slf4j-2.0.17.jar;C:\Users\Dhruti Parmar\.m2\repository\jakarta\annotation\jakarta.annotation-api\2.1.1\jakarta.annotation-api-2.1.1.jar;C:\Users\Dhruti Parmar\.m2\repository\org\yaml\snakeyaml\2.3\snakeyaml-2.3.jar;C:\Users\Dhruti Parmar\.m2\repository\org\springframework\boot\spring-boot-starter-json\3.4.4\spring-boot-starter-json-3.4.4.jar;C:\Users\Dhruti Parmar\.m2\repository\com\fasterxml\jackson\core\jackson-databind\2.18.3\jackson-databind-2.18.3.jar;C:\Users\Dhruti Parmar\.m2\repository\com\fasterxml\jackson\core\jackson-annotations\2.18.3\jackson-annotations-2.18.3.jar;C:\Users\Dhruti Parmar\.m2\repository\com\fasterxml\jackson\core\jackson-core\2.18.3\jackson-core-2.18.3.jar;C:\Users\Dhruti Parmar\.m2\repository\com\fasterxml\jackson\datatype\jackson-datatype-jdk8\2.18.3\jackson-datatype-jdk8-2.18.3.jar;C:\Users\Dhruti Parmar\.m2\repository\com\fasterxml\jackson\datatype\jackson-datatype-jsr310\2.18.3\jackson-datatype-jsr310-2.18.3.jar;C:\Users\Dhruti Parmar\.m2\repository\com\fasterxml\jackson\module\jackson-module-parameter-names\2.18.3\jackson-module-parameter-names-2.18.3.jar;C:\Users\Dhruti Parmar\.m2\repository\org\springframework\boot\spring-boot-starter-tomcat\3.4.4\spring-boot-starter-tomcat-3.4.4.jar;C:\Users\Dhruti Parmar\.m2\repository\org\apache\tomcat\embed\tomcat-embed-websocket\10.1.39\tomcat-embed-websocket-10.1.39.jar;C:\Users\Dhruti Parmar\.m2\repository\org\springframework\spring-web\6.2.5\spring-web-6.2.5.jar;C:\Users\Dhruti Parmar\.m2\repository\io\micrometer\micrometer-observation\1.14.5\micrometer-observation-1.14.5.jar;C:\Users\Dhruti Parmar\.m2\repository\io\micrometer\micrometer-commons\1.14.5\micrometer-commons-1.14.5.jar;C:\Users\Dhruti Parmar\.m2\repository\org\springframework\spring-webmvc\6.2.5\spring-webmvc-6.2.5.jar;C:\Users\Dhruti Parmar\.m2\repository\org\springframework\boot\spring-boot-starter-data-jpa\3.4.4\spring-boot-starter-data-jpa-3.4.4.jar;C:\Users\Dhruti Parmar\.m2\repository\org\springframework\boot\spring-boot-starter-jdbc\3.4.4\spring-boot-starter-jdbc-3.4.4.jar;C:\Users\Dhruti Parmar\.m2\repository\com\zaxxer\HikariCP\5.1.0\HikariCP-5.1.0.jar;C:\Users\Dhruti Parmar\.m2\repository\org\springframework\spring-jdbc\6.2.5\spring-jdbc-6.2.5.jar;C:\Users\Dhruti Parmar\.m2\repository\org\hibernate\orm\hibernate-core\6.6.11.Final\hibernate-core-6.6.11.Final.jar;C:\Users\Dhruti Parmar\.m2\repository\jakarta\persistence\jakarta.persistence-api\3.1.0\jakarta.persistence-api-3.1.0.jar;C:\Users\Dhruti Parmar\.m2\repository\jakarta\transaction\jakarta.transaction-api\2.0.1\jakarta.transaction-api-2.0.1.jar;C:\Users\Dhruti Parmar\.m2\repository\org\jboss\logging\jboss-logging\3.6.1.Final\jboss-logging-3.6.1.Final.jar;C:\Users\Dhruti Parmar\.m2\repository\org\hibernate\common\hibernate-commons-annotations\7.0.3.Final\hibernate-commons-annotations-7.0.3.Final.jar;C:\Users\Dhruti Parmar\.m2\repository\io\smallrye\jandex\3.2.0\jandex-3.2.0.jar;C:\Users\Dhruti Parmar\.m2\repository\com\fasterxml\classmate\1.7.0\classmate-1.7.0.jar;C:\Users\Dhruti Parmar\.m2\repository\net\bytebuddy\byte-buddy\1.15.11\byte-buddy-1.15.11.jar;C:\Users\Dhruti Parmar\.m2\repository\org\glassfish\jaxb\jaxb-runtime\4.0.5\jaxb-runtime-4.0.5.jar;C:\Users\Dhruti Parmar\.m2\repository\org\glassfish\jaxb\jaxb-core\4.0.5\jaxb-core-4.0.5.jar;C:\Users\Dhruti Parmar\.m2\repository\org\eclipse\angus\angus-activation\2.0.2\angus-activation-2.0.2.jar;C:\Users\Dhruti Parmar\.m2\repository\org\glassfish\jaxb\txw2\4.0.5\txw2-4.0.5.jar;C:\Users\Dhruti Parmar\.m2\repository\com\sun\istack\istack-commons-runtime\4.1.2\istack-commons-runtime-4.1.2.jar;C:\Users\Dhruti Parmar\.m2\repository\jakarta\inject\jakarta.inject-api\2.0.1\jakarta.inject-api-2.0.1.jar;C:\Users\Dhruti Parmar\.m2\repository\org\antlr\antlr4-runtime\4.13.0\antlr4-runtime-4.13.0.jar;C:\Users\Dhruti Parmar\.m2\repository\org\springframework\data\spring-data-jpa\3.4.4\spring-data-jpa-3.4.4.jar;C:\Users\Dhruti Parmar\.m2\repository\org\springframework\data\spring-data-commons\3.4.4\spring-data-commons-3.4.4.jar;C:\Users\Dhruti Parmar\.m2\repository\org\springframework\spring-orm\6.2.5\spring-orm-6.2.5.jar;C:\Users\Dhruti Parmar\.m2\repository\org\springframework\spring-tx\6.2.5\spring-tx-6.2.5.jar;C:\Users\Dhruti Parmar\.m2\repository\org\slf4j\slf4j-api\2.0.17\slf4j-api-2.0.17.jar;C:\Users\Dhruti Parmar\.m2\repository\org\springframework\spring-aspects\6.2.5\spring-aspects-6.2.5.jar;C:\Users\Dhruti Parmar\.m2\repository\org\aspectj\aspectjweaver\1.9.23\aspectjweaver-1.9.23.jar;C:\Users\Dhruti Parmar\.m2\repository\org\springframework\boot\spring-boot-starter-validation\3.4.4\spring-boot-starter-validation-3.4.4.jar;C:\Users\Dhruti Parmar\.m2\repository\org\apache\tomcat\embed\tomcat-embed-el\10.1.39\tomcat-embed-el-10.1.39.jar;C:\Users\Dhruti Parmar\.m2\repository\org\hibernate\validator\hibernate-validator\8.0.2.Final\hibernate-validator-8.0.2.Final.jar;C:\Users\Dhruti Parmar\.m2\repository\jakarta\validation\jakarta.validation-api\3.0.2\jakarta.validation-api-3.0.2.jar;C:\Users\Dhruti Parmar\.m2\repository\com\mysql\mysql-connector-j\9.1.0\mysql-connector-j-9.1.0.jar;C:\Users\Dhruti Parmar\.m2\repository\org\apache\tomcat\embed\tomcat-embed-jasper\10.1.39\tomcat-embed-jasper-10.1.39.jar;C:\Users\Dhruti Parmar\.m2\repository\org\apache\tomcat\embed\tomcat-embed-core\10.1.39\tomcat-embed-core-10.1.39.jar;C:\Users\Dhruti Parmar\.m2\repository\org\apache\tomcat\tomcat-annotations-api\10.1.39\tomcat-annotations-api-10.1.39.jar;C:\Users\Dhruti Parmar\.m2\repository\org\eclipse\jdt\ecj\3.33.0\ecj-3.33.0.jar;C:\Users\Dhruti Parmar\.m2\repository\org\springframework\boot\spring-boot-starter-security\3.4.4\spring-boot-starter-security-3.4.4.jar;C:\Users\Dhruti Parmar\.m2\repository\org\springframework\spring-aop\6.2.5\spring-aop-6.2.5.jar;C:\Users\Dhruti Parmar\.m2\repository\org\springframework\security\spring-security-config\6.4.4\spring-security-config-6.4.4.jar;C:\Users\Dhruti Parmar\.m2\repository\org\springframework\security\spring-security-web\6.4.4\spring-security-web-6.4.4.jar;C:\Users\Dhruti Parmar\.m2\repository\org\springframework\security\spring-security-core\6.4.4\spring-security-core-6.4.4.jar;C:\Users\Dhruti Parmar\.m2\repository\org\springframework\security\spring-security-crypto\6.4.4\spring-security-crypto-6.4.4.jar;C:\Users\Dhruti Parmar\.m2\repository\org\springframework\spring-core\6.2.5\spring-core-6.2.5.jar;C:\Users\Dhruti Parmar\.m2\repository\org\springframework\spring-jcl\6.2.5\spring-jcl-6.2.5.jar;C:\Users\Dhruti Parmar\.m2\repository\org\springframework\security\spring-security-taglibs\6.1.5\spring-security-taglibs-6.1.5.jar;C:\Users\Dhruti Parmar\.m2\repository\org\springframework\security\spring-security-acl\6.4.4\spring-security-acl-6.4.4.jar;C:\Users\Dhruti Parmar\.m2\repository\org\springframework\spring-beans\6.2.5\spring-beans-6.2.5.jar;C:\Users\Dhruti Parmar\.m2\repository\org\springframework\spring-context\6.2.5\spring-context-6.2.5.jar;C:\Users\Dhruti Parmar\.m2\repository\org\springframework\spring-expression\6.2.5\spring-expression-6.2.5.jar;C:\Users\Dhruti Parmar\.m2\repository\jakarta\servlet\jsp\jstl\jakarta.servlet.jsp.jstl-api\3.0.0\jakarta.servlet.jsp.jstl-api-3.0.0.jar;C:\Users\Dhruti Parmar\.m2\repository\jakarta\servlet\jakarta.servlet-api\6.0.0\jakarta.servlet-api-6.0.0.jar;C:\Users\Dhruti Parmar\.m2\repository\jakarta\el\jakarta.el-api\5.0.0\jakarta.el-api-5.0.0.jar;C:\Users\Dhruti Parmar\.m2\repository\org\glassfish\web\jakarta.servlet.jsp.jstl\3.0.1\jakarta.servlet.jsp.jstl-3.0.1.jar;C:\Users\Dhruti Parmar\.m2\repository\org\springframework\boot\spring-boot-devtools\3.4.4\spring-boot-devtools-3.4.4.jar;C:\Users\Dhruti Parmar\.m2\repository\org\springframework\boot\spring-boot\3.4.4\spring-boot-3.4.4.jar;C:\Users\Dhruti Parmar\.m2\repository\org\springframework\boot\spring-boot-autoconfigure\3.4.4\spring-boot-autoconfigure-3.4.4.jar;C:\Users\Dhruti Parmar\.m2\repository\org\projectlombok\lombok\1.18.36\lombok-1.18.36.jar;C:\Users\Dhruti Parmar\.m2\repository\jakarta\xml\bind\jakarta.xml.bind-api\4.0.2\jakarta.xml.bind-api-4.0.2.jar;C:\Users\Dhruti Parmar\.m2\repository\jakarta\activation\jakarta.activation-api\2.1.3\jakarta.activation-api-2.1.3.jar
Launcher Type: SUN_STANDARD

[Global flags]
     intx CICompilerCount                          = 4                                         {product} {ergonomic}
     uint ConcGCThreads                            = 2                                         {product} {ergonomic}
     uint G1ConcRefinementThreads                  = 8                                         {product} {ergonomic}
   size_t G1HeapRegionSize                         = 4194304                                   {product} {ergonomic}
    uintx GCDrainStackTargetSize                   = 64                                        {product} {ergonomic}
   size_t InitialHeapSize                          = 532676608                                 {product} {ergonomic}
   size_t MarkStackSize                            = 4194304                                   {product} {ergonomic}
   size_t MaxHeapSize                              = 8514437120                                {product} {ergonomic}
   size_t MaxNewSize                               = 5108662272                                {product} {ergonomic}
   size_t MinHeapDeltaBytes                        = 4194304                                   {product} {ergonomic}
   size_t MinHeapSize                              = 8388608                                   {product} {ergonomic}
    uintx NonNMethodCodeHeapSize                   = 5839372                                {pd product} {ergonomic}
    uintx NonProfiledCodeHeapSize                  = 122909434                              {pd product} {ergonomic}
    uintx ProfiledCodeHeapSize                     = 122909434                              {pd product} {ergonomic}
    uintx ReservedCodeCacheSize                    = 251658240                              {pd product} {ergonomic}
     bool SegmentedCodeCache                       = true                                      {product} {ergonomic}
     bool ShowCodeDetailsInExceptionMessages       = true                                   {manageable} {command line}
   size_t SoftMaxHeapSize                          = 8514437120                             {manageable} {ergonomic}
     bool UseCompressedOops                        = true                           {product lp64_product} {ergonomic}
     bool UseG1GC                                  = true                                      {product} {ergonomic}
     bool UseLargePagesIndividualAllocation        = false                                  {pd product} {ergonomic}

Logging:
Log output configuration:
 #0: stdout all=warning uptime,level,tags foldmultilines=false
 #1: stderr all=off uptime,level,tags foldmultilines=false

Environment Variables:
JAVA_HOME=C:\Program Files\Java\jdk-21
PATH=C:/Users/Dhruti Parmar/.p2/pool/plugins/org.eclipse.justj.openjdk.hotspot.jre.full.win32.x86_64_23.0.1.v20241024-1700/jre/bin/server;C:/Users/Dhruti Parmar/.p2/pool/plugins/org.eclipse.justj.openjdk.hotspot.jre.full.win32.x86_64_23.0.1.v20241024-1700/jre/bin;D:\Apache Maven\apache-maven-3.9.9\bin;D:\Node Js\;C:\ProgramData\chocolatey\bin;C:\Users\Dhruti Parmar\AppData\Local\Microsoft\WindowsApps;D:\Git\cmd;D:\Apache Maven\apache-maven-3.9.9\bin;C:\Program Files\Java\jdk-21\bin;D:\Microsoft VS Code\bin;C:\Users\Dhruti Parmar\AppData\Roaming\npm;C:\Users\Dhruti Parmar\Desktop;
USERNAME=Dhruti Parmar
OS=Windows_NT
PROCESSOR_IDENTIFIER=Intel64 Family 6 Model 140 Stepping 1, GenuineIntel
TMP=C:\Users\DHRUTI~1\AppData\Local\Temp
TEMP=C:\Users\DHRUTI~1\AppData\Local\Temp




Periodic native trim disabled

---------------  S Y S T E M  ---------------

OS:
 Windows 11 , 64 bit Build 26100 (10.0.26100.3624)
OS uptime: 4 days 0:23 hours
Hyper-V role detected

CPU: total 8 (initial active 8) (4 cores per cpu, 2 threads per core) family 6 model 140 stepping 1 microcode 0x86, cx8, cmov, fxsr, ht, mmx, 3dnowpref, sse, sse2, sse3, ssse3, sse4.1, sse4.2, popcnt, lzcnt, tsc, tscinvbit, avx, avx2, aes, erms, clmul, bmi1, bmi2, adx, avx512f, avx512dq, avx512cd, avx512bw, avx512vl, sha, fma, vzeroupper, avx512_vpopcntdq, avx512_vpclmulqdq, avx512_vaes, avx512_vnni, clflush, clflushopt, clwb, avx512_vbmi2, avx512_vbmi, hv, rdtscp, rdpid, fsrm, gfni, avx512_bitalg, f16c, cet_ibt, cet_ss, avx512_ifma
Processor Information for processor 0
  Max Mhz: 2803, Current Mhz: 2803, Mhz Limit: 2803
Processor Information for processor 1
  Max Mhz: 2803, Current Mhz: 2803, Mhz Limit: 2803
Processor Information for processor 2
  Max Mhz: 2803, Current Mhz: 1201, Mhz Limit: 2803
Processor Information for processor 3
  Max Mhz: 2803, Current Mhz: 1201, Mhz Limit: 2803
Processor Information for processor 4
  Max Mhz: 2803, Current Mhz: 2803, Mhz Limit: 2803
Processor Information for processor 5
  Max Mhz: 2803, Current Mhz: 2803, Mhz Limit: 2803
Processor Information for processor 6
  Max Mhz: 2803, Current Mhz: 2803, Mhz Limit: 2803
Processor Information for processor 7
  Max Mhz: 2803, Current Mhz: 2803, Mhz Limit: 2803

Memory: 4k page, system-wide physical 32466M (18375M free)
TotalPageFile size 34514M (AvailPageFile size 18881M)
current process WorkingSet (physical memory assigned to process): 558M, peak: 585M
current process commit charge ("private bytes"): 587M, peak: 671M

vm_info: Java HotSpot(TM) 64-Bit Server VM (21.0.5+9-LTS-239) for windows-amd64 JRE (21.0.5+9-LTS-239), built on 2024-09-30T05:17:38Z by "mach5one" with MS VC++ 17.6 (VS2022)

END.
