#
# A fatal error has been detected by the Java Runtime Environment:
#
#  EXCEPTION_ACCESS_VIOLATION (0xc0000005) at pc=0x000002218754ad46, pid=10960, tid=17200
#
# JRE version: Java(TM) SE Runtime Environment (21.0.5+9) (build 21.0.5+9-LTS-239)
# Java VM: Java HotSpot(TM) 64-Bit Server VM (21.0.5+9-LTS-239, mixed mode, sharing, tiered, compressed oops, compressed class ptrs, g1 gc, windows-amd64)
# Problematic frame:
# j  jakarta.servlet.http.HttpServletRequestWrapper.getIntHeader(Ljava/lang/String;)I+1
#
# No core dump will be written. Minidumps are not enabled by default on client versions of Windows
#
# If you would like to submit a bug report, please visit:
#   https://bugreport.java.com/bugreport/crash.jsp
#

---------------  S U M M A R Y ------------

Command Line: -Dfile.encoding=UTF-8 -Dstdout.encoding=UTF-8 -Dstderr.encoding=UTF-8 -XX:+ShowCodeDetailsInExceptionMessages -agentpath:C:\Program Files\SentinelOne\Sentinel Agent 24.1.4.257\SentinelJava64.dll=extendedCapabilities com.my.hrms.HrmsApplication

Host: 11th Gen Intel(R) Core(TM) i7-1165G7 @ 2.80GHz, 8 cores, 31G,  Windows 11 , 64 bit Build 26100 (10.0.26100.3624)
Time: Thu Apr 10 22:49:43 2025 India Standard Time elapsed time: 1590.510464 seconds (0d 0h 26m 30s)

---------------  T H R E A D  ---------------

Current thread (0x000002224c1c9940):  JavaThread "http-nio-8080-exec-6" daemon [_thread_in_Java, id=17200, stack(0x0000009e09700000,0x0000009e09800000) (1024K)]

Stack: [0x0000009e09700000,0x0000009e09800000],  sp=0x0000009e097f7288,  free space=988k
Native frames: (J=compiled Java code, j=interpreted, Vv=VM code, C=native code)
C  0x000002218754ad46

The last pc belongs to invokevirtual (printed below).

siginfo: EXCEPTION_ACCESS_VIOLATION (0xc0000005), reading address 0xffffffffffffffff


Registers:
RAX=0x0000000000100000, RBX=0x0000022245cb8730, RCX=0x0405060700010203, RDX=0x0000000080100001
RSP=0x0000009e097f7288, RBP=0x0000009e097f72e0, RSI=0x0000009e097f76e0, RDI=0x0000009e097f76e8
R8 =0x0000009e097f76f0, R9 =0x0000000000000001, R10=0x00007ffaef13bb20, R11=0x0000009e097f74d8
R12=0x0000000000000000, R13=0x0000022245cb8c11, R14=0x0000009e097f72f8, R15=0x000002224c1c9940
RIP=0x000002218754ad46, EFLAGS=0x0000000000010206


Register to memory mapping:

RAX=0x0000000000100000 is an unknown value
RBX={method} {0x0000022245cb8738} '_getHttpServletRequest' '()Ljakarta/servlet/http/HttpServletRequest;' in 'jakarta/servlet/http/HttpServletRequestWrapper'
RCX=0x0405060700010203 is an unknown value
RDX=0x0000000080100001 is an unknown value
RSP=0x0000009e097f7288 is pointing into the stack for thread: 0x000002224c1c9940
RBP=0x0000009e097f72e0 is pointing into the stack for thread: 0x000002224c1c9940
RSI=0x0000009e097f76e0 is pointing into the stack for thread: 0x000002224c1c9940
RDI=0x0000009e097f76e8 is pointing into the stack for thread: 0x000002224c1c9940
R8 =0x0000009e097f76f0 is pointing into the stack for thread: 0x000002224c1c9940
R9 =0x0000000000000001 is an unknown value
R10=0x00007ffaef13bb20 jvm.dll
R11=0x0000009e097f74d8 is pointing into the stack for thread: 0x000002224c1c9940
R12=0x0 is null
R13=0x0000022245cb8c11 is pointing into metadata
R14=0x0000009e097f72f8 is pointing into the stack for thread: 0x000002224c1c9940
R15=0x000002224c1c9940 is a thread

Top of Stack: (sp=0x0000009e097f7288)
0x0000009e097f7288:   00000221875389d2 0405060700010203
0x0000009e097f7298:   0000009e097f7298 0000022245cb8c11
0x0000009e097f72a8:   0000000000000003 000002225106df10
0x0000009e097f72b8:   000002225186c4c8 000000060619fe80
0x0000009e097f72c8:   0000022245cb8c40 0000000000000000
0x0000009e097f72d8:   0000009e097f72f0 0000009e097f74d0
0x0000009e097f72e8:   00000221875310e7 000000060861e2f0
0x0000009e097f72f8:   0405060700010203 0000000000000000
0x0000009e097f7308:   0000000000000000 0000000000000000
0x0000009e097f7318:   0000000000000000 0000000000000000
0x0000009e097f7328:   0000000000000000 0000000000000000
0x0000009e097f7338:   0000000000000000 0000000000000000
0x0000009e097f7348:   0000000000000000 0000000000000000
0x0000009e097f7358:   0000000000000000 0000000000000000
0x0000009e097f7368:   00000000c108fa2b 0000000000000000
0x0000009e097f7378:   0000000000000008 0000000000000000
0x0000009e097f7388:   0000000608728b38 0000000000000000
0x0000009e097f7398:   00000000c17f92d6 0000000000000000
0x0000009e097f73a8:   00000000c108fa2b 0000000000000000
0x0000009e097f73b8:   000000060bfc9670 0000000000000000
0x0000009e097f73c8:   000000060847d158 0000000000000000
0x0000009e097f73d8:   0000000000000010 0000000000000000
0x0000009e097f73e8:   0000000000000000 0000000000000000
0x0000009e097f73f8:   00000000c1798f90 0000000000000000
0x0000009e097f7408:   0000000000000006 0000000000000000
0x0000009e097f7418:   97c6818ae5b38806 0000000000000000
0x0000009e097f7428:   c63f79faee3c8d60 c63f79fac63f79fa
0x0000009e097f7438:   00000000ad8c048c 0000000000000000
0x0000009e097f7448:   7a710eda27fd1366 7a710eda7a710eda
0x0000009e097f7458:   082d16f88746d4fe c29da60600604333
0x0000009e097f7468:   1eddb962b98d089b 89863cd0b55b38f0
0x0000009e097f7478:   f6198bbc371afd1e 31abe96b7abc7fac 

Instructions: (pc=0x000002218754ad46)
0x000002218754ac46:   00 81 fb b6 00 00 00 0f 84 b4 00 00 00 bb b6 00
0x000002218754ac56:   00 00 e8 05 00 00 00 e9 99 00 00 00 48 8b d3 48
0x000002218754ac66:   8d 44 24 08 4c 89 6d c0 49 8b cf c5 f8 77 49 89
0x000002218754ac76:   af a8 03 00 00 49 89 87 98 03 00 00 48 83 ec 20
0x000002218754ac86:   40 f6 c4 0f 0f 84 19 00 00 00 48 83 ec 08 48 b8
0x000002218754ac96:   b0 5a 8c ee fa 7f 00 00 ff d0 48 83 c4 08 e9 0c
0x000002218754aca6:   00 00 00 48 b8 b0 5a 8c ee fa 7f 00 00 ff d0 48
0x000002218754acb6:   83 c4 20 49 c7 87 98 03 00 00 00 00 00 00 49 c7
0x000002218754acc6:   87 a8 03 00 00 00 00 00 00 49 c7 87 a0 03 00 00
0x000002218754acd6:   00 00 00 00 c5 f8 77 49 83 7f 08 00 0f 84 05 00
0x000002218754ace6:   00 00 e9 13 62 fe ff 4c 8b 6d c0 4c 8b 75 c8 4e
0x000002218754acf6:   8d 74 f5 00 c3 41 0f b7 55 01 48 8b 4d d0 c1 e2
0x000002218754ad06:   02 48 8b 5c d1 48 8b 54 d1 50 8b ca 81 e1 ff 00
0x000002218754ad16:   00 00 48 8b 4c cc f8 44 8b ea c1 ea 1c 49 ba 20
0x000002218754ad26:   bb 13 ef fa 7f 00 00 49 8b 14 d2 52 41 8b d5 4c
0x000002218754ad36:   8b 6d c0 8b c2 25 00 00 10 00 0f 84 78 01 00 00
0x000002218754ad46:   48 3b 01 48 8b 45 d8 48 85 c0 0f 84 12 00 00 00
0x000002218754ad56:   48 83 40 08 01 48 83 58 08 00 48 83 c0 38 48 89
0x000002218754ad66:   45 d8 48 8b 45 d8 48 85 c0 0f 84 3d 01 00 00 80
0x000002218754ad76:   78 c8 0b 0f 85 33 01 00 00 48 83 c0 08 4c 8b 68
0x000002218754ad86:   f8 41 83 ed 00 41 83 fd 02 0f 8c 12 01 00 00 4c
0x000002218754ad96:   8b 6b 08 45 0f b7 6d 2e 4c 2b 28 41 83 ed 01 4e
0x000002218754ada6:   8b 6c ec 08 4d 85 ed 75 0e f6 40 08 01 75 58 f0
0x000002218754adb6:   48 83 48 08 01 eb 50 45 8b 6d 08 49 ba 00 00 00
0x000002218754adc6:   00 22 02 00 00 4d 03 ea 4d 8b d5 4c 33 68 08 49
0x000002218754add6:   f7 c5 fc ff ff ff 74 2f 41 f6 c5 02 75 29 48 83
0x000002218754ade6:   78 08 00 74 1e 48 83 78 08 01 74 17 4d 8b ea 4c
0x000002218754adf6:   33 68 08 49 f7 c5 fc ff ff ff 74 0b 48 83 48 08
0x000002218754ae06:   02 eb 04 4c 89 68 08 48 83 c0 10 4c 8b 68 e8 41
0x000002218754ae16:   83 ed 02 41 83 fd 02 0f 8c 84 00 00 00 4c 8b 6b
0x000002218754ae26:   08 45 0f b7 6d 2e 4c 2b 28 41 83 ed 01 4e 8b 6c
0x000002218754ae36:   ec 08 4d 85 ed 75 0e f6 40 08 01 75 58 f0 48 83 


Stack slot to memory mapping:

stack at sp + 0 slots: 0x00000221875389d2 is at code_begin+1554 in an Interpreter codelet
return entry points  [0x00000221875383c0, 0x0000022187538f60]  2976 bytes
stack at sp + 1 slots: 0x0405060700010203 is an unknown value
stack at sp + 2 slots: 0x0000009e097f7298 is pointing into the stack for thread: 0x000002224c1c9940
stack at sp + 3 slots: 0x0000022245cb8c11 is pointing into metadata
stack at sp + 4 slots: 0x0000000000000003 is an unknown value
stack at sp + 5 slots: 0x000002225106df10 is pointing into metadata
stack at sp + 6 slots: 0x000002225186c4c8 is pointing into metadata
stack at sp + 7 slots: 0x000000060619fe80 is an oop: java.lang.Class 
{0x000000060619fe80} - klass: 'java/lang/Class'
 - ---- fields (total size 14 words):
 - private volatile transient 'classRedefinedCount' 'I' @12  0 (0x00000000)
 - injected 'klass' 'J' @16  2345079008160 (0x000002220199eba0)
 - injected 'array_klass' 'J' @24  0 (0x0000000000000000)
 - injected 'oop_size' 'I' @32  14 (0x0000000e)
 - injected 'static_oop_field_count' 'I' @36  0 (0x00000000)
 - private volatile transient 'cachedConstructor' 'Ljava/lang/reflect/Constructor;' @40  null (0x00000000)
 - private transient 'name' 'Ljava/lang/String;' @44  "jakarta.servlet.http.HttpServletRequestWrapper"{0x00000006061a1938} (0xc0c34327)
 - private transient 'module' 'Ljava/lang/Module;' @48  a 'java/lang/Module'{0x0000000604b9e3a8} (0xc0973c75)
 - private final 'classLoader' 'Ljava/lang/ClassLoader;' @52  a 'jdk/internal/loader/ClassLoaders$AppClassLoader'{0x0000000604b64910} (0xc096c922)
 - private transient 'classData' 'Ljava/lang/Object;' @56  null (0x00000000)
 - private transient 'packageName' 'Ljava/lang/String;' @60  "jakarta.servlet.http"{0x000000060502c078} (0xc0a0580f)
 - private final 'componentType' 'Ljava/lang/Class;' @64  null (0x00000000)
 - private volatile transient 'reflectionData' 'Ljava/lang/ref/SoftReference;' @68  null (0x00000000)
 - private volatile transient 'genericInfo' 'Lsun/reflect/generics/repository/ClassRepository;' @72  null (0x00000000)
 - private volatile transient 'enumConstants' '[Ljava/lang/Object;' @76  null (0x00000000)
 - private volatile transient 'enumConstantDirectory' 'Ljava/util/Map;' @80  null (0x00000000)
 - private volatile transient 'annotationData' 'Ljava/lang/Class$AnnotationData;' @84  null (0x00000000)
 - private volatile transient 'annotationType' 'Lsun/reflect/annotation/AnnotationType;' @88  null (0x00000000)
 - transient 'classValueMap' 'Ljava/lang/ClassValue$ClassValueMap;' @92  null (0x00000000)
 - injected 'protection_domain' 'Ljava/lang/Object;' @96  a 'java/security/ProtectionDomain'{0x00000006049952c0} (0xc0932a58)
 - injected 'signers_name' 'Ljava/lang/Object;' @100  null (0x00000000)
 - injected 'source_file' 'Ljava/lang/Object;' @104  null (0x00000000)
 - signature: Ljakarta/servlet/http/HttpServletRequestWrapper;
 - ---- static fields (0):

invokevirtual  182 invokevirtual  [0x000002218754ac00, 0x000002218754b0d0]  1232 bytes
[MachCode]
  0x000002218754ac00: 4883 ec08 | c5fa 1104 | 24eb 1f48 | 83ec 10c5 | fb11 0424 | eb14 4883 | ec10 4889 | 0424 48c7 
  0x000002218754ac20: 4424 0800 | 0000 00eb | 0150 4c89 | 6dc0 410f | b755 0148 | 8b4d d0c1 | e202 8b5c | d138 c1eb 
  0x000002218754ac40: 1881 e3ff | 0000 0081 | fbb6 0000 | 000f 84b4 | 0000 00bb | b600 0000 | e805 0000 | 00e9 9900 
  0x000002218754ac60: 0000 488b | d348 8d44 | 2408 4c89 | 6dc0 498b | cfc5 f877 | 4989 afa8 | 0300 0049 | 8987 9803 
  0x000002218754ac80: 0000 4883 | ec20 40f6 | c40f 0f84 | 1900 0000 | 4883 ec08 | 48b8 b05a | 8cee fa7f | 0000 ffd0 
  0x000002218754aca0: 4883 c408 | e90c 0000 | 0048 b8b0 | 5a8c eefa | 7f00 00ff | d048 83c4 | 2049 c787 | 9803 0000 
  0x000002218754acc0: 0000 0000 | 49c7 87a8 | 0300 0000 | 0000 0049 | c787 a003 | 0000 0000 | 0000 c5f8 | 7749 837f 
  0x000002218754ace0: 0800 0f84 | 0500 0000 | e913 62fe | ff4c 8b6d | c04c 8b75 | c84e 8d74 | f500 c341 | 0fb7 5501 
  0x000002218754ad00: 488b 4dd0 | c1e2 0248 | 8b5c d148 | 8b54 d150 | 8bca 81e1 | ff00 0000 | 488b 4ccc | f844 8bea 
  0x000002218754ad20: c1ea 1c49 | ba20 bb13 | effa 7f00 | 0049 8b14 | d252 418b | d54c 8b6d | c08b c225 | 0000 1000 
  0x000002218754ad40: 0f84 7801 | 0000 483b | 0148 8b45 | d848 85c0 | 0f84 1200 | 0000 4883 | 4008 0148 | 8358 0800 
  0x000002218754ad60: 4883 c038 | 4889 45d8 | 488b 45d8 | 4885 c00f | 843d 0100 | 0080 78c8 | 0b0f 8533 | 0100 0048 
  0x000002218754ad80: 83c0 084c | 8b68 f841 | 83ed 0041 | 83fd 020f | 8c12 0100 | 004c 8b6b | 0845 0fb7 | 6d2e 4c2b 
  0x000002218754ada0: 2841 83ed | 014e 8b6c | ec08 4d85 | ed75 0ef6 | 4008 0175 | 58f0 4883 | 4808 01eb | 5045 8b6d 
  0x000002218754adc0: 0849 ba00 | 0000 0022 | 0200 004d | 03ea 4d8b | d54c 3368 | 0849 f7c5 | fcff ffff | 742f 41f6 
  0x000002218754ade0: c502 7529 | 4883 7808 | 0074 1e48 | 8378 0801 | 7417 4d8b | ea4c 3368 | 0849 f7c5 | fcff ffff 
  0x000002218754ae00: 740b 4883 | 4808 02eb | 044c 8968 | 0848 83c0 | 104c 8b68 | e841 83ed | 0241 83fd | 020f 8c84 
  0x000002218754ae20: 0000 004c | 8b6b 0845 | 0fb7 6d2e | 4c2b 2841 | 83ed 014e | 8b6c ec08 | 4d85 ed75 | 0ef6 4008 
  0x000002218754ae40: 0175 58f0 | 4883 4808 | 01eb 5045 | 8b6d 0849 | ba00 0000 | 0022 0200 | 004d 03ea | 4d8b d54c 
  0x000002218754ae60: 3368 0849 | f7c5 fcff | ffff 742f | 41f6 c502 | 7529 4883 | 7808 0074 | 1e48 8378 | 0801 7417 
  0x000002218754ae80: 4d8b ea4c | 3368 0849 | f7c5 fcff | ffff 740b | 4883 4808 | 02eb 044c | 8968 0848 | 83c0 104c 
  0x000002218754aea0: 8b68 d841 | 83ed 0441 | c1e5 0349 | 03c5 4889 | 45d8 4c8d | 6c24 084c | 896d f0ff | 6350 8b41 
  0x000002218754aec0: 0849 ba00 | 0000 0022 | 0200 0049 | 03c2 4c8b | 75d8 4d85 | f60f 8495 | 0000 0049 | 8b56 1848 
  0x000002218754aee0: 3bd0 0f85 | 0f00 0000 | 4983 4620 | 0149 835e | 2000 e971 | 0000 0048 | 85d2 0f84 | 4200 0000 
  0x000002218754af00: 498b 5628 | 483b d00f | 850f 0000 | 0049 8346 | 3001 4983 | 5e30 00e9 | 4c00 0000 | 4885 d274 
  0x000002218754af20: 0f49 8346 | 0801 4983 | 5e08 00e9 | 3800 0000 | 4989 4628 | ba01 0000 | 0049 8956 | 30e9 2600 
  0x000002218754af40: 0000 493b | 4628 0f85 | 0f00 0000 | 4983 4630 | 0149 835e | 3000 e90d | 0000 0049 | 8946 18ba 
  0x000002218754af60: 0100 0000 | 4989 5620 | 4983 c638 | 4c89 75d8 | 488b 9cd8 | c001 0000 | 488b 55d8 | 4885 d20f 
  0x000002218754af80: 843d 0100 | 0080 7ac8 | 0b0f 8533 | 0100 0048 | 83c2 084c | 8b6a f841 | 83ed 0041 | 83fd 020f 
  0x000002218754afa0: 8c12 0100 | 004c 8b6b | 0845 0fb7 | 6d2e 4c2b | 2a41 83ed | 014e 8b6c | ec08 4d85 | ed75 0ef6 
  0x000002218754afc0: 4208 0175 | 58f0 4883 | 4a08 01eb | 5045 8b6d | 0849 ba00 | 0000 0022 | 0200 004d | 03ea 4d8b 
  0x000002218754afe0: d54c 336a | 0849 f7c5 | fcff ffff | 742f 41f6 | c502 7529 | 4883 7a08 | 0074 1e48 | 837a 0801 
  0x000002218754b000: 7417 4d8b | ea4c 336a | 0849 f7c5 | fcff ffff | 740b 4883 | 4a08 02eb | 044c 896a | 0848 83c2 
  0x000002218754b020: 104c 8b6a | e841 83ed | 0241 83fd | 020f 8c84 | 0000 004c | 8b6b 0845 | 0fb7 6d2e | 4c2b 2a41 
  0x000002218754b040: 83ed 014e | 8b6c ec08 | 4d85 ed75 | 0ef6 4208 | 0175 58f0 | 4883 4a08 | 01eb 5045 | 8b6d 0849 
  0x000002218754b060: ba00 0000 | 0022 0200 | 004d 03ea | 4d8b d54c | 336a 0849 | f7c5 fcff | ffff 742f | 41f6 c502 
  0x000002218754b080: 7529 4883 | 7a08 0074 | 1e48 837a | 0801 7417 | 4d8b ea4c | 336a 0849 | f7c5 fcff | ffff 740b 
  0x000002218754b0a0: 4883 4a08 | 02eb 044c | 896a 0848 | 83c2 104c | 8b6a d841 | 83ed 0441 | c1e5 0349 | 03d5 4889 
  0x000002218754b0c0: 55d8 4c8d | 6c24 084c | 896d f0ff | 6350 6690 
[/MachCode]

---------------  P R O C E S S  ---------------

Threads class SMR info:
_java_thread_list=0x0000022248ff9e80, length=32, elements={
0x00000221ffdbb6b0, 0x00000221ffdbca30, 0x00000221ffdc64e0, 0x0000022241084070,
0x00000222410846d0, 0x000002224108e790, 0x00000221ffdcd550, 0x00000221ffdcec00,
0x0000022241239a00, 0x0000022241262990, 0x0000022247736a50, 0x000002224ab04db0,
0x000002224d8c0a70, 0x000002224d8c52a0, 0x000002224d8c5930, 0x000002224c1c57a0,
0x000002224c1c5110, 0x000002224c1c71e0, 0x000002224c1c7870, 0x000002224c1c6b50,
0x000002224c1c43f0, 0x000002224c1ca660, 0x000002224c1c9fd0, 0x000002224c1c9940,
0x000002224c1cacf0, 0x000002224c1cb380, 0x000002224c1c8c20, 0x000002224c1c7f00,
0x000002224c1c8590, 0x000002224ab03a00, 0x00000222466d4950, 0x00000222466d6b60
}

Java Threads: ( => current thread )
  0x00000221ffdbb6b0 JavaThread "Reference Handler"          daemon [_thread_blocked, id=16004, stack(0x0000009e07600000,0x0000009e07700000) (1024K)]
  0x00000221ffdbca30 JavaThread "Finalizer"                  daemon [_thread_blocked, id=852, stack(0x0000009e07700000,0x0000009e07800000) (1024K)]
  0x00000221ffdc64e0 JavaThread "Signal Dispatcher"          daemon [_thread_blocked, id=2540, stack(0x0000009e07800000,0x0000009e07900000) (1024K)]
  0x0000022241084070 JavaThread "Attach Listener"            daemon [_thread_blocked, id=4808, stack(0x0000009e07900000,0x0000009e07a00000) (1024K)]
  0x00000222410846d0 JavaThread "Service Thread"             daemon [_thread_blocked, id=9152, stack(0x0000009e07a00000,0x0000009e07b00000) (1024K)]
  0x000002224108e790 JavaThread "Monitor Deflation Thread"   daemon [_thread_blocked, id=4688, stack(0x0000009e07b00000,0x0000009e07c00000) (1024K)]
  0x00000221ffdcd550 JavaThread "C2 CompilerThread0"         daemon [_thread_blocked, id=12196, stack(0x0000009e07c00000,0x0000009e07d00000) (1024K)]
  0x00000221ffdcec00 JavaThread "C1 CompilerThread0"         daemon [_thread_blocked, id=24684, stack(0x0000009e07d00000,0x0000009e07e00000) (1024K)]
  0x0000022241239a00 JavaThread "Notification Thread"        daemon [_thread_blocked, id=7592, stack(0x0000009e07e00000,0x0000009e07f00000) (1024K)]
  0x0000022241262990 JavaThread "Common-Cleaner"             daemon [_thread_blocked, id=12092, stack(0x0000009e07f00000,0x0000009e08000000) (1024K)]
  0x0000022247736a50 JavaThread "mysql-cj-abandoned-connection-cleanup" daemon [_thread_blocked, id=14236, stack(0x0000009e08f00000,0x0000009e09000000) (1024K)]
  0x000002224ab04db0 JavaThread "Live Reload Server"         daemon [_thread_in_native, id=14228, stack(0x0000009e09500000,0x0000009e09600000) (1024K)]
  0x000002224d8c0a70 JavaThread "DestroyJavaVM"                     [_thread_blocked, id=13052, stack(0x0000009e06e00000,0x0000009e06f00000) (1024K)]
  0x000002224d8c52a0 JavaThread "Catalina-utility-1"                [_thread_blocked, id=14020, stack(0x0000009e08900000,0x0000009e08a00000) (1024K)]
  0x000002224d8c5930 JavaThread "Catalina-utility-2"                [_thread_blocked, id=12612, stack(0x0000009e08a00000,0x0000009e08b00000) (1024K)]
  0x000002224c1c57a0 JavaThread "container-0"                       [_thread_blocked, id=4108, stack(0x0000009e08b00000,0x0000009e08c00000) (1024K)]
  0x000002224c1c5110 JavaThread "HikariPool-9 housekeeper"   daemon [_thread_blocked, id=5728, stack(0x0000009e08d00000,0x0000009e08e00000) (1024K)]
  0x000002224c1c71e0 JavaThread "File Watcher"               daemon [_thread_blocked, id=10540, stack(0x0000009e09000000,0x0000009e09100000) (1024K)]
  0x000002224c1c7870 JavaThread "http-nio-8080-exec-1"       daemon [_thread_blocked, id=10128, stack(0x0000009e09100000,0x0000009e09200000) (1024K)]
  0x000002224c1c6b50 JavaThread "http-nio-8080-exec-2"       daemon [_thread_blocked, id=22008, stack(0x0000009e09200000,0x0000009e09300000) (1024K)]
  0x000002224c1c43f0 JavaThread "http-nio-8080-exec-3"       daemon [_thread_blocked, id=14472, stack(0x0000009e09300000,0x0000009e09400000) (1024K)]
  0x000002224c1ca660 JavaThread "http-nio-8080-exec-4"       daemon [_thread_blocked, id=21908, stack(0x0000009e09400000,0x0000009e09500000) (1024K)]
  0x000002224c1c9fd0 JavaThread "http-nio-8080-exec-5"       daemon [_thread_blocked, id=2968, stack(0x0000009e09600000,0x0000009e09700000) (1024K)]
=>0x000002224c1c9940 JavaThread "http-nio-8080-exec-6"       daemon [_thread_in_Java, id=17200, stack(0x0000009e09700000,0x0000009e09800000) (1024K)]
  0x000002224c1cacf0 JavaThread "http-nio-8080-exec-7"       daemon [_thread_blocked, id=23208, stack(0x0000009e09800000,0x0000009e09900000) (1024K)]
  0x000002224c1cb380 JavaThread "http-nio-8080-exec-8"       daemon [_thread_blocked, id=9788, stack(0x0000009e09900000,0x0000009e09a00000) (1024K)]
  0x000002224c1c8c20 JavaThread "http-nio-8080-exec-9"       daemon [_thread_blocked, id=25428, stack(0x0000009e09a00000,0x0000009e09b00000) (1024K)]
  0x000002224c1c7f00 JavaThread "http-nio-8080-exec-10"      daemon [_thread_blocked, id=17940, stack(0x0000009e09b00000,0x0000009e09c00000) (1024K)]
  0x000002224c1c8590 JavaThread "http-nio-8080-Poller"       daemon [_thread_in_native, id=7824, stack(0x0000009e09c00000,0x0000009e09d00000) (1024K)]
  0x000002224ab03a00 JavaThread "http-nio-8080-Acceptor"     daemon [_thread_in_native, id=10500, stack(0x0000009e09d00000,0x0000009e09e00000) (1024K)]
  0x00000222466d4950 JavaThread "C2 CompilerThread1"         daemon [_thread_blocked, id=1916, stack(0x0000009e06b00000,0x0000009e06c00000) (1024K)]
  0x00000222466d6b60 JavaThread "C2 CompilerThread2"         daemon [_thread_blocked, id=16852, stack(0x0000009e06c00000,0x0000009e06d00000) (1024K)]
Total: 32

Other Threads:
  0x00000221f3c5a6d0 VMThread "VM Thread"                           [id=22680, stack(0x0000009e07500000,0x0000009e07600000) (1024K)]
  0x00000221ffd86980 WatcherThread "VM Periodic Task Thread"        [id=13840, stack(0x0000009e07400000,0x0000009e07500000) (1024K)]
  0x00000221f3c59bf0 WorkerThread "GC Thread#0"                     [id=20136, stack(0x0000009e06f00000,0x0000009e07000000) (1024K)]
  0x00000221f3c594b0 WorkerThread "GC Thread#1"                     [id=6368, stack(0x0000009e08200000,0x0000009e08300000) (1024K)]
  0x00000221f3c5aa70 WorkerThread "GC Thread#2"                     [id=12088, stack(0x0000009e08300000,0x0000009e08400000) (1024K)]
  0x00000221f3c59110 WorkerThread "GC Thread#3"                     [id=1292, stack(0x0000009e08400000,0x0000009e08500000) (1024K)]
  0x00000222461cd240 WorkerThread "GC Thread#4"                     [id=14420, stack(0x0000009e08500000,0x0000009e08600000) (1024K)]
  0x00000222461ce0c0 WorkerThread "GC Thread#5"                     [id=22752, stack(0x0000009e08600000,0x0000009e08700000) (1024K)]
  0x00000222461ce460 WorkerThread "GC Thread#6"                     [id=10132, stack(0x0000009e08700000,0x0000009e08800000) (1024K)]
  0x00000222461caa60 WorkerThread "GC Thread#7"                     [id=25312, stack(0x0000009e08800000,0x0000009e08900000) (1024K)]
  0x00000221ffc31e60 ConcurrentGCThread "G1 Main Marker"            [id=17784, stack(0x0000009e07000000,0x0000009e07100000) (1024K)]
  0x00000221f3c59f90 WorkerThread "G1 Conc#0"                       [id=10536, stack(0x0000009e07100000,0x0000009e07200000) (1024K)]
  0x00000222461cd5e0 WorkerThread "G1 Conc#1"                       [id=15100, stack(0x0000009e08c00000,0x0000009e08d00000) (1024K)]
  0x00000221ffccf6b0 ConcurrentGCThread "G1 Refine#0"               [id=12892, stack(0x0000009e07200000,0x0000009e07300000) (1024K)]
  0x00000221f3bf7870 ConcurrentGCThread "G1 Service"                [id=25480, stack(0x0000009e07300000,0x0000009e07400000) (1024K)]
Total: 15

Threads with active compile tasks:
Total: 0

VM state: not at safepoint (normal execution)

VM Mutex/Monitor currently owned by a thread: None

Heap address: 0x0000000604800000, size: 8120 MB, Compressed Oops mode: Zero based, Oop shift amount: 3

CDS archive(s) mapped at: [0x0000022200000000-0x0000022200c90000-0x0000022200c90000), size 13172736, SharedBaseAddress: 0x0000022200000000, ArchiveRelocationMode: 1.
Compressed class space mapped at: 0x0000022201000000-0x0000022241000000, reserved size: 1073741824
Narrow klass base: 0x0000022200000000, Narrow klass shift: 0, Narrow klass range: 0x100000000

GC Precious Log:
 CardTable entry size: 512
 Card Set container configuration: InlinePtr #cards 4 size 8 Array Of Cards #cards 32 size 80 Howl #buckets 8 coarsen threshold 7372 Howl Bitmap #cards 1024 size 144 coarsen threshold 921 Card regions per heap region 1 cards per card region 8192
 CPUs: 8 total, 8 available
 Memory: 32466M
 Large Page Support: Disabled
 NUMA Support: Disabled
 Compressed Oops: Enabled (Zero based)
 Heap Region Size: 4M
 Heap Min Capacity: 8M
 Heap Initial Capacity: 508M
 Heap Max Capacity: 8120M
 Pre-touch: Disabled
 Parallel Workers: 8
 Concurrent Workers: 2
 Concurrent Refinement Workers: 8
 Periodic GC: Disabled

Heap:
 garbage-first heap   total 122880K, used 47207K [0x0000000604800000, 0x0000000800000000)
  region size 4096K, 3 young (12288K), 1 survivors (4096K)
 Metaspace       used 97768K, committed 98816K, reserved 1179648K
  class space    used 11737K, committed 12224K, reserved 1048576K

Heap Regions: E=young(eden), S=young(survivor), O=old, HS=humongous(starts), HC=humongous(continues), CS=collection set, F=free, TAMS=top-at-mark-start, PB=parsable bottom
|   0|0x0000000604800000, 0x0000000604bfca60, 0x0000000604c00000| 99%| O|  |TAMS 0x0000000604800000| PB 0x0000000604800000| Untracked 
|   1|0x0000000604c00000, 0x0000000604ffffe0, 0x0000000605000000| 99%| O|  |TAMS 0x0000000604c00000| PB 0x0000000604c00000| Untracked 
|   2|0x0000000605000000, 0x00000006053fffc0, 0x0000000605400000| 99%| O|  |TAMS 0x0000000605000000| PB 0x0000000605000000| Untracked 
|   3|0x0000000605400000, 0x00000006057fffc0, 0x0000000605800000| 99%| O|  |TAMS 0x0000000605400000| PB 0x0000000605400000| Untracked 
|   4|0x0000000605800000, 0x0000000605bffff0, 0x0000000605c00000| 99%| O|  |TAMS 0x0000000605800000| PB 0x0000000605800000| Untracked 
|   5|0x0000000605c00000, 0x0000000605fffff0, 0x0000000606000000| 99%| O|  |TAMS 0x0000000605c00000| PB 0x0000000605c00000| Untracked 
|   6|0x0000000606000000, 0x0000000606400000, 0x0000000606400000|100%| O|  |TAMS 0x0000000606000000| PB 0x0000000606000000| Untracked 
|   7|0x0000000606400000, 0x00000006067fffd0, 0x0000000606800000| 99%| O|  |TAMS 0x0000000606400000| PB 0x0000000606400000| Untracked 
|   8|0x0000000606800000, 0x00000006069638d0, 0x0000000606c00000| 34%| O|  |TAMS 0x0000000606800000| PB 0x0000000606800000| Untracked 
|   9|0x0000000606c00000, 0x0000000606d637b8, 0x0000000607000000| 34%| O|  |TAMS 0x0000000606c00000| PB 0x0000000606c00000| Untracked 
|  10|0x0000000607000000, 0x00000006073fce28, 0x0000000607400000| 99%| O|  |TAMS 0x0000000607000000| PB 0x0000000607000000| Untracked 
|  11|0x0000000607400000, 0x0000000607400000, 0x0000000607800000|  0%| F|  |TAMS 0x0000000607400000| PB 0x0000000607400000| Untracked 
|  12|0x0000000607800000, 0x0000000607800000, 0x0000000607c00000|  0%| F|  |TAMS 0x0000000607800000| PB 0x0000000607800000| Untracked 
|  13|0x0000000607c00000, 0x0000000607c00000, 0x0000000608000000|  0%| F|  |TAMS 0x0000000607c00000| PB 0x0000000607c00000| Untracked 
|  14|0x0000000608000000, 0x0000000608000000, 0x0000000608400000|  0%| F|  |TAMS 0x0000000608000000| PB 0x0000000608000000| Untracked 
|  15|0x0000000608400000, 0x00000006087596f8, 0x0000000608800000| 83%| S|CS|TAMS 0x0000000608400000| PB 0x0000000608400000| Complete 
|  16|0x0000000608800000, 0x0000000608800000, 0x0000000608c00000|  0%| F|  |TAMS 0x0000000608800000| PB 0x0000000608800000| Untracked 
|  17|0x0000000608c00000, 0x0000000608c00000, 0x0000000609000000|  0%| F|  |TAMS 0x0000000608c00000| PB 0x0000000608c00000| Untracked 
|  18|0x0000000609000000, 0x0000000609000000, 0x0000000609400000|  0%| F|  |TAMS 0x0000000609000000| PB 0x0000000609000000| Untracked 
|  19|0x0000000609400000, 0x0000000609400000, 0x0000000609800000|  0%| F|  |TAMS 0x0000000609400000| PB 0x0000000609400000| Untracked 
|  20|0x0000000609800000, 0x0000000609800000, 0x0000000609c00000|  0%| F|  |TAMS 0x0000000609800000| PB 0x0000000609800000| Untracked 
|  21|0x0000000609c00000, 0x0000000609c00000, 0x000000060a000000|  0%| F|  |TAMS 0x0000000609c00000| PB 0x0000000609c00000| Untracked 
|  22|0x000000060a000000, 0x000000060a000000, 0x000000060a400000|  0%| F|  |TAMS 0x000000060a000000| PB 0x000000060a000000| Untracked 
|  23|0x000000060a400000, 0x000000060a400000, 0x000000060a800000|  0%| F|  |TAMS 0x000000060a400000| PB 0x000000060a400000| Untracked 
|  24|0x000000060a800000, 0x000000060a800000, 0x000000060ac00000|  0%| F|  |TAMS 0x000000060a800000| PB 0x000000060a800000| Untracked 
|  25|0x000000060ac00000, 0x000000060ac00000, 0x000000060b000000|  0%| F|  |TAMS 0x000000060ac00000| PB 0x000000060ac00000| Untracked 
|  26|0x000000060b000000, 0x000000060b000000, 0x000000060b400000|  0%| F|  |TAMS 0x000000060b000000| PB 0x000000060b000000| Untracked 
|  27|0x000000060b400000, 0x000000060b400000, 0x000000060b800000|  0%| F|  |TAMS 0x000000060b400000| PB 0x000000060b400000| Untracked 
|  28|0x000000060b800000, 0x000000060b936690, 0x000000060bc00000| 30%| E|  |TAMS 0x000000060b800000| PB 0x000000060b800000| Complete 
|  29|0x000000060bc00000, 0x000000060c000000, 0x000000060c000000|100%| E|CS|TAMS 0x000000060bc00000| PB 0x000000060bc00000| Complete 

Card table byte_map: [0x000002218f000000,0x000002218ffe0000] _byte_map_base: 0x000002218bfdc000

Marking Bits: (CMBitMap*) 0x00000221f5cfe080
 Bits: [0x000002218ffe0000, 0x0000022197ec0000)

Polling page: 0x00000221f45c0000

Metaspace:

Usage:
  Non-class:     84.01 MB used.
      Class:     11.46 MB used.
       Both:     95.48 MB used.

Virtual space:
  Non-class space:      128.00 MB reserved,      84.56 MB ( 66%) committed,  2 nodes.
      Class space:        1.00 GB reserved,      11.94 MB (  1%) committed,  1 nodes.
             Both:        1.12 GB reserved,      96.50 MB (  8%) committed. 

Chunk freelists:
   Non-Class:  11.36 MB
       Class:  4.04 MB
        Both:  15.40 MB

MaxMetaspaceSize: unlimited
CompressedClassSpaceSize: 1.00 GB
Initial GC threshold: 21.00 MB
Current GC threshold: 159.31 MB
CDS: on
 - commit_granule_bytes: 65536.
 - commit_granule_words: 8192.
 - virtual_space_node_default_size: 8388608.
 - enlarge_chunks_in_place: 1.
 - use_allocation_guard: 0.


Internal statistics:

num_allocs_failed_limit: 9.
num_arena_births: 1336.
num_arena_deaths: 50.
num_vsnodes_births: 3.
num_vsnodes_deaths: 0.
num_space_committed: 1544.
num_space_uncommitted: 0.
num_chunks_returned_to_freelist: 93.
num_chunks_taken_from_freelist: 4980.
num_chunk_merges: 17.
num_chunk_splits: 3413.
num_chunks_enlarged: 2548.
num_inconsistent_stats: 0.

CodeHeap 'non-profiled nmethods': size=120000Kb used=11336Kb max_used=11336Kb free=108663Kb
 bounds [0x0000022187ad0000, 0x00000221885f0000, 0x000002218f000000]
CodeHeap 'profiled nmethods': size=120000Kb used=24140Kb max_used=24140Kb free=95859Kb
 bounds [0x0000022180000000, 0x00000221817c0000, 0x0000022187530000]
CodeHeap 'non-nmethods': size=5760Kb used=2055Kb max_used=2142Kb free=3704Kb
 bounds [0x0000022187530000, 0x00000221877a0000, 0x0000022187ad0000]
 total_blobs=11888 nmethods=11076 adapters=712
 compilation: enabled
              stopped_count=0, restarted_count=0
 full_count=0

Compilation events (20 events):
Event: 1590.475 Thread 0x00000221ffdcec00 16814       3       org.eclipse.jdt.internal.compiler.lookup.MethodScope::computeLocalVariablePositions (286 bytes)
Event: 1590.475 Thread 0x00000222466d4950 16811       4       org.eclipse.jdt.internal.compiler.ast.MessageSend::traverse (104 bytes)
Event: 1590.476 Thread 0x00000222466d6b60 16813       4       org.eclipse.jdt.internal.compiler.codegen.ConstantPool::putInCacheIfAbsent (213 bytes)
Event: 1590.477 Thread 0x00000221ffdcec00 nmethod 16814 0x00000221817b5790 code [0x00000221817b5a20, 0x00000221817b6738]
Event: 1590.477 Thread 0x00000221ffdcec00 16815       3       org.eclipse.jdt.internal.compiler.problem.DefaultProblem::isError (13 bytes)
Event: 1590.478 Thread 0x00000221ffdcec00 nmethod 16815 0x00000221809f2990 code [0x00000221809f2b20, 0x00000221809f2c98]
Event: 1590.478 Thread 0x00000221ffdcec00 16810       3       org.eclipse.jdt.internal.compiler.flow.UnconditionalFlowInfo::isPotentiallyNonNull (157 bytes)
Event: 1590.479 Thread 0x00000221ffdcec00 nmethod 16810 0x00000221817b6d10 code [0x00000221817b6f00, 0x00000221817b7460]
Event: 1590.482 Thread 0x00000221ffdcec00 16826       3       java.util.logging.LogManager$LoggerContext::addLocalLogger (10 bytes)
Event: 1590.483 Thread 0x00000221ffdcec00 nmethod 16826 0x00000221817b7690 code [0x00000221817b7860, 0x00000221817b7bb8]
Event: 1590.483 Thread 0x00000221ffdcec00 16828   !   3       java.util.logging.Logger::doSetParent (167 bytes)
Event: 1590.486 Thread 0x00000222466d4950 nmethod 16811 0x00000221885c3f90 code [0x00000221885c4140, 0x00000221885c43a8]
Event: 1590.487 Thread 0x00000222466d4950 16822       4       org.eclipse.jdt.internal.compiler.ast.Statement::generateArguments (335 bytes)
Event: 1590.488 Thread 0x00000221ffdcec00 nmethod 16828 0x00000221817b7d10 code [0x00000221817b8060, 0x00000221817b9ba0]
Event: 1590.489 Thread 0x00000221ffdcec00 16829       3       org.apache.jasper.compiler.SmapUtil$SDEInstaller::copyAttrs (112 bytes)
Event: 1590.491 Thread 0x00000221ffdcec00 nmethod 16829 0x00000221817ba790 code [0x00000221817bab20, 0x00000221817bbea0]
Event: 1590.492 Thread 0x00000221ffdcec00 16827       3       java.util.logging.Logger::setParent (39 bytes)
Event: 1590.493 Thread 0x00000221ffdcec00 nmethod 16827 0x00000221817bc710 code [0x00000221817bc920, 0x00000221817bce48]
Event: 1590.504 Thread 0x00000222466d4950 nmethod 16822 0x00000221885c4690 code [0x00000221885c4860, 0x00000221885c4be8]
Event: 1590.507 Thread 0x00000222466d4950 16823       4       org.eclipse.jdt.internal.compiler.codegen.CodeStream::invoke (344 bytes)

GC Heap History (20 events):
Event: 570.693 GC heap before
{Heap before GC invocations=29 (full 5):
 garbage-first heap   total 139264K, used 117429K [0x0000000604800000, 0x0000000800000000)
  region size 4096K, 20 young (81920K), 0 survivors (0K)
 Metaspace       used 95691K, committed 96704K, reserved 1179648K
  class space    used 11634K, committed 12096K, reserved 1048576K
}
Event: 570.696 GC heap after
{Heap after GC invocations=30 (full 5):
 garbage-first heap   total 139264K, used 40239K [0x0000000604800000, 0x0000000800000000)
  region size 4096K, 2 young (8192K), 2 survivors (8192K)
 Metaspace       used 95691K, committed 96704K, reserved 1179648K
  class space    used 11634K, committed 12096K, reserved 1048576K
}
Event: 794.363 GC heap before
{Heap before GC invocations=30 (full 5):
 garbage-first heap   total 139264K, used 109871K [0x0000000604800000, 0x0000000800000000)
  region size 4096K, 19 young (77824K), 2 survivors (8192K)
 Metaspace       used 95837K, committed 96832K, reserved 1179648K
  class space    used 11636K, committed 12096K, reserved 1048576K
}
Event: 794.384 GC heap after
{Heap after GC invocations=31 (full 5):
 garbage-first heap   total 139264K, used 41653K [0x0000000604800000, 0x0000000800000000)
  region size 4096K, 2 young (8192K), 2 survivors (8192K)
 Metaspace       used 95837K, committed 96832K, reserved 1179648K
  class space    used 11636K, committed 12096K, reserved 1048576K
}
Event: 1189.468 GC heap before
{Heap before GC invocations=31 (full 5):
 garbage-first heap   total 139264K, used 62133K [0x0000000604800000, 0x0000000800000000)
  region size 4096K, 8 young (32768K), 2 survivors (8192K)
 Metaspace       used 95863K, committed 96832K, reserved 1179648K
  class space    used 11636K, committed 12096K, reserved 1048576K
}
Event: 1189.530 GC heap after
{Heap after GC invocations=32 (full 6):
 garbage-first heap   total 122880K, used 35758K [0x0000000604800000, 0x0000000800000000)
  region size 4096K, 0 young (0K), 0 survivors (0K)
 Metaspace       used 95834K, committed 96832K, reserved 1179648K
  class space    used 11635K, committed 12096K, reserved 1048576K
}
Event: 1190.050 GC heap before
{Heap before GC invocations=32 (full 6):
 garbage-first heap   total 122880K, used 109486K [0x0000000604800000, 0x0000000800000000)
  region size 4096K, 18 young (73728K), 0 survivors (0K)
 Metaspace       used 96267K, committed 97216K, reserved 1179648K
  class space    used 11661K, committed 12096K, reserved 1048576K
}
Event: 1190.053 GC heap after
{Heap after GC invocations=33 (full 6):
 garbage-first heap   total 122880K, used 41232K [0x0000000604800000, 0x0000000800000000)
  region size 4096K, 2 young (8192K), 2 survivors (8192K)
 Metaspace       used 96267K, committed 97216K, reserved 1179648K
  class space    used 11661K, committed 12096K, reserved 1048576K
}
Event: 1418.371 GC heap before
{Heap before GC invocations=33 (full 6):
 garbage-first heap   total 122880K, used 98576K [0x0000000604800000, 0x0000000800000000)
  region size 4096K, 17 young (69632K), 2 survivors (8192K)
 Metaspace       used 96283K, committed 97216K, reserved 1179648K
  class space    used 11661K, committed 12096K, reserved 1048576K
}
Event: 1418.375 GC heap after
{Heap after GC invocations=34 (full 6):
 garbage-first heap   total 122880K, used 40873K [0x0000000604800000, 0x0000000800000000)
  region size 4096K, 2 young (8192K), 2 survivors (8192K)
 Metaspace       used 96283K, committed 97216K, reserved 1179648K
  class space    used 11661K, committed 12096K, reserved 1048576K
}
Event: 1524.876 GC heap before
{Heap before GC invocations=34 (full 6):
 garbage-first heap   total 122880K, used 65449K [0x0000000604800000, 0x0000000800000000)
  region size 4096K, 9 young (36864K), 2 survivors (8192K)
 Metaspace       used 96306K, committed 97280K, reserved 1179648K
  class space    used 11661K, committed 12096K, reserved 1048576K
}
Event: 1524.936 GC heap after
{Heap after GC invocations=35 (full 7):
 garbage-first heap   total 122880K, used 35352K [0x0000000604800000, 0x0000000800000000)
  region size 4096K, 0 young (0K), 0 survivors (0K)
 Metaspace       used 96303K, committed 97280K, reserved 1179648K
  class space    used 11661K, committed 12096K, reserved 1048576K
}
Event: 1525.389 GC heap before
{Heap before GC invocations=35 (full 7):
 garbage-first heap   total 122880K, used 109080K [0x0000000604800000, 0x0000000800000000)
  region size 4096K, 18 young (73728K), 0 survivors (0K)
 Metaspace       used 96785K, committed 97792K, reserved 1179648K
  class space    used 11687K, committed 12160K, reserved 1048576K
}
Event: 1525.393 GC heap after
{Heap after GC invocations=36 (full 7):
 garbage-first heap   total 122880K, used 40776K [0x0000000604800000, 0x0000000800000000)
  region size 4096K, 2 young (8192K), 2 survivors (8192K)
 Metaspace       used 96785K, committed 97792K, reserved 1179648K
  class space    used 11687K, committed 12160K, reserved 1048576K
}
Event: 1539.835 GC heap before
{Heap before GC invocations=36 (full 7):
 garbage-first heap   total 122880K, used 53064K [0x0000000604800000, 0x0000000800000000)
  region size 4096K, 6 young (24576K), 2 survivors (8192K)
 Metaspace       used 96826K, committed 97856K, reserved 1179648K
  class space    used 11688K, committed 12160K, reserved 1048576K
}
Event: 1539.894 GC heap after
{Heap after GC invocations=37 (full 8):
 garbage-first heap   total 122880K, used 35598K [0x0000000604800000, 0x0000000800000000)
  region size 4096K, 0 young (0K), 0 survivors (0K)
 Metaspace       used 96823K, committed 97856K, reserved 1179648K
  class space    used 11687K, committed 12160K, reserved 1048576K
}
Event: 1540.339 GC heap before
{Heap before GC invocations=37 (full 8):
 garbage-first heap   total 122880K, used 105230K [0x0000000604800000, 0x0000000800000000)
  region size 4096K, 17 young (69632K), 0 survivors (0K)
 Metaspace       used 97293K, committed 98240K, reserved 1179648K
  class space    used 11713K, committed 12160K, reserved 1048576K
}
Event: 1540.343 GC heap after
{Heap after GC invocations=38 (full 8):
 garbage-first heap   total 122880K, used 40551K [0x0000000604800000, 0x0000000800000000)
  region size 4096K, 2 young (8192K), 2 survivors (8192K)
 Metaspace       used 97293K, committed 98240K, reserved 1179648K
  class space    used 11713K, committed 12160K, reserved 1048576K
}
Event: 1590.427 GC heap before
{Heap before GC invocations=38 (full 8):
 garbage-first heap   total 122880K, used 93799K [0x0000000604800000, 0x0000000800000000)
  region size 4096K, 16 young (65536K), 2 survivors (8192K)
 Metaspace       used 97740K, committed 98752K, reserved 1179648K
  class space    used 11736K, committed 12224K, reserved 1048576K
}
Event: 1590.437 GC heap after
{Heap after GC invocations=39 (full 8):
 garbage-first heap   total 122880K, used 43111K [0x0000000604800000, 0x0000000800000000)
  region size 4096K, 1 young (4096K), 1 survivors (4096K)
 Metaspace       used 97740K, committed 98752K, reserved 1179648K
  class space    used 11736K, committed 12224K, reserved 1048576K
}

Dll operation events (11 events):
Event: 0.011 Loaded shared library C:\Program Files\Java\jdk-21\bin\java.dll
Event: 0.050 Loaded shared library C:\Program Files\Java\jdk-21\bin\jsvml.dll
Event: 0.112 Loaded shared library C:\Program Files\Java\jdk-21\bin\jimage.dll
Event: 0.118 Loaded shared library C:\Program Files\Java\jdk-21\bin\net.dll
Event: 0.120 Loaded shared library C:\Program Files\Java\jdk-21\bin\nio.dll
Event: 0.123 Loaded shared library C:\Program Files\Java\jdk-21\bin\zip.dll
Event: 0.481 Loaded shared library C:\Program Files\Java\jdk-21\bin\management.dll
Event: 0.485 Loaded shared library C:\Program Files\Java\jdk-21\bin\management_ext.dll
Event: 1.620 Loaded shared library C:\Program Files\Java\jdk-21\bin\sunmscapi.dll
Event: 3.714 Loaded shared library C:\Program Files\Java\jdk-21\bin\verify.dll
Event: 4.022 Loaded shared library C:\Program Files\Java\jdk-21\bin\extnet.dll

Deoptimization events (20 events):
Event: 1540.291 Thread 0x000002224d8c24b0 Uncommon trap: trap_request=0xffffffc6 fr.pc=0x00000221885523a8 relative=0x0000000000000968
Event: 1540.291 Thread 0x000002224d8c24b0 Uncommon trap: reason=bimorphic_or_optimized_type_check action=maybe_recompile pc=0x00000221885523a8 method=java.util.regex.Matcher.search(I)Z @ 121 c2
Event: 1540.291 Thread 0x000002224d8c24b0 DEOPT PACKING pc=0x00000221885523a8 sp=0x0000009e06cfb0e0
Event: 1540.291 Thread 0x000002224d8c24b0 DEOPT UNPACKING pc=0x0000022187587da2 sp=0x0000009e06cfb0e0 mode 2
Event: 1540.306 Thread 0x000002224d8c24b0 Uncommon trap: trap_request=0xffffffc6 fr.pc=0x00000221884305cc relative=0x0000000000000b0c
Event: 1540.306 Thread 0x000002224d8c24b0 Uncommon trap: reason=bimorphic_or_optimized_type_check action=maybe_recompile pc=0x00000221884305cc method=java.util.regex.Matcher.search(I)Z @ 121 c2
Event: 1540.306 Thread 0x000002224d8c24b0 DEOPT PACKING pc=0x00000221884305cc sp=0x0000009e06cfada0
Event: 1540.306 Thread 0x000002224d8c24b0 DEOPT UNPACKING pc=0x0000022187587da2 sp=0x0000009e06cfadb0 mode 2
Event: 1540.684 Thread 0x000002224c1c5e30 DEOPT PACKING pc=0x000002218126bef7 sp=0x0000009e08efdb00
Event: 1540.684 Thread 0x000002224c1c5e30 DEOPT UNPACKING pc=0x00000221875888e2 sp=0x0000009e08efd020 mode 0
Event: 1540.743 Thread 0x000002224c1c5e30 DEOPT PACKING pc=0x000002218093eac2 sp=0x0000009e08efda90
Event: 1540.743 Thread 0x000002224c1c5e30 DEOPT UNPACKING pc=0x00000221875888e2 sp=0x0000009e08efcf88 mode 0
Event: 1580.290 Thread 0x000002224c1c7870 Uncommon trap: trap_request=0xffffff6e fr.pc=0x0000022188481bcc relative=0x000000000000048c
Event: 1580.290 Thread 0x000002224c1c7870 Uncommon trap: reason=loop_limit_check action=maybe_recompile pc=0x0000022188481bcc method=org.eclipse.jdt.core.compiler.CharOperation.concatWith([[CC)[C @ 121 c2
Event: 1580.290 Thread 0x000002224c1c7870 DEOPT PACKING pc=0x0000022188481bcc sp=0x0000009e091f72b0
Event: 1580.290 Thread 0x000002224c1c7870 DEOPT UNPACKING pc=0x0000022187587da2 sp=0x0000009e091f7270 mode 2
Event: 1580.317 Thread 0x000002224c1c7870 Uncommon trap: trap_request=0xffffff6e fr.pc=0x000002218848013c relative=0x00000000000005dc
Event: 1580.317 Thread 0x000002224c1c7870 Uncommon trap: reason=loop_limit_check action=maybe_recompile pc=0x000002218848013c method=org.eclipse.jdt.internal.compiler.lookup.Scope.findExactMethod(Lorg/eclipse/jdt/internal/compiler/lookup/ReferenceBinding;[C[Lorg/eclipse/jdt/internal/compiler/look
Event: 1580.317 Thread 0x000002224c1c7870 DEOPT PACKING pc=0x000002218848013c sp=0x0000009e091f6ec0
Event: 1580.317 Thread 0x000002224c1c7870 DEOPT UNPACKING pc=0x0000022187587da2 sp=0x0000009e091f6e70 mode 2

Classes loaded (20 events):
Event: 499.351 Loading class java/io/SerializableCustomizer
Event: 499.351 Loading class java/io/SerializableCustomizer done
Event: 543.020 Loading class java/lang/ObjectBeanInfo
Event: 543.020 Loading class java/lang/ObjectBeanInfo done
Event: 543.020 Loading class java/lang/ObjectBeanInfo
Event: 543.020 Loading class java/lang/ObjectBeanInfo done
Event: 543.020 Loading class java/lang/ObjectCustomizer
Event: 543.020 Loading class java/lang/ObjectCustomizer done
Event: 543.020 Loading class java/lang/ObjectCustomizer
Event: 543.020 Loading class java/lang/ObjectCustomizer done
Event: 572.098 Loading class java/lang/ObjectBeanInfo
Event: 572.098 Loading class java/lang/ObjectBeanInfo done
Event: 572.099 Loading class java/lang/ObjectBeanInfo
Event: 572.099 Loading class java/lang/ObjectBeanInfo done
Event: 572.099 Loading class java/lang/ObjectCustomizer
Event: 572.099 Loading class java/lang/ObjectCustomizer done
Event: 572.099 Loading class java/lang/ObjectCustomizer
Event: 572.099 Loading class java/lang/ObjectCustomizer done
Event: 1525.103 Loading class java/lang/invoke/MethodHandleImpl$CountingWrapper$1
Event: 1525.103 Loading class java/lang/invoke/MethodHandleImpl$CountingWrapper$1 done

Classes unloaded (20 events):
Event: 308.163 Thread 0x00000221f3c5a6d0 Unloading class 0x0000022201b9a000 'org/apache/jsp/WEB_002dINF/jsp/dashboard2_jsp'
Event: 308.163 Thread 0x00000221f3c5a6d0 Unloading class 0x0000022201b99c00 'org/apache/jsp/WEB_002dINF/jsp/signin_jsp'
Event: 308.163 Thread 0x00000221f3c5a6d0 Unloading class 0x0000022201b98800 'org/apache/jsp/WEB_002dINF/jsp/index_jsp'
Event: 308.163 Thread 0x00000221f3c5a6d0 Unloading class 0x0000022201b94000 'org/apache/catalina/loader/JdbcLeakPrevention'
Event: 477.251 Thread 0x00000221f3c5a6d0 Unloading class 0x0000022201bb4800 'org/apache/jsp/WEB_002dINF/jsp/users_jsp'
Event: 477.251 Thread 0x00000221f3c5a6d0 Unloading class 0x0000022201bb4000 'org/apache/jsp/WEB_002dINF/jsp/dashboard2_jsp'
Event: 477.251 Thread 0x00000221f3c5a6d0 Unloading class 0x0000022201baf800 'org/apache/jsp/WEB_002dINF/jsp/signin_jsp'
Event: 477.251 Thread 0x00000221f3c5a6d0 Unloading class 0x0000022201baf000 'org/apache/jsp/WEB_002dINF/jsp/index_jsp'
Event: 477.251 Thread 0x00000221f3c5a6d0 Unloading class 0x0000022201b9b000 'org/apache/catalina/loader/JdbcLeakPrevention'
Event: 541.089 Thread 0x00000221f3c5a6d0 Unloading class 0x0000022201bba000 'org/apache/jsp/WEB_002dINF/jsp/users_jsp'
Event: 541.089 Thread 0x00000221f3c5a6d0 Unloading class 0x0000022201bb9800 'org/apache/jsp/WEB_002dINF/jsp/dashboard2_jsp'
Event: 541.089 Thread 0x00000221f3c5a6d0 Unloading class 0x0000022201bb9000 'org/apache/jsp/WEB_002dINF/jsp/signin_jsp'
Event: 541.089 Thread 0x00000221f3c5a6d0 Unloading class 0x0000022201bb8c00 'org/apache/jsp/WEB_002dINF/jsp/index_jsp'
Event: 541.089 Thread 0x00000221f3c5a6d0 Unloading class 0x0000022201bb5000 'org/apache/catalina/loader/JdbcLeakPrevention'
Event: 570.068 Thread 0x00000221f3c5a6d0 Unloading class 0x0000022201bc8800 'org/apache/jsp/WEB_002dINF/jsp/users_jsp'
Event: 570.068 Thread 0x00000221f3c5a6d0 Unloading class 0x0000022201bba800 'org/apache/catalina/loader/JdbcLeakPrevention'
Event: 1189.486 Thread 0x00000221f3c5a6d0 Unloading class 0x0000022201bd2c00 'org/apache/jsp/WEB_002dINF/jsp/users_jsp'
Event: 1189.486 Thread 0x00000221f3c5a6d0 Unloading class 0x0000022201bc8400 'org/apache/catalina/loader/JdbcLeakPrevention'
Event: 1524.894 Thread 0x00000221f3c5a6d0 Unloading class 0x0000022201bd3000 'org/apache/catalina/loader/JdbcLeakPrevention'
Event: 1539.852 Thread 0x00000221f3c5a6d0 Unloading class 0x0000022201bdb800 'org/apache/catalina/loader/JdbcLeakPrevention'

Classes redefined (0 events):
No events

Internal exceptions (20 events):
Event: 1525.109 Thread 0x000002224c1c71e0 Exception <a 'java/lang/NoClassDefFoundError'{0x000000060a54fb70}: org/jooq/DSLContext> (0x000000060a54fb70) 
thrown [s\open\src\hotspot\share\oops\constantPool.cpp, line 873]
Event: 1525.110 Thread 0x000002224c1c71e0 Exception <a 'java/lang/NoClassDefFoundError'{0x000000060a58cad0}: org/springframework/batch/core/repository/JobRepository> (0x000000060a58cad0) 
thrown [s\open\src\hotspot\share\oops\constantPool.cpp, line 873]
Event: 1525.110 Thread 0x000002224c1c71e0 Exception <a 'java/lang/NoClassDefFoundError'{0x000000060a58d128}: org/quartz/Scheduler> (0x000000060a58d128) 
thrown [s\open\src\hotspot\share\oops\constantPool.cpp, line 873]
Event: 1525.110 Thread 0x000002224c1c71e0 Exception <a 'java/lang/NoClassDefFoundError'{0x000000060a58d7a8}: org/springframework/session/jdbc/JdbcIndexedSessionRepository> (0x000000060a58d7a8) 
thrown [s\open\src\hotspot\share\oops\constantPool.cpp, line 873]
Event: 1525.142 Thread 0x000002224c1c71e0 Exception <a 'java/io/FileNotFoundException'{0x0000000609c95bc8}> (0x0000000609c95bc8) 
thrown [s\open\src\hotspot\share\prims\jni.cpp, line 520]
Event: 1539.827 Thread 0x000002224d8c52a0 Exception <a 'java/io/IOException'{0x000000060b2349e8}> (0x000000060b2349e8) 
thrown [s\open\src\hotspot\share\prims\jni.cpp, line 520]
Event: 1539.827 Thread 0x000002224d8c52a0 Exception <a 'java/io/IOException'{0x000000060b2358e0}> (0x000000060b2358e0) 
thrown [s\open\src\hotspot\share\prims\jni.cpp, line 520]
Event: 1539.828 Thread 0x000002224d8c52a0 Exception <a 'java/io/IOException'{0x000000060b238b48}> (0x000000060b238b48) 
thrown [s\open\src\hotspot\share\prims\jni.cpp, line 520]
Event: 1539.829 Thread 0x000002224d8c52a0 Exception <a 'java/io/IOException'{0x000000060b23ce78}> (0x000000060b23ce78) 
thrown [s\open\src\hotspot\share\prims\jni.cpp, line 520]
Event: 1539.830 Thread 0x000002224d8c52a0 Exception <a 'java/io/IOException'{0x000000060b23ff68}> (0x000000060b23ff68) 
thrown [s\open\src\hotspot\share\prims\jni.cpp, line 520]
Event: 1539.831 Thread 0x000002224d8c52a0 Exception <a 'java/io/IOException'{0x000000060b2438b8}> (0x000000060b2438b8) 
thrown [s\open\src\hotspot\share\prims\jni.cpp, line 520]
Event: 1539.835 Thread 0x000002224c1c5e30 Exception <a 'java/lang/InterruptedException'{0x000000060b277a68}: sleep interrupted> (0x000000060b277a68) 
thrown [s\open\src\hotspot\share\prims\jvm.cpp, line 3074]
Event: 1539.899 Thread 0x000002224d8c24b0 Exception <a 'sun/nio/fs/WindowsException'{0x000000060bc790b8}> (0x000000060bc790b8) 
thrown [s\open\src\hotspot\share\prims\jni.cpp, line 520]
Event: 1540.042 Thread 0x000002224d8c24b0 Exception <a 'java/lang/NoClassDefFoundError'{0x000000060a54c608}: org/flywaydb/core/Flyway> (0x000000060a54c608) 
thrown [s\open\src\hotspot\share\oops\constantPool.cpp, line 873]
Event: 1540.043 Thread 0x000002224d8c24b0 Exception <a 'java/lang/NoClassDefFoundError'{0x000000060a54cc68}: liquibase/integration/spring/SpringLiquibase> (0x000000060a54cc68) 
thrown [s\open\src\hotspot\share\oops\constantPool.cpp, line 873]
Event: 1540.044 Thread 0x000002224d8c24b0 Exception <a 'java/lang/NoClassDefFoundError'{0x000000060a5683f0}: org/jooq/DSLContext> (0x000000060a5683f0) 
thrown [s\open\src\hotspot\share\oops\constantPool.cpp, line 873]
Event: 1540.045 Thread 0x000002224d8c24b0 Exception <a 'java/lang/NoClassDefFoundError'{0x000000060a5a4a48}: org/springframework/batch/core/repository/JobRepository> (0x000000060a5a4a48) 
thrown [s\open\src\hotspot\share\oops\constantPool.cpp, line 873]
Event: 1540.045 Thread 0x000002224d8c24b0 Exception <a 'java/lang/NoClassDefFoundError'{0x000000060a5a50a0}: org/quartz/Scheduler> (0x000000060a5a50a0) 
thrown [s\open\src\hotspot\share\oops\constantPool.cpp, line 873]
Event: 1540.045 Thread 0x000002224d8c24b0 Exception <a 'java/lang/NoClassDefFoundError'{0x000000060a5a5720}: org/springframework/session/jdbc/JdbcIndexedSessionRepository> (0x000000060a5a5720) 
thrown [s\open\src\hotspot\share\oops\constantPool.cpp, line 873]
Event: 1540.083 Thread 0x000002224d8c24b0 Exception <a 'java/io/FileNotFoundException'{0x0000000609ca99d0}> (0x0000000609ca99d0) 
thrown [s\open\src\hotspot\share\prims\jni.cpp, line 520]

ZGC Phase Switch (0 events):
No events

VM Operations (20 events):
Event: 1582.128 Executing VM operation: get/set locals
Event: 1582.128 Executing VM operation: get/set locals done
Event: 1582.128 Executing VM operation: get/set locals
Event: 1582.128 Executing VM operation: get/set locals done
Event: 1582.176 Executing VM operation: get/set locals
Event: 1582.176 Executing VM operation: get/set locals done
Event: 1582.177 Executing VM operation: get/set locals
Event: 1582.177 Executing VM operation: get/set locals done
Event: 1582.185 Executing VM operation: get/set locals
Event: 1582.185 Executing VM operation: get/set locals done
Event: 1582.185 Executing VM operation: get/set locals
Event: 1582.185 Executing VM operation: get/set locals done
Event: 1590.252 Executing VM operation: Cleanup
Event: 1590.252 Executing VM operation: Cleanup done
Event: 1590.427 Executing VM operation: G1CollectForAllocation (G1 Evacuation Pause)
Event: 1590.437 Executing VM operation: G1CollectForAllocation (G1 Evacuation Pause) done
Event: 1590.502 Executing VM operation: get/set locals
Event: 1590.502 Executing VM operation: get/set locals done
Event: 1590.507 Executing VM operation: get/set locals
Event: 1590.507 Executing VM operation: get/set locals done

Events (20 events):
Event: 1540.400 Thread 0x000002224c1cb380 Thread added: 0x000002224c1cb380
Event: 1540.400 Thread 0x000002224c1c8c20 Thread added: 0x000002224c1c8c20
Event: 1540.400 Thread 0x000002224c1c7f00 Thread added: 0x000002224c1c7f00
Event: 1540.402 Thread 0x000002224c1c8590 Thread added: 0x000002224c1c8590
Event: 1540.402 Thread 0x000002224ab03a00 Thread added: 0x000002224ab03a00
Event: 1540.408 Thread 0x000002224d8c3ef0 Thread exited: 0x000002224d8c3ef0
Event: 1540.408 Thread 0x000002224d8c24b0 Thread exited: 0x000002224d8c24b0
Event: 1540.734 Thread 0x00000222466d7230 Thread exited: 0x00000222466d7230
Event: 1540.734 Thread 0x00000222466d6b60 Thread exited: 0x00000222466d6b60
Event: 1545.790 Thread 0x000002224c1c5e30 Thread exited: 0x000002224c1c5e30
Event: 1580.314 Thread 0x00000222466d56f0 Thread added: 0x00000222466d56f0
Event: 1580.330 Thread 0x00000222466d4950 Thread added: 0x00000222466d4950
Event: 1582.123 Thread 0x00000222466d56f0 Thread exited: 0x00000222466d56f0
Event: 1582.123 Thread 0x00000222466d4950 Thread exited: 0x00000222466d4950
Event: 1582.158 Thread 0x00000222466d56f0 Thread added: 0x00000222466d56f0
Event: 1582.160 Thread 0x00000222466d6b60 Thread added: 0x00000222466d6b60
Event: 1587.249 Thread 0x00000222466d6b60 Thread exited: 0x00000222466d6b60
Event: 1587.419 Thread 0x00000222466d56f0 Thread exited: 0x00000222466d56f0
Event: 1590.474 Thread 0x00000222466d4950 Thread added: 0x00000222466d4950
Event: 1590.475 Thread 0x00000222466d6b60 Thread added: 0x00000222466d6b60


Dynamic libraries:
0x00007ff601050000 - 0x00007ff601060000 	C:\Program Files\Java\jdk-21\bin\javaw.exe
0x00000221f41b0000 - 0x00000221f4410000 	C:\WINDOWS\SYSTEM32\ntd1l.dll
0x00000221f3d30000 - 0x00000221f3df7000 	C:\WINDOWS\System32\kern3l32.dll
0x00007ffb63480000 - 0x00007ffb636e0000 	C:\WINDOWS\SYSTEM32\ntdll.dll
0x00007ffb61a70000 - 0x00007ffb61b37000 	C:\WINDOWS\System32\KERNEL32.DLL
0x00007ffb60aa0000 - 0x00007ffb60e6b000 	C:\WINDOWS\System32\KERNELBASE.dll
0x00007ffb60130000 - 0x00007ffb60546000 	C:\Program Files\SentinelOne\Sentinel Agent 24.1.4.257\InProcessClient64.dll
0x00007ffb63380000 - 0x00007ffb63433000 	C:\WINDOWS\System32\ADVAPI32.dll
0x00007ffb628f0000 - 0x00007ffb62999000 	C:\WINDOWS\System32\msvcrt.dll
0x00007ffb62580000 - 0x00007ffb62626000 	C:\WINDOWS\System32\sechost.dll
0x00007ffb61b50000 - 0x00007ffb61c66000 	C:\WINDOWS\System32\RPCRT4.dll
0x00007ffb60660000 - 0x00007ffb607ab000 	C:\WINDOWS\System32\ucrtbase.dll
0x00007ffb576c0000 - 0x00007ffb576d9000 	C:\Program Files\Java\jdk-21\bin\jli.dll
0x00007ffb54e10000 - 0x00007ffb54e2b000 	C:\Program Files\Java\jdk-21\bin\VCRUNTIME140.dll
0x00007ffb61790000 - 0x00007ffb6195c000 	C:\WINDOWS\System32\USER32.dll
0x00007ffb60fc0000 - 0x00007ffb60fe7000 	C:\WINDOWS\System32\win32u.dll
0x00007ffb40a70000 - 0x00007ffb40d07000 	C:\WINDOWS\WinSxS\amd64_microsoft.windows.common-controls_6595b64144ccf1df_6.0.26100.3624_none_3e086962e3345f24\COMCTL32.dll
0x00007ffb61300000 - 0x00007ffb6132a000 	C:\WINDOWS\System32\GDI32.dll
0x00007ffb61080000 - 0x00007ffb611b1000 	C:\WINDOWS\System32\gdi32full.dll
0x00007ffb60f10000 - 0x00007ffb60fb3000 	C:\WINDOWS\System32\msvcp_win.dll
0x00007ffb600b0000 - 0x00007ffb600bb000 	C:\WINDOWS\SYSTEM32\VERSION.dll
0x00007ffb600a0000 - 0x00007ffb600ac000 	C:\WINDOWS\SYSTEM32\FLTLIB.DLL
0x00007ffb62630000 - 0x00007ffb6265f000 	C:\WINDOWS\System32\IMM32.DLL
0x00007ffb59070000 - 0x00007ffb5907c000 	C:\Program Files\Java\jdk-21\bin\vcruntime140_1.dll
0x00007ffb47050000 - 0x00007ffb470de000 	C:\Program Files\Java\jdk-21\bin\msvcp140.dll
0x00007ffaee4f0000 - 0x00007ffaef208000 	C:\Program Files\Java\jdk-21\bin\server\jvm.dll
0x00007ffb63120000 - 0x00007ffb63194000 	C:\WINDOWS\System32\WS2_32.dll
0x00007ffb600c0000 - 0x00007ffb6011e000 	C:\WINDOWS\SYSTEM32\POWRPROF.dll
0x00007ffb4e9e0000 - 0x00007ffb4ea16000 	C:\WINDOWS\SYSTEM32\WINMM.dll
0x00007ffb5fec0000 - 0x00007ffb5fed4000 	C:\WINDOWS\SYSTEM32\UMPDC.dll
0x00007ffb5eff0000 - 0x00007ffb5f00a000 	C:\WINDOWS\SYSTEM32\kernel.appcore.dll
0x00007ffb576b0000 - 0x00007ffb576ba000 	C:\Program Files\Java\jdk-21\bin\jimage.dll
0x00007ffb5d9c0000 - 0x00007ffb5dc01000 	C:\WINDOWS\SYSTEM32\DBGHELP.DLL
0x00007ffb61c70000 - 0x00007ffb61ff3000 	C:\WINDOWS\System32\combase.dll
0x00007ffb62810000 - 0x00007ffb628e6000 	C:\WINDOWS\System32\OLEAUT32.dll
0x00007ffb428a0000 - 0x00007ffb428d9000 	C:\WINDOWS\SYSTEM32\dbgcore.DLL
0x00007ffb60e70000 - 0x00007ffb60f09000 	C:\WINDOWS\System32\bcryptPrimitives.dll
0x00007ffb18920000 - 0x00007ffb189cd000 	C:\Program Files\SentinelOne\Sentinel Agent 24.1.4.257\SentinelJava64.dll
0x00007ffb61490000 - 0x00007ffb614f4000 	C:\WINDOWS\System32\SHLWAPI.dll
0x00007ffb62670000 - 0x00007ffb62806000 	C:\WINDOWS\System32\ole32.dll
0x00007ffb54c50000 - 0x00007ffb54c6f000 	C:\Program Files\Java\jdk-21\bin\java.dll
0x00007ffb629f0000 - 0x00007ffb63119000 	C:\WINDOWS\System32\SHELL32.dll
0x00007ffb60930000 - 0x00007ffb60a98000 	C:\WINDOWS\System32\wintypes.dll
0x00007ffb5de80000 - 0x00007ffb5e6d2000 	C:\WINDOWS\SYSTEM32\windows.storage.dll
0x00007ffb62490000 - 0x00007ffb6257d000 	C:\WINDOWS\System32\SHCORE.dll
0x00007ffb60570000 - 0x00007ffb6059f000 	C:\WINDOWS\SYSTEM32\profapi.dll
0x00007ffb38d80000 - 0x00007ffb38e57000 	C:\Program Files\Java\jdk-21\bin\jsvml.dll
0x00007ffb55f90000 - 0x00007ffb55fa0000 	C:\Program Files\Java\jdk-21\bin\net.dll
0x00007ffb564f0000 - 0x00007ffb5660d000 	C:\WINDOWS\SYSTEM32\WINHTTP.dll
0x00007ffb5f4f0000 - 0x00007ffb5f55a000 	C:\WINDOWS\system32\mswsock.dll
0x00007ffb54580000 - 0x00007ffb54596000 	C:\Program Files\Java\jdk-21\bin\nio.dll
0x00007ffb54560000 - 0x00007ffb54578000 	C:\Program Files\Java\jdk-21\bin\zip.dll
0x00007ffb547b0000 - 0x00007ffb547ba000 	C:\Program Files\Java\jdk-21\bin\management.dll
0x00007ffb54000000 - 0x00007ffb5400b000 	C:\Program Files\Java\jdk-21\bin\management_ext.dll
0x0000022241d10000 - 0x0000022241d18000 	C:\WINDOWS\System32\PSAPI.DLL
0x00007ffb53ff0000 - 0x00007ffb53ffe000 	C:\Program Files\Java\jdk-21\bin\sunmscapi.dll
0x00007ffb607b0000 - 0x00007ffb60927000 	C:\WINDOWS\System32\CRYPT32.dll
0x00007ffb5f9e0000 - 0x00007ffb5fa10000 	C:\WINDOWS\SYSTEM32\ncrypt.dll
0x00007ffb5f990000 - 0x00007ffb5f9cf000 	C:\WINDOWS\SYSTEM32\NTASN1.dll
0x00007ffb5f8a0000 - 0x00007ffb5f8bc000 	C:\WINDOWS\SYSTEM32\CRYPTSP.dll
0x00007ffb5ef50000 - 0x00007ffb5ef8a000 	C:\WINDOWS\system32\rsaenh.dll
0x00007ffb5f590000 - 0x00007ffb5f5bb000 	C:\WINDOWS\SYSTEM32\USERENV.dll
0x00007ffb5fa20000 - 0x00007ffb5fa46000 	C:\WINDOWS\SYSTEM32\bcrypt.dll
0x00007ffb5f720000 - 0x00007ffb5f72c000 	C:\WINDOWS\SYSTEM32\CRYPTBASE.dll
0x00007ffb5ea00000 - 0x00007ffb5ea33000 	C:\WINDOWS\SYSTEM32\IPHLPAPI.DLL
0x00007ffb61a60000 - 0x00007ffb61a6a000 	C:\WINDOWS\System32\NSI.dll
0x00007ffb53fe0000 - 0x00007ffb53ff0000 	C:\Program Files\Java\jdk-21\bin\verify.dll
0x00007ffb5ea40000 - 0x00007ffb5eb65000 	C:\WINDOWS\SYSTEM32\DNSAPI.dll
0x00007ffb55a40000 - 0x00007ffb55a4b000 	C:\Windows\System32\rasadhlp.dll
0x00007ffb59300000 - 0x00007ffb59385000 	C:\WINDOWS\System32\fwpuclnt.dll
0x00007ffb53100000 - 0x00007ffb53109000 	C:\Program Files\Java\jdk-21\bin\extnet.dll
0x00007ffb46de0000 - 0x00007ffb46de8000 	C:\WINDOWS\system32\wshunix.dll

dbghelp: loaded successfully - version: 4.0.5 - missing functions: none
symbol engine: initialized successfully - sym options: 0x614 - pdb path: .;C:\Program Files\Java\jdk-21\bin;C:\WINDOWS\SYSTEM32;C:\Program Files\SentinelOne\Sentinel Agent 24.1.4.257;C:\WINDOWS\WinSxS\amd64_microsoft.windows.common-controls_6595b64144ccf1df_6.0.26100.3624_none_3e086962e3345f24;C:\Program Files\Java\jdk-21\bin\server

VM Arguments:
jvm_args: -Dfile.encoding=UTF-8 -Dstdout.encoding=UTF-8 -Dstderr.encoding=UTF-8 -XX:+ShowCodeDetailsInExceptionMessages -agentpath:C:\Program Files\SentinelOne\Sentinel Agent 24.1.4.257\SentinelJava64.dll=extendedCapabilities 
java_command: com.my.hrms.HrmsApplication
java_class_path (initial): D:\hrms\target\classes;C:\Users\Dhruti Parmar\.m2\repository\org\springframework\boot\spring-boot-starter-web\3.4.4\spring-boot-starter-web-3.4.4.jar;C:\Users\Dhruti Parmar\.m2\repository\org\springframework\boot\spring-boot-starter\3.4.4\spring-boot-starter-3.4.4.jar;C:\Users\Dhruti Parmar\.m2\repository\org\springframework\boot\spring-boot-starter-logging\3.4.4\spring-boot-starter-logging-3.4.4.jar;C:\Users\Dhruti Parmar\.m2\repository\ch\qos\logback\logback-classic\1.5.18\logback-classic-1.5.18.jar;C:\Users\Dhruti Parmar\.m2\repository\ch\qos\logback\logback-core\1.5.18\logback-core-1.5.18.jar;C:\Users\Dhruti Parmar\.m2\repository\org\apache\logging\log4j\log4j-to-slf4j\2.24.3\log4j-to-slf4j-2.24.3.jar;C:\Users\Dhruti Parmar\.m2\repository\org\apache\logging\log4j\log4j-api\2.24.3\log4j-api-2.24.3.jar;C:\Users\Dhruti Parmar\.m2\repository\org\slf4j\jul-to-slf4j\2.0.17\jul-to-slf4j-2.0.17.jar;C:\Users\Dhruti Parmar\.m2\repository\jakarta\annotation\jakarta.annotation-api\2.1.1\jakarta.annotation-api-2.1.1.jar;C:\Users\Dhruti Parmar\.m2\repository\org\yaml\snakeyaml\2.3\snakeyaml-2.3.jar;C:\Users\Dhruti Parmar\.m2\repository\org\springframework\boot\spring-boot-starter-json\3.4.4\spring-boot-starter-json-3.4.4.jar;C:\Users\Dhruti Parmar\.m2\repository\com\fasterxml\jackson\core\jackson-databind\2.18.3\jackson-databind-2.18.3.jar;C:\Users\Dhruti Parmar\.m2\repository\com\fasterxml\jackson\core\jackson-annotations\2.18.3\jackson-annotations-2.18.3.jar;C:\Users\Dhruti Parmar\.m2\repository\com\fasterxml\jackson\core\jackson-core\2.18.3\jackson-core-2.18.3.jar;C:\Users\Dhruti Parmar\.m2\repository\com\fasterxml\jackson\datatype\jackson-datatype-jdk8\2.18.3\jackson-datatype-jdk8-2.18.3.jar;C:\Users\Dhruti Parmar\.m2\repository\com\fasterxml\jackson\datatype\jackson-datatype-jsr310\2.18.3\jackson-datatype-jsr310-2.18.3.jar;C:\Users\Dhruti Parmar\.m2\repository\com\fasterxml\jackson\module\jackson-module-parameter-names\2.18.3\jackson-module-parameter-names-2.18.3.jar;C:\Users\Dhruti Parmar\.m2\repository\org\springframework\boot\spring-boot-starter-tomcat\3.4.4\spring-boot-starter-tomcat-3.4.4.jar;C:\Users\Dhruti Parmar\.m2\repository\org\apache\tomcat\embed\tomcat-embed-websocket\10.1.39\tomcat-embed-websocket-10.1.39.jar;C:\Users\Dhruti Parmar\.m2\repository\org\springframework\spring-web\6.2.5\spring-web-6.2.5.jar;C:\Users\Dhruti Parmar\.m2\repository\io\micrometer\micrometer-observation\1.14.5\micrometer-observation-1.14.5.jar;C:\Users\Dhruti Parmar\.m2\repository\io\micrometer\micrometer-commons\1.14.5\micrometer-commons-1.14.5.jar;C:\Users\Dhruti Parmar\.m2\repository\org\springframework\spring-webmvc\6.2.5\spring-webmvc-6.2.5.jar;C:\Users\Dhruti Parmar\.m2\repository\org\springframework\boot\spring-boot-starter-data-jpa\3.4.4\spring-boot-starter-data-jpa-3.4.4.jar;C:\Users\Dhruti Parmar\.m2\repository\org\springframework\boot\spring-boot-starter-jdbc\3.4.4\spring-boot-starter-jdbc-3.4.4.jar;C:\Users\Dhruti Parmar\.m2\repository\com\zaxxer\HikariCP\5.1.0\HikariCP-5.1.0.jar;C:\Users\Dhruti Parmar\.m2\repository\org\springframework\spring-jdbc\6.2.5\spring-jdbc-6.2.5.jar;C:\Users\Dhruti Parmar\.m2\repository\org\hibernate\orm\hibernate-core\6.6.11.Final\hibernate-core-6.6.11.Final.jar;C:\Users\Dhruti Parmar\.m2\repository\jakarta\persistence\jakarta.persistence-api\3.1.0\jakarta.persistence-api-3.1.0.jar;C:\Users\Dhruti Parmar\.m2\repository\jakarta\transaction\jakarta.transaction-api\2.0.1\jakarta.transaction-api-2.0.1.jar;C:\Users\Dhruti Parmar\.m2\repository\org\jboss\logging\jboss-logging\3.6.1.Final\jboss-logging-3.6.1.Final.jar;C:\Users\Dhruti Parmar\.m2\repository\org\hibernate\common\hibernate-commons-annotations\7.0.3.Final\hibernate-commons-annotations-7.0.3.Final.jar;C:\Users\Dhruti Parmar\.m2\repository\io\smallrye\jandex\3.2.0\jandex-3.2.0.jar;C:\Users\Dhruti Parmar\.m2\repository\com\fasterxml\classmate\1.7.0\classmate-1.7.0.jar;C:\Users\Dhruti Parmar\.m2\repository\net\bytebuddy\byte-buddy\1.15.11\byte-buddy-1.15.11.jar;C:\Users\Dhruti Parmar\.m2\repository\org\glassfish\jaxb\jaxb-runtime\4.0.5\jaxb-runtime-4.0.5.jar;C:\Users\Dhruti Parmar\.m2\repository\org\glassfish\jaxb\jaxb-core\4.0.5\jaxb-core-4.0.5.jar;C:\Users\Dhruti Parmar\.m2\repository\org\eclipse\angus\angus-activation\2.0.2\angus-activation-2.0.2.jar;C:\Users\Dhruti Parmar\.m2\repository\org\glassfish\jaxb\txw2\4.0.5\txw2-4.0.5.jar;C:\Users\Dhruti Parmar\.m2\repository\com\sun\istack\istack-commons-runtime\4.1.2\istack-commons-runtime-4.1.2.jar;C:\Users\Dhruti Parmar\.m2\repository\jakarta\inject\jakarta.inject-api\2.0.1\jakarta.inject-api-2.0.1.jar;C:\Users\Dhruti Parmar\.m2\repository\org\antlr\antlr4-runtime\4.13.0\antlr4-runtime-4.13.0.jar;C:\Users\Dhruti Parmar\.m2\repository\org\springframework\data\spring-data-jpa\3.4.4\spring-data-jpa-3.4.4.jar;C:\Users\Dhruti Parmar\.m2\repository\org\springframework\data\spring-data-commons\3.4.4\spring-data-commons-3.4.4.jar;C:\Users\Dhruti Parmar\.m2\repository\org\springframework\spring-orm\6.2.5\spring-orm-6.2.5.jar;C:\Users\Dhruti Parmar\.m2\repository\org\springframework\spring-tx\6.2.5\spring-tx-6.2.5.jar;C:\Users\Dhruti Parmar\.m2\repository\org\slf4j\slf4j-api\2.0.17\slf4j-api-2.0.17.jar;C:\Users\Dhruti Parmar\.m2\repository\org\springframework\spring-aspects\6.2.5\spring-aspects-6.2.5.jar;C:\Users\Dhruti Parmar\.m2\repository\org\aspectj\aspectjweaver\1.9.23\aspectjweaver-1.9.23.jar;C:\Users\Dhruti Parmar\.m2\repository\org\springframework\boot\spring-boot-starter-validation\3.4.4\spring-boot-starter-validation-3.4.4.jar;C:\Users\Dhruti Parmar\.m2\repository\org\apache\tomcat\embed\tomcat-embed-el\10.1.39\tomcat-embed-el-10.1.39.jar;C:\Users\Dhruti Parmar\.m2\repository\org\hibernate\validator\hibernate-validator\8.0.2.Final\hibernate-validator-8.0.2.Final.jar;C:\Users\Dhruti Parmar\.m2\repository\jakarta\validation\jakarta.validation-api\3.0.2\jakarta.validation-api-3.0.2.jar;C:\Users\Dhruti Parmar\.m2\repository\com\mysql\mysql-connector-j\9.1.0\mysql-connector-j-9.1.0.jar;C:\Users\Dhruti Parmar\.m2\repository\org\apache\tomcat\embed\tomcat-embed-jasper\10.1.39\tomcat-embed-jasper-10.1.39.jar;C:\Users\Dhruti Parmar\.m2\repository\org\apache\tomcat\embed\tomcat-embed-core\10.1.39\tomcat-embed-core-10.1.39.jar;C:\Users\Dhruti Parmar\.m2\repository\org\apache\tomcat\tomcat-annotations-api\10.1.39\tomcat-annotations-api-10.1.39.jar;C:\Users\Dhruti Parmar\.m2\repository\org\eclipse\jdt\ecj\3.33.0\ecj-3.33.0.jar;C:\Users\Dhruti Parmar\.m2\repository\org\springframework\boot\spring-boot-starter-security\3.4.4\spring-boot-starter-security-3.4.4.jar;C:\Users\Dhruti Parmar\.m2\repository\org\springframework\spring-aop\6.2.5\spring-aop-6.2.5.jar;C:\Users\Dhruti Parmar\.m2\repository\org\springframework\security\spring-security-config\6.4.4\spring-security-config-6.4.4.jar;C:\Users\Dhruti Parmar\.m2\repository\org\springframework\security\spring-security-web\6.4.4\spring-security-web-6.4.4.jar;C:\Users\Dhruti Parmar\.m2\repository\org\springframework\security\spring-security-core\6.4.4\spring-security-core-6.4.4.jar;C:\Users\Dhruti Parmar\.m2\repository\org\springframework\security\spring-security-crypto\6.4.4\spring-security-crypto-6.4.4.jar;C:\Users\Dhruti Parmar\.m2\repository\org\springframework\spring-core\6.2.5\spring-core-6.2.5.jar;C:\Users\Dhruti Parmar\.m2\repository\org\springframework\spring-jcl\6.2.5\spring-jcl-6.2.5.jar;C:\Users\Dhruti Parmar\.m2\repository\org\springframework\security\spring-security-taglibs\6.1.5\spring-security-taglibs-6.1.5.jar;C:\Users\Dhruti Parmar\.m2\repository\org\springframework\security\spring-security-acl\6.4.4\spring-security-acl-6.4.4.jar;C:\Users\Dhruti Parmar\.m2\repository\org\springframework\spring-beans\6.2.5\spring-beans-6.2.5.jar;C:\Users\Dhruti Parmar\.m2\repository\org\springframework\spring-context\6.2.5\spring-context-6.2.5.jar;C:\Users\Dhruti Parmar\.m2\repository\org\springframework\spring-expression\6.2.5\spring-expression-6.2.5.jar;C:\Users\Dhruti Parmar\.m2\repository\jakarta\servlet\jsp\jstl\jakarta.servlet.jsp.jstl-api\3.0.0\jakarta.servlet.jsp.jstl-api-3.0.0.jar;C:\Users\Dhruti Parmar\.m2\repository\jakarta\servlet\jakarta.servlet-api\6.0.0\jakarta.servlet-api-6.0.0.jar;C:\Users\Dhruti Parmar\.m2\repository\jakarta\el\jakarta.el-api\5.0.0\jakarta.el-api-5.0.0.jar;C:\Users\Dhruti Parmar\.m2\repository\org\glassfish\web\jakarta.servlet.jsp.jstl\3.0.1\jakarta.servlet.jsp.jstl-3.0.1.jar;C:\Users\Dhruti Parmar\.m2\repository\org\springframework\boot\spring-boot-devtools\3.4.4\spring-boot-devtools-3.4.4.jar;C:\Users\Dhruti Parmar\.m2\repository\org\springframework\boot\spring-boot\3.4.4\spring-boot-3.4.4.jar;C:\Users\Dhruti Parmar\.m2\repository\org\springframework\boot\spring-boot-autoconfigure\3.4.4\spring-boot-autoconfigure-3.4.4.jar;C:\Users\Dhruti Parmar\.m2\repository\org\projectlombok\lombok\1.18.36\lombok-1.18.36.jar;C:\Users\Dhruti Parmar\.m2\repository\jakarta\xml\bind\jakarta.xml.bind-api\4.0.2\jakarta.xml.bind-api-4.0.2.jar;C:\Users\Dhruti Parmar\.m2\repository\jakarta\activation\jakarta.activation-api\2.1.3\jakarta.activation-api-2.1.3.jar
Launcher Type: SUN_STANDARD

[Global flags]
     intx CICompilerCount                          = 4                                         {product} {ergonomic}
     uint ConcGCThreads                            = 2                                         {product} {ergonomic}
     uint G1ConcRefinementThreads                  = 8                                         {product} {ergonomic}
   size_t G1HeapRegionSize                         = 4194304                                   {product} {ergonomic}
    uintx GCDrainStackTargetSize                   = 64                                        {product} {ergonomic}
   size_t InitialHeapSize                          = 532676608                                 {product} {ergonomic}
   size_t MarkStackSize                            = 4194304                                   {product} {ergonomic}
   size_t MaxHeapSize                              = 8514437120                                {product} {ergonomic}
   size_t MaxNewSize                               = 5108662272                                {product} {ergonomic}
   size_t MinHeapDeltaBytes                        = 4194304                                   {product} {ergonomic}
   size_t MinHeapSize                              = 8388608                                   {product} {ergonomic}
    uintx NonNMethodCodeHeapSize                   = 5839372                                {pd product} {ergonomic}
    uintx NonProfiledCodeHeapSize                  = 122909434                              {pd product} {ergonomic}
    uintx ProfiledCodeHeapSize                     = 122909434                              {pd product} {ergonomic}
    uintx ReservedCodeCacheSize                    = 251658240                              {pd product} {ergonomic}
     bool SegmentedCodeCache                       = true                                      {product} {ergonomic}
     bool ShowCodeDetailsInExceptionMessages       = true                                   {manageable} {command line}
   size_t SoftMaxHeapSize                          = 8514437120                             {manageable} {ergonomic}
     bool UseCompressedOops                        = true                           {product lp64_product} {ergonomic}
     bool UseG1GC                                  = true                                      {product} {ergonomic}
     bool UseLargePagesIndividualAllocation        = false                                  {pd product} {ergonomic}

Logging:
Log output configuration:
 #0: stdout all=warning uptime,level,tags foldmultilines=false
 #1: stderr all=off uptime,level,tags foldmultilines=false

Environment Variables:
JAVA_HOME=C:\Program Files\Java\jdk-21
PATH=C:/Users/Dhruti Parmar/.p2/pool/plugins/org.eclipse.justj.openjdk.hotspot.jre.full.win32.x86_64_23.0.1.v20241024-1700/jre/bin/server;C:/Users/Dhruti Parmar/.p2/pool/plugins/org.eclipse.justj.openjdk.hotspot.jre.full.win32.x86_64_23.0.1.v20241024-1700/jre/bin;D:\Apache Maven\apache-maven-3.9.9\bin;D:\Node Js\;C:\ProgramData\chocolatey\bin;C:\Users\Dhruti Parmar\AppData\Local\Microsoft\WindowsApps;D:\Git\cmd;D:\Apache Maven\apache-maven-3.9.9\bin;C:\Program Files\Java\jdk-21\bin;D:\Microsoft VS Code\bin;C:\Users\Dhruti Parmar\AppData\Roaming\npm;C:\Users\Dhruti Parmar\Desktop;
USERNAME=Dhruti Parmar
OS=Windows_NT
PROCESSOR_IDENTIFIER=Intel64 Family 6 Model 140 Stepping 1, GenuineIntel
TMP=C:\Users\DHRUTI~1\AppData\Local\Temp
TEMP=C:\Users\DHRUTI~1\AppData\Local\Temp




Periodic native trim disabled

---------------  S Y S T E M  ---------------

OS:
 Windows 11 , 64 bit Build 26100 (10.0.26100.3624)
OS uptime: 3 days 7:43 hours
Hyper-V role detected

CPU: total 8 (initial active 8) (4 cores per cpu, 2 threads per core) family 6 model 140 stepping 1 microcode 0x86, cx8, cmov, fxsr, ht, mmx, 3dnowpref, sse, sse2, sse3, ssse3, sse4.1, sse4.2, popcnt, lzcnt, tsc, tscinvbit, avx, avx2, aes, erms, clmul, bmi1, bmi2, adx, avx512f, avx512dq, avx512cd, avx512bw, avx512vl, sha, fma, vzeroupper, avx512_vpopcntdq, avx512_vpclmulqdq, avx512_vaes, avx512_vnni, clflush, clflushopt, clwb, avx512_vbmi2, avx512_vbmi, hv, rdtscp, rdpid, fsrm, gfni, avx512_bitalg, f16c, cet_ibt, cet_ss, avx512_ifma
Processor Information for processor 0
  Max Mhz: 2803, Current Mhz: 2803, Mhz Limit: 2803
Processor Information for processor 1
  Max Mhz: 2803, Current Mhz: 2803, Mhz Limit: 2803
Processor Information for processor 2
  Max Mhz: 2803, Current Mhz: 1201, Mhz Limit: 2803
Processor Information for processor 3
  Max Mhz: 2803, Current Mhz: 2803, Mhz Limit: 2803
Processor Information for processor 4
  Max Mhz: 2803, Current Mhz: 1201, Mhz Limit: 2803
Processor Information for processor 5
  Max Mhz: 2803, Current Mhz: 2803, Mhz Limit: 2803
Processor Information for processor 6
  Max Mhz: 2803, Current Mhz: 1201, Mhz Limit: 2803
Processor Information for processor 7
  Max Mhz: 2803, Current Mhz: 1201, Mhz Limit: 2803

Memory: 4k page, system-wide physical 32466M (18585M free)
TotalPageFile size 34514M (AvailPageFile size 19107M)
current process WorkingSet (physical memory assigned to process): 426M, peak: 445M
current process commit charge ("private bytes"): 454M, peak: 676M

vm_info: Java HotSpot(TM) 64-Bit Server VM (21.0.5+9-LTS-239) for windows-amd64 JRE (21.0.5+9-LTS-239), built on 2024-09-30T05:17:38Z by "mach5one" with MS VC++ 17.6 (VS2022)

END.
