#
# A fatal error has been detected by the Java Runtime Environment:
#
#  EXCEPTION_ACCESS_VIOLATION (0xc0000005) at pc=0x0000024c3bdcfbf3, pid=10920, tid=1260
#
# JRE version: Java(TM) SE Runtime Environment (21.0.5+9) (build 21.0.5+9-LTS-239)
# Java VM: Java HotSpot(TM) 64-Bit Server VM (21.0.5+9-LTS-239, mixed mode, sharing, tiered, compressed oops, compressed class ptrs, g1 gc, windows-amd64)
# Problematic frame:
# J 10200 c1 jakarta.servlet.http.HttpServletRequestWrapper.getDateHeader(Ljava/lang/String;)J (11 bytes) @ 0x0000024c3bdcfbf3 [0x0000024c3bdcfb40+0x00000000000000b3]
#
# No core dump will be written. Minidumps are not enabled by default on client versions of Windows
#
# If you would like to submit a bug report, please visit:
#   https://bugreport.java.com/bugreport/crash.jsp
#

---------------  S U M M A R Y ------------

Command Line: -Dfile.encoding=UTF-8 -Dstdout.encoding=UTF-8 -Dstderr.encoding=UTF-8 -XX:+ShowCodeDetailsInExceptionMessages -agentpath:C:\Program Files\SentinelOne\Sentinel Agent 24.1.4.257\SentinelJava64.dll=extendedCapabilities com.my.hrms.HrmsApplication

Host: 11th Gen Intel(R) Core(TM) i7-1165G7 @ 2.80GHz, 8 cores, 31G,  Windows 11 , 64 bit Build 26100 (10.0.26100.3624)
Time: Fri Apr 11 12:42:07 2025 India Standard Time elapsed time: 50.432636 seconds (0d 0h 0m 50s)

---------------  T H R E A D  ---------------

Current thread (0x0000024ca11aea80):  JavaThread "http-nio-8080-exec-3" daemon [_thread_in_Java, id=1260, stack(0x000000e6baa00000,0x000000e6bab00000) (1024K)]

Stack: [0x000000e6baa00000,0x000000e6bab00000],  sp=0x000000e6baaf7390,  free space=988k
Native frames: (J=compiled Java code, j=interpreted, Vv=VM code, C=native code)
C  0x0000024c3bdcfbf3

The last pc belongs to nmethod (printed below).

siginfo: EXCEPTION_ACCESS_VIOLATION (0xc0000005), reading address 0x000000000000000c


Registers:
RAX=0x0000024ca611f6c0, RBX=0x0000024ca611f6c0, RCX=0x000000e6baaf7620, RDX=0x0000000000000000
RSP=0x000000e6baaf7390, RBP=0x000000e6baaf75d0, RSI=0x0000000000000000, RDI=0x0000024ca653d498
R8 =0x000000060901b300, R9 =0x0000000000000001, R10=0x0000000000000000, R11=0x0000024c3bdcfb60
R12=0x0000000000000000, R13=0x000000e6baaf73f0, R14=0x0000000000000001, R15=0x0000024ca11aea80
RIP=0x0000024c3bdcfbf3, EFLAGS=0x0000000000010212


Register to memory mapping:

RAX={method} {0x0000024ca611f6c8} 'getDateHeader' '(Ljava/lang/String;)J' in 'jakarta/servlet/http/HttpServletRequestWrapper'
RBX={method} {0x0000024ca611f6c8} 'getDateHeader' '(Ljava/lang/String;)J' in 'jakarta/servlet/http/HttpServletRequestWrapper'
RCX=0x000000e6baaf7620 is pointing into the stack for thread: 0x0000024ca11aea80
RDX=0x0 is null
RSP=0x000000e6baaf7390 is pointing into the stack for thread: 0x0000024ca11aea80
RBP=0x000000e6baaf75d0 is pointing into the stack for thread: 0x0000024ca11aea80
RSI=0x0 is null
RDI=0x0000024ca653d498 is pointing into metadata
R8 =0x000000060901b300 is an oop: org.springframework.security.web.servletapi.HttpServlet3RequestFactory$Servlet3SecurityContextHolderAwareRequestWrapper 
{0x000000060901b300} - klass: 'org/springframework/security/web/servletapi/HttpServlet3RequestFactory$Servlet3SecurityContextHolderAwareRequestWrapper'
 - ---- fields (total size 5 words):
 - private 'request' 'Ljakarta/servlet/ServletRequest;' @12  a 'org/springframework/security/web/firewall/StrictHttpFirewall$StrictFirewalledRequest'{0x000000060901b110} (0xc1203622)
 - private 'securityContextHolderStrategy' 'Lorg/springframework/security/core/context/SecurityContextHolderStrategy;' @16  a 'org/springframework/security/core/context/ThreadLocalSecurityContextHolderStrategy'{0x00000006065e5670} (0xc0cbcace)
 - private final 'trustResolver' 'Lorg/springframework/security/authentication/AuthenticationTrustResolver;' @20  a 'org/springframework/security/authentication/AuthenticationTrustResolverImpl'{0x0000000607045370} (0xc0e08a6e)
 - private final 'rolePrefix' 'Ljava/lang/String;' @24  "ROLE_"{0x000000060665f440} (0xc0ccbe88)
 - private final 'response' 'Ljakarta/servlet/http/HttpServletResponse;' @28  a 'org/springframework/security/web/firewall/FirewalledResponse'{0x000000060901b128} (0xc1203625)
 - final synthetic 'this$0' 'Lorg/springframework/security/web/servletapi/HttpServlet3RequestFactory;' @32  a 'org/springframework/security/web/servletapi/HttpServlet3RequestFactory'{0x0000000607045328} (0xc0e08a65)
R9 =0x0000000000000001 is an unknown value
R10=0x0 is null
R11=0x0000024c3bdcfb60 is at entry_point+32 in (nmethod*)0x0000024c3bdcf990
Compiled method (c1)   50484 10200       3       jakarta.servlet.http.HttpServletRequestWrapper::getDateHeader (11 bytes)
 total in heap  [0x0000024c3bdcf990,0x0000024c3bdcff88] = 1528
 relocation     [0x0000024c3bdcfae8,0x0000024c3bdcfb40] = 88
 main code      [0x0000024c3bdcfb40,0x0000024c3bdcfe60] = 800
 stub code      [0x0000024c3bdcfe60,0x0000024c3bdcfea8] = 72
 oops           [0x0000024c3bdcfea8,0x0000024c3bdcfeb0] = 8
 metadata       [0x0000024c3bdcfeb0,0x0000024c3bdcfec8] = 24
 scopes data    [0x0000024c3bdcfec8,0x0000024c3bdcff00] = 56
 scopes pcs     [0x0000024c3bdcff00,0x0000024c3bdcff70] = 112
 dependencies   [0x0000024c3bdcff70,0x0000024c3bdcff78] = 8
 nul chk table  [0x0000024c3bdcff78,0x0000024c3bdcff88] = 16
R12=0x0 is null
R13=0x000000e6baaf73f0 is pointing into the stack for thread: 0x0000024ca11aea80
R14=0x0000000000000001 is an unknown value
R15=0x0000024ca11aea80 is a thread

Top of Stack: (sp=0x000000e6baaf7390)
0x000000e6baaf7390:   0000000000000032 0000020800000000
0x000000e6baaf73a0:   0000024c2fc31800 0000000000000000
0x000000e6baaf73b0:   0000024c2fc302c0 0000000000000000
0x000000e6baaf73c0:   0000000000000000 0000000000000080
0x000000e6baaf73d0:   000000e600000064 0000024c2fc30cc0
0x000000e6baaf73e0:   000000e6baaf75d0 0000024c420310e7
0x000000e6baaf73f0:   000000060901b300 0000000000000000
0x000000e6baaf7400:   0000000000000000 0000000000000000
0x000000e6baaf7410:   0000000000000000 0000000000000000
0x000000e6baaf7420:   0000000000000000 0000000000000000
0x000000e6baaf7430:   0000000000000000 0000000000000000
0x000000e6baaf7440:   0000000000000000 0000000000000000
0x000000e6baaf7450:   0000000000000000 0000000000000000
0x000000e6baaf7460:   0000000000000000 0000000000000000
0x000000e6baaf7470:   0000000000000000 0000000000000000
0x000000e6baaf7480:   0000000000000000 0000000000000000
0x000000e6baaf7490:   0000000000000000 0000000000000000
0x000000e6baaf74a0:   0000000000000000 0000000000000000
0x000000e6baaf74b0:   0000000000000000 0000000000000000
0x000000e6baaf74c0:   0000000000000000 0000000000000000
0x000000e6baaf74d0:   0000000000000000 0000000000000000
0x000000e6baaf74e0:   0000000000000000 0000000000000000
0x000000e6baaf74f0:   0000000000000000 0000000000000000
0x000000e6baaf7500:   0000000000000000 0000000000000000
0x000000e6baaf7510:   0000000000000000 0000000000000000
0x000000e6baaf7520:   0000000000000000 0000000068b389fe
0x000000e6baaf7530:   0000000000000000 19e601c482998bc2
0x000000e6baaf7540:   19e601c419e601c4 00000000f4cb1f0f
0x000000e6baaf7550:   0000000000000000 0000000607760fa8
0x000000e6baaf7560:   0000000000000000 000000060901db30
0x000000e6baaf7570:   0000000000000000 0000000000000032
0x000000e6baaf7580:   0000000000000000 0000000000000017 

Instructions: (pc=0x0000024c3bdcfbf3)
0x0000024c3bdcfaf3:   60 1e 60 16 60 2f 31 0f 60 8d 60 22 60 0a 78 ad
0x0000024c3bdcfb03:   11 05 80 0d 58 0e 60 17 31 0a 60 17 31 0e 31 05
0x0000024c3bdcfb13:   31 5e 78 05 40 11 31 27 31 09 00 01 7c 9b fd 05
0x0000024c3bdcfb23:   28 00 60 0a 31 05 31 03 7c e9 ee a0 36 fa 7f 05
0x0000024c3bdcfb33:   38 0e 30 01 7c 32 ff 0d 48 0c 31 00 00 44 8b 52
0x0000024c3bdcfb43:   08 49 bb 00 00 00 57 4c 02 00 00 4d 03 d3 4c 3b
0x0000024c3bdcfb53:   d0 0f 85 26 ee 2a 06 66 0f 1f 44 00 00 89 84 24
0x0000024c3bdcfb63:   00 80 ff ff 55 48 83 ec 50 41 81 7f 20 08 00 00
0x0000024c3bdcfb73:   00 74 05 e8 05 62 29 06 48 be 90 1c e4 a6 4c 02
0x0000024c3bdcfb83:   00 00 8b be cc 00 00 00 83 c7 02 89 be cc 00 00
0x0000024c3bdcfb93:   00 81 e7 fe 07 00 00 85 ff 0f 84 2d 02 00 00 48
0x0000024c3bdcfba3:   8b f2 48 bf 90 1c e4 a6 4c 02 00 00 48 83 87 10
0x0000024c3bdcfbb3:   01 00 00 01 48 be 98 d4 53 a6 4c 02 00 00 8b be
0x0000024c3bdcfbc3:   cc 00 00 00 83 c7 02 89 be cc 00 00 00 81 e7 fe
0x0000024c3bdcfbd3:   ff 1f 00 85 ff 0f 84 12 02 00 00 48 8b f2 48 bf
0x0000024c3bdcfbe3:   98 d4 53 a6 4c 02 00 00 48 83 87 10 01 00 00 01
0x0000024c3bdcfbf3:   8b 72 0c 48 c1 e6 03 48 85 f6 75 16 48 bb 98 d4
0x0000024c3bdcfc03:   53 a6 4c 02 00 00 80 8b 19 01 00 00 01 e9 e7 00
0x0000024c3bdcfc13:   00 00 48 b8 30 cf 29 58 4c 02 00 00 8b 5e 08 49
0x0000024c3bdcfc23:   ba 00 00 00 57 4c 02 00 00 49 03 da 48 3b 43 20
0x0000024c3bdcfc33:   0f 84 1a 00 00 00 48 3b d8 0f 84 11 00 00 00 53
0x0000024c3bdcfc43:   50 e8 b7 53 38 06 5b 5b 85 db 0f 84 8d 00 00 00
0x0000024c3bdcfc53:   48 bb 98 d4 53 a6 4c 02 00 00 8b 46 08 49 ba 00
0x0000024c3bdcfc63:   00 00 57 4c 02 00 00 49 03 c2 48 3b 83 30 01 00
0x0000024c3bdcfc73:   00 75 0d 48 83 83 38 01 00 00 01 e9 79 00 00 00
0x0000024c3bdcfc83:   48 3b 83 40 01 00 00 75 0d 48 83 83 48 01 00 00
0x0000024c3bdcfc93:   01 e9 63 00 00 00 48 83 bb 30 01 00 00 00 75 17
0x0000024c3bdcfca3:   48 89 83 30 01 00 00 48 c7 83 38 01 00 00 01 00
0x0000024c3bdcfcb3:   00 00 e9 42 00 00 00 48 83 bb 40 01 00 00 00 75
0x0000024c3bdcfcc3:   17 48 89 83 40 01 00 00 48 c7 83 48 01 00 00 01
0x0000024c3bdcfcd3:   00 00 00 e9 21 00 00 00 e9 1c 00 00 00 48 bb 98
0x0000024c3bdcfce3:   d4 53 a6 4c 02 00 00 48 83 ab 20 01 00 00 01 e9 


Stack slot to memory mapping:

stack at sp + 0 slots: 0x0000000000000032 is an unknown value
stack at sp + 1 slots: 0x0000020800000000 is an unknown value
stack at sp + 2 slots: 0x0000024c2fc31800 points into unknown readable memory: 0x0000024c2fc30cc0 | c0 0c c3 2f 4c 02 00 00
stack at sp + 3 slots: 0x0 is null
stack at sp + 4 slots: 0x0000024c2fc302c0 points into unknown readable memory: 0x0108000900070008 | 08 00 07 00 09 00 08 01
stack at sp + 5 slots: 0x0 is null
stack at sp + 6 slots: 0x0 is null
stack at sp + 7 slots: 0x0000000000000080 is an unknown value


Compiled method (c1)   50648 10200       3       jakarta.servlet.http.HttpServletRequestWrapper::getDateHeader (11 bytes)
 total in heap  [0x0000024c3bdcf990,0x0000024c3bdcff88] = 1528
 relocation     [0x0000024c3bdcfae8,0x0000024c3bdcfb40] = 88
 main code      [0x0000024c3bdcfb40,0x0000024c3bdcfe60] = 800
 stub code      [0x0000024c3bdcfe60,0x0000024c3bdcfea8] = 72
 oops           [0x0000024c3bdcfea8,0x0000024c3bdcfeb0] = 8
 metadata       [0x0000024c3bdcfeb0,0x0000024c3bdcfec8] = 24
 scopes data    [0x0000024c3bdcfec8,0x0000024c3bdcff00] = 56
 scopes pcs     [0x0000024c3bdcff00,0x0000024c3bdcff70] = 112
 dependencies   [0x0000024c3bdcff70,0x0000024c3bdcff78] = 8
 nul chk table  [0x0000024c3bdcff78,0x0000024c3bdcff88] = 16

[Constant Pool (empty)]

[MachCode]
[Entry Point]
  # {method} {0x0000024ca611f6c8} 'getDateHeader' '(Ljava/lang/String;)J' in 'jakarta/servlet/http/HttpServletRequestWrapper'
  # this:     rdx:rdx   = 'jakarta/servlet/http/HttpServletRequestWrapper'
  # parm0:    r8:r8     = 'java/lang/String'
  #           [sp+0x60]  (sp of caller)
  0x0000024c3bdcfb40: 448b 5208 | 49bb 0000 | 0057 4c02 | 0000 4d03 | d34c 3bd0 

  0x0000024c3bdcfb54: ;   {runtime_call ic_miss_stub}
  0x0000024c3bdcfb54: 0f85 26ee | 2a06 660f | 1f44 0000 
[Verified Entry Point]
  0x0000024c3bdcfb60: 8984 2400 | 80ff ff55 | 4883 ec50 | 4181 7f20 | 0800 0000 

  0x0000024c3bdcfb74: ;   {runtime_call StubRoutines (final stubs)}
  0x0000024c3bdcfb74: 7405 e805 

  0x0000024c3bdcfb78: ;   {metadata(method data for {method} {0x0000024ca611f6c8} 'getDateHeader' '(Ljava/lang/String;)J' in 'jakarta/servlet/http/HttpServletRequestWrapper')}
  0x0000024c3bdcfb78: 6229 0648 | be90 1ce4 | a64c 0200 | 008b becc | 0000 0083 | c702 89be | cc00 0000 | 81e7 fe07 
  0x0000024c3bdcfb98: 0000 85ff | 0f84 2d02 | 0000 488b 

  0x0000024c3bdcfba4: ;   {metadata(method data for {method} {0x0000024ca611f6c8} 'getDateHeader' '(Ljava/lang/String;)J' in 'jakarta/servlet/http/HttpServletRequestWrapper')}
  0x0000024c3bdcfba4: f248 bf90 | 1ce4 a64c | 0200 0048 | 8387 1001 

  0x0000024c3bdcfbb4: ;   {metadata(method data for {method} {0x0000024ca611f4a8} '_getHttpServletRequest' '()Ljakarta/servlet/http/HttpServletRequest;' in 'jakarta/servlet/http/HttpServletRequestWrapper')}
  0x0000024c3bdcfbb4: 0000 0148 | be98 d453 | a64c 0200 | 008b becc | 0000 0083 | c702 89be | cc00 0000 | 81e7 feff 
  0x0000024c3bdcfbd4: 1f00 85ff | 0f84 1202 | 0000 488b 

  0x0000024c3bdcfbe0: ;   {metadata(method data for {method} {0x0000024ca611f4a8} '_getHttpServletRequest' '()Ljakarta/servlet/http/HttpServletRequest;' in 'jakarta/servlet/http/HttpServletRequestWrapper')}
  0x0000024c3bdcfbe0: f248 bf98 | d453 a64c | 0200 0048 | 8387 1001 | 0000 018b | 720c 48c1 | e603 4885 

  0x0000024c3bdcfbfc: ;   {metadata(method data for {method} {0x0000024ca611f4a8} '_getHttpServletRequest' '()Ljakarta/servlet/http/HttpServletRequest;' in 'jakarta/servlet/http/HttpServletRequestWrapper')}
  0x0000024c3bdcfbfc: f675 1648 | bb98 d453 | a64c 0200 | 0080 8b19 | 0100 0001 | e9e7 0000 

  0x0000024c3bdcfc14: ;   {metadata('jakarta/servlet/http/HttpServletRequest')}
  0x0000024c3bdcfc14: 0048 b830 | cf29 584c | 0200 008b | 5e08 49ba | 0000 0057 | 4c02 0000 | 4903 da48 | 3b43 200f 
  0x0000024c3bdcfc34: 841a 0000 | 0048 3bd8 | 0f84 1100 | 0000 5350 

  0x0000024c3bdcfc44: ;   {runtime_call slow_subtype_check Runtime1 stub}
  0x0000024c3bdcfc44: e8b7 5338 | 065b 5b85 | db0f 848d 

  0x0000024c3bdcfc50: ;   {metadata(method data for {method} {0x0000024ca611f4a8} '_getHttpServletRequest' '()Ljakarta/servlet/http/HttpServletRequest;' in 'jakarta/servlet/http/HttpServletRequestWrapper')}
  0x0000024c3bdcfc50: 0000 0048 | bb98 d453 | a64c 0200 | 008b 4608 | 49ba 0000 | 0057 4c02 | 0000 4903 | c248 3b83 
  0x0000024c3bdcfc70: 3001 0000 | 750d 4883 | 8338 0100 | 0001 e979 | 0000 0048 | 3b83 4001 | 0000 750d | 4883 8348 
  0x0000024c3bdcfc90: 0100 0001 | e963 0000 | 0048 83bb | 3001 0000 | 0075 1748 | 8983 3001 | 0000 48c7 | 8338 0100 
  0x0000024c3bdcfcb0: 0001 0000 | 00e9 4200 | 0000 4883 | bb40 0100 | 0000 7517 | 4889 8340 | 0100 0048 | c783 4801 
  0x0000024c3bdcfcd0: 0000 0100 | 0000 e921 | 0000 00e9 | 1c00 0000 

  0x0000024c3bdcfce0: ;   {metadata(method data for {method} {0x0000024ca611f4a8} '_getHttpServletRequest' '()Ljakarta/servlet/http/HttpServletRequest;' in 'jakarta/servlet/http/HttpServletRequestWrapper')}
  0x0000024c3bdcfce0: 48bb 98d4 | 53a6 4c02 | 0000 4883 | ab20 0100 | 0001 e91a | 0100 00e9 | 0000 0000 

  0x0000024c3bdcfcfc: ; implicit exception: dispatches to 0x0000024c3bdcfe1a
  0x0000024c3bdcfcfc: 483b 0648 

  0x0000024c3bdcfd00: ;   {metadata(method data for {method} {0x0000024ca611f6c8} 'getDateHeader' '(Ljava/lang/String;)J' in 'jakarta/servlet/http/HttpServletRequestWrapper')}
  0x0000024c3bdcfd00: 8bfe 48bb | 901c e4a6 | 4c02 0000 | 8b7f 0849 | ba00 0000 | 574c 0200 | 0049 03fa | 483b bb58 
  0x0000024c3bdcfd20: 0100 0075 | 0d48 8383 | 6001 0000 | 01e9 6000 | 0000 483b | bb68 0100 | 0075 0d48 | 8383 7001 
  0x0000024c3bdcfd40: 0000 01e9 | 4a00 0000 | 4883 bb58 | 0100 0000 | 7517 4889 | bb58 0100 | 0048 c783 | 6001 0000 
  0x0000024c3bdcfd60: 0100 0000 | e929 0000 | 0048 83bb | 6801 0000 | 0075 1748 | 89bb 6801 | 0000 48c7 | 8370 0100 
  0x0000024c3bdcfd80: 0001 0000 | 00e9 0800 | 0000 4883 | 8348 0100 | 0001 498b | f84c 8bc7 | 4889 5424 | 3848 8bd6 
  0x0000024c3bdcfda0: 4889 7c24 | 4048 b830 | 0850 a14c 

  0x0000024c3bdcfdac: ;   {virtual_call}
  0x0000024c3bdcfdac: 0200 00e8 

  0x0000024c3bdcfdb0: ; ImmutableOopMap {[56]=Oop [64]=Oop }
                      ;*invokeinterface getDateHeader {reexecute=0 rethrow=0 return_oop=0}
                      ; - jakarta.servlet.http.HttpServletRequestWrapper::getDateHeader@5 (line 74)
  0x0000024c3bdcfdb0: a408 4706 

  0x0000024c3bdcfdb4: ;   {other}
  0x0000024c3bdcfdb4: 0f1f 8400 | 2404 0000 | 4883 c450 

  0x0000024c3bdcfdc0: ;   {poll_return}
  0x0000024c3bdcfdc0: 5d49 3ba7 | 4804 0000 | 0f87 5100 

  0x0000024c3bdcfdcc: ;   {metadata({method} {0x0000024ca611f6c8} 'getDateHeader' '(Ljava/lang/String;)J' in 'jakarta/servlet/http/HttpServletRequestWrapper')}
  0x0000024c3bdcfdcc: 0000 c349 | bac0 f611 | a64c 0200 | 004c 8954 | 2408 48c7 | 0424 ffff 

  0x0000024c3bdcfde4: ;   {runtime_call counter_overflow Runtime1 stub}
  0x0000024c3bdcfde4: ffff e815 

  0x0000024c3bdcfde8: ; ImmutableOopMap {rdx=Oop r8=Oop }
                      ;*synchronization entry
                      ; - jakarta.servlet.http.HttpServletRequestWrapper::getDateHeader@-1 (line 74)
  0x0000024c3bdcfde8: 9a38 06e9 | b2fd ffff 

  0x0000024c3bdcfdf0: ;   {metadata({method} {0x0000024ca611f4a8} '_getHttpServletRequest' '()Ljakarta/servlet/http/HttpServletRequest;' in 'jakarta/servlet/http/HttpServletRequestWrapper')}
  0x0000024c3bdcfdf0: 49ba a0f4 | 11a6 4c02 | 0000 4c89 | 5424 0848 | c704 24ff 

  0x0000024c3bdcfe04: ;   {runtime_call counter_overflow Runtime1 stub}
  0x0000024c3bdcfe04: ffff ffe8 

  0x0000024c3bdcfe08: ; ImmutableOopMap {rdx=Oop r8=Oop }
                      ;*synchronization entry
                      ; - jakarta.servlet.http.HttpServletRequestWrapper::_getHttpServletRequest@-1 (line 50)
                      ; - jakarta.servlet.http.HttpServletRequestWrapper::getDateHeader@1 (line 74)
  0x0000024c3bdcfe08: f499 3806 | e9cd fdff | ff48 8934 

  0x0000024c3bdcfe14: ;   {runtime_call throw_class_cast_exception Runtime1 stub}
  0x0000024c3bdcfe14: 24e8 064c 

  0x0000024c3bdcfe18: ; ImmutableOopMap {rdx=Oop r8=Oop }
                      ;*checkcast {reexecute=0 rethrow=0 return_oop=0}
                      ; - jakarta.servlet.http.HttpServletRequestWrapper::_getHttpServletRequest@4 (line 50)
                      ; - jakarta.servlet.http.HttpServletRequestWrapper::getDateHeader@1 (line 74)
                      ;   {runtime_call throw_null_pointer_exception Runtime1 stub}
  0x0000024c3bdcfe18: 3806 e801 

  0x0000024c3bdcfe1c: ; ImmutableOopMap {rdx=Oop r8=Oop rsi=Oop }
                      ;*invokeinterface getDateHeader {reexecute=0 rethrow=0 return_oop=0}
                      ; - jakarta.servlet.http.HttpServletRequestWrapper::getDateHeader@5 (line 74)
                      ;   {internal_word}
  0x0000024c3bdcfe1c: 2038 0649 | bac1 fddc | 3b4c 0200 | 004d 8997 | 6004 0000 

  0x0000024c3bdcfe30: ;   {runtime_call SafepointBlob}
  0x0000024c3bdcfe30: e94b 6d2b | 0649 8b87 | f804 0000 | 49c7 87f8 | 0400 0000 | 0000 0049 | c787 0005 | 0000 0000 
  0x0000024c3bdcfe50: 0000 4883 

  0x0000024c3bdcfe54: ;   {runtime_call unwind_exception Runtime1 stub}
  0x0000024c3bdcfe54: c450 5de9 | a404 3806 | f4f4 f4f4 
[Stub Code]
  0x0000024c3bdcfe60: ;   {no_reloc}
  0x0000024c3bdcfe60: 0f1f 4400 

  0x0000024c3bdcfe64: ;   {static_stub}
  0x0000024c3bdcfe64: 0048 bb00 | 0000 0000 

  0x0000024c3bdcfe6c: ;   {runtime_call}
  0x0000024c3bdcfe6c: 0000 00e9 | fbff ffff 
[Exception Handler]
  0x0000024c3bdcfe74: ;   {runtime_call handle_exception_from_callee Runtime1 stub}
  0x0000024c3bdcfe74: e887 4538 

  0x0000024c3bdcfe78: ;   {external_word}
  0x0000024c3bdcfe78: 0648 b9a0 | 36e9 eefa | 7f00 0048 

  0x0000024c3bdcfe84: ;   {runtime_call}
  0x0000024c3bdcfe84: 83e4 f048 | b850 24b1 | eefa 7f00 | 00ff d0f4 
[Deopt Handler Code]
  0x0000024c3bdcfe94: ;   {section_word}
  0x0000024c3bdcfe94: 49ba 94fe | dc3b 4c02 | 0000 4152 

  0x0000024c3bdcfea0: ;   {runtime_call DeoptimizationBlob}
  0x0000024c3bdcfea0: e97b 812b | 06f4 f4f4 
[/MachCode]


---------------  P R O C E S S  ---------------

Threads class SMR info:
_java_thread_list=0x0000024ca0db5c40, length=30, elements={
0x0000024c53eb7b10, 0x0000024c53eb8710, 0x0000024c53ebe3c0, 0x0000024c567d9f90,
0x0000024c567dab10, 0x0000024c567e3e20, 0x0000024c567ea390, 0x0000024c53ebffe0,
0x0000024c569696a0, 0x0000024c56975c30, 0x0000024ca02a4cf0, 0x0000024c9f427ef0,
0x0000024c9f42c090, 0x0000024c9f4271d0, 0x0000024c9f427860, 0x0000024c9f425e20,
0x0000024c9f429fc0, 0x0000024c9f42ba00, 0x0000024ca02a3fd0, 0x0000024ca02a2590,
0x0000024ca11aea80, 0x0000024ca11ae3f0, 0x0000024ca11add60, 0x0000024ca11af110,
0x0000024ca11af7a0, 0x0000024ca11afe30, 0x0000024ca11b04c0, 0x0000024ca11ad040,
0x0000024ca11b0b50, 0x0000024ca11ad6d0
}

Java Threads: ( => current thread )
  0x0000024c53eb7b10 JavaThread "Reference Handler"          daemon [_thread_blocked, id=13784, stack(0x000000e6b8700000,0x000000e6b8800000) (1024K)]
  0x0000024c53eb8710 JavaThread "Finalizer"                  daemon [_thread_blocked, id=9936, stack(0x000000e6b8800000,0x000000e6b8900000) (1024K)]
  0x0000024c53ebe3c0 JavaThread "Signal Dispatcher"          daemon [_thread_blocked, id=5036, stack(0x000000e6b8900000,0x000000e6b8a00000) (1024K)]
  0x0000024c567d9f90 JavaThread "Attach Listener"            daemon [_thread_blocked, id=7804, stack(0x000000e6b8a00000,0x000000e6b8b00000) (1024K)]
  0x0000024c567dab10 JavaThread "Service Thread"             daemon [_thread_blocked, id=24960, stack(0x000000e6b8b00000,0x000000e6b8c00000) (1024K)]
  0x0000024c567e3e20 JavaThread "Monitor Deflation Thread"   daemon [_thread_blocked, id=25500, stack(0x000000e6b8c00000,0x000000e6b8d00000) (1024K)]
  0x0000024c567ea390 JavaThread "C2 CompilerThread0"         daemon [_thread_blocked, id=23884, stack(0x000000e6b8d00000,0x000000e6b8e00000) (1024K)]
  0x0000024c53ebffe0 JavaThread "C1 CompilerThread0"         daemon [_thread_blocked, id=22572, stack(0x000000e6b8e00000,0x000000e6b8f00000) (1024K)]
  0x0000024c569696a0 JavaThread "Notification Thread"        daemon [_thread_blocked, id=23508, stack(0x000000e6b8f00000,0x000000e6b9000000) (1024K)]
  0x0000024c56975c30 JavaThread "Common-Cleaner"             daemon [_thread_blocked, id=9996, stack(0x000000e6b9000000,0x000000e6b9100000) (1024K)]
  0x0000024ca02a4cf0 JavaThread "mysql-cj-abandoned-connection-cleanup" daemon [_thread_blocked, id=19648, stack(0x000000e6ba000000,0x000000e6ba100000) (1024K)]
  0x0000024c9f427ef0 JavaThread "Live Reload Server"         daemon [_thread_in_native, id=15056, stack(0x000000e6ba600000,0x000000e6ba700000) (1024K)]
  0x0000024c9f42c090 JavaThread "DestroyJavaVM"                     [_thread_blocked, id=24320, stack(0x000000e6b7f00000,0x000000e6b8000000) (1024K)]
  0x0000024c9f4271d0 JavaThread "Catalina-utility-1"                [_thread_blocked, id=11804, stack(0x000000e6b9f00000,0x000000e6ba000000) (1024K)]
  0x0000024c9f427860 JavaThread "Catalina-utility-2"                [_thread_blocked, id=17268, stack(0x000000e6ba200000,0x000000e6ba300000) (1024K)]
  0x0000024c9f425e20 JavaThread "container-0"                       [_thread_blocked, id=22176, stack(0x000000e6ba300000,0x000000e6ba400000) (1024K)]
  0x0000024c9f429fc0 JavaThread "HikariPool-2 housekeeper"   daemon [_thread_blocked, id=8380, stack(0x000000e6ba400000,0x000000e6ba500000) (1024K)]
  0x0000024c9f42ba00 JavaThread "File Watcher"               daemon [_thread_blocked, id=19156, stack(0x000000e6ba700000,0x000000e6ba800000) (1024K)]
  0x0000024ca02a3fd0 JavaThread "http-nio-8080-exec-1"       daemon [_thread_blocked, id=15460, stack(0x000000e6ba800000,0x000000e6ba900000) (1024K)]
  0x0000024ca02a2590 JavaThread "http-nio-8080-exec-2"       daemon [_thread_blocked, id=17480, stack(0x000000e6ba900000,0x000000e6baa00000) (1024K)]
=>0x0000024ca11aea80 JavaThread "http-nio-8080-exec-3"       daemon [_thread_in_Java, id=1260, stack(0x000000e6baa00000,0x000000e6bab00000) (1024K)]
  0x0000024ca11ae3f0 JavaThread "http-nio-8080-exec-4"       daemon [_thread_blocked, id=13732, stack(0x000000e6bab00000,0x000000e6bac00000) (1024K)]
  0x0000024ca11add60 JavaThread "http-nio-8080-exec-5"       daemon [_thread_blocked, id=20792, stack(0x000000e6bac00000,0x000000e6bad00000) (1024K)]
  0x0000024ca11af110 JavaThread "http-nio-8080-exec-6"       daemon [_thread_blocked, id=25564, stack(0x000000e6bad00000,0x000000e6bae00000) (1024K)]
  0x0000024ca11af7a0 JavaThread "http-nio-8080-exec-7"       daemon [_thread_blocked, id=11756, stack(0x000000e6bae00000,0x000000e6baf00000) (1024K)]
  0x0000024ca11afe30 JavaThread "http-nio-8080-exec-8"       daemon [_thread_blocked, id=18736, stack(0x000000e6baf00000,0x000000e6bb000000) (1024K)]
  0x0000024ca11b04c0 JavaThread "http-nio-8080-exec-9"       daemon [_thread_blocked, id=7092, stack(0x000000e6bb000000,0x000000e6bb100000) (1024K)]
  0x0000024ca11ad040 JavaThread "http-nio-8080-exec-10"      daemon [_thread_blocked, id=18032, stack(0x000000e6bb100000,0x000000e6bb200000) (1024K)]
  0x0000024ca11b0b50 JavaThread "http-nio-8080-Poller"       daemon [_thread_in_native, id=23404, stack(0x000000e6bb200000,0x000000e6bb300000) (1024K)]
  0x0000024ca11ad6d0 JavaThread "http-nio-8080-Acceptor"     daemon [_thread_in_native, id=16068, stack(0x000000e6bb300000,0x000000e6bb400000) (1024K)]
Total: 30

Other Threads:
  0x0000024c53e896b0 VMThread "VM Thread"                           [id=13264, stack(0x000000e6b8600000,0x000000e6b8700000) (1024K)]
  0x0000024c567d1920 WatcherThread "VM Periodic Task Thread"        [id=9064, stack(0x000000e6b8500000,0x000000e6b8600000) (1024K)]
  0x0000024c53d10800 WorkerThread "GC Thread#0"                     [id=23632, stack(0x000000e6b8000000,0x000000e6b8100000) (1024K)]
  0x0000024c9cb86270 WorkerThread "GC Thread#1"                     [id=6464, stack(0x000000e6b9300000,0x000000e6b9400000) (1024K)]
  0x0000024c9cc947a0 WorkerThread "GC Thread#2"                     [id=15448, stack(0x000000e6b9400000,0x000000e6b9500000) (1024K)]
  0x0000024c9c9f5ae0 WorkerThread "GC Thread#3"                     [id=10844, stack(0x000000e6b9500000,0x000000e6b9600000) (1024K)]
  0x0000024c9c9f5e80 WorkerThread "GC Thread#4"                     [id=24844, stack(0x000000e6b9600000,0x000000e6b9700000) (1024K)]
  0x0000024c9c9bce90 WorkerThread "GC Thread#5"                     [id=848, stack(0x000000e6b9700000,0x000000e6b9800000) (1024K)]
  0x0000024c9c9bb530 WorkerThread "GC Thread#6"                     [id=7064, stack(0x000000e6b9800000,0x000000e6b9900000) (1024K)]
  0x0000024c9c9bb8d0 WorkerThread "GC Thread#7"                     [id=8528, stack(0x000000e6b9900000,0x000000e6b9a00000) (1024K)]
  0x0000024c3273d400 ConcurrentGCThread "G1 Main Marker"            [id=8536, stack(0x000000e6b8100000,0x000000e6b8200000) (1024K)]
  0x0000024c3273e5d0 WorkerThread "G1 Conc#0"                       [id=13676, stack(0x000000e6b8200000,0x000000e6b8300000) (1024K)]
  0x0000024c9e93e5b0 WorkerThread "G1 Conc#1"                       [id=11948, stack(0x000000e6b9d00000,0x000000e6b9e00000) (1024K)]
  0x0000024c53db6350 ConcurrentGCThread "G1 Refine#0"               [id=3528, stack(0x000000e6b8300000,0x000000e6b8400000) (1024K)]
  0x0000024c53dbdab0 ConcurrentGCThread "G1 Service"                [id=17988, stack(0x000000e6b8400000,0x000000e6b8500000) (1024K)]
Total: 15

Threads with active compile tasks:
Total: 0

VM state: not at safepoint (normal execution)

VM Mutex/Monitor currently owned by a thread: None

Heap address: 0x0000000604800000, size: 8120 MB, Compressed Oops mode: Zero based, Oop shift amount: 3

CDS archive(s) mapped at: [0x0000024c57000000-0x0000024c57c90000-0x0000024c57c90000), size 13172736, SharedBaseAddress: 0x0000024c57000000, ArchiveRelocationMode: 1.
Compressed class space mapped at: 0x0000024c58000000-0x0000024c98000000, reserved size: 1073741824
Narrow klass base: 0x0000024c57000000, Narrow klass shift: 0, Narrow klass range: 0x100000000

GC Precious Log:
 CardTable entry size: 512
 Card Set container configuration: InlinePtr #cards 4 size 8 Array Of Cards #cards 32 size 80 Howl #buckets 8 coarsen threshold 7372 Howl Bitmap #cards 1024 size 144 coarsen threshold 921 Card regions per heap region 1 cards per card region 8192
 CPUs: 8 total, 8 available
 Memory: 32466M
 Large Page Support: Disabled
 NUMA Support: Disabled
 Compressed Oops: Enabled (Zero based)
 Heap Region Size: 4M
 Heap Min Capacity: 8M
 Heap Initial Capacity: 508M
 Heap Max Capacity: 8120M
 Pre-touch: Disabled
 Parallel Workers: 8
 Concurrent Workers: 2
 Concurrent Refinement Workers: 8
 Periodic GC: Disabled

Heap:
 garbage-first heap   total 139264K, used 102843K [0x0000000604800000, 0x0000000800000000)
  region size 4096K, 18 young (73728K), 2 survivors (8192K)
 Metaspace       used 92461K, committed 93248K, reserved 1179648K
  class space    used 11907K, committed 12288K, reserved 1048576K

Heap Regions: E=young(eden), S=young(survivor), O=old, HS=humongous(starts), HC=humongous(continues), CS=collection set, F=free, TAMS=top-at-mark-start, PB=parsable bottom
|   0|0x0000000604800000, 0x0000000604bffff0, 0x0000000604c00000| 99%| O|  |TAMS 0x0000000604800000| PB 0x0000000604800000| Untracked 
|   1|0x0000000604c00000, 0x0000000604ffffc8, 0x0000000605000000| 99%| O|  |TAMS 0x0000000604c00000| PB 0x0000000604c00000| Untracked 
|   2|0x0000000605000000, 0x00000006053b7200, 0x0000000605400000| 92%| O|  |TAMS 0x0000000605000000| PB 0x0000000605000000| Untracked 
|   3|0x0000000605400000, 0x000000060579f850, 0x0000000605800000| 90%| O|  |TAMS 0x0000000605400000| PB 0x0000000605400000| Untracked 
|   4|0x0000000605800000, 0x0000000605b51ac0, 0x0000000605c00000| 82%| O|  |TAMS 0x0000000605800000| PB 0x0000000605800000| Untracked 
|   5|0x0000000605c00000, 0x0000000605f78848, 0x0000000606000000| 86%| O|  |TAMS 0x0000000605c00000| PB 0x0000000605c00000| Untracked 
|   6|0x0000000606000000, 0x00000006063fffc0, 0x0000000606400000| 99%| O|  |TAMS 0x0000000606000000| PB 0x0000000606000000| Untracked 
|   7|0x0000000606400000, 0x00000006067fffe8, 0x0000000606800000| 99%| O|  |TAMS 0x0000000606400000| PB 0x0000000606400000| Untracked 
|   8|0x0000000606800000, 0x0000000606800000, 0x0000000606c00000|  0%| F|  |TAMS 0x0000000606800000| PB 0x0000000606800000| Untracked 
|   9|0x0000000606c00000, 0x0000000606c00000, 0x0000000607000000|  0%| F|  |TAMS 0x0000000606c00000| PB 0x0000000606c00000| Untracked 
|  10|0x0000000607000000, 0x000000060724c4d0, 0x0000000607400000| 57%| S|CS|TAMS 0x0000000607000000| PB 0x0000000607000000| Complete 
|  11|0x0000000607400000, 0x0000000607800000, 0x0000000607800000|100%| S|CS|TAMS 0x0000000607400000| PB 0x0000000607400000| Complete 
|  12|0x0000000607800000, 0x0000000607ab0448, 0x0000000607c00000| 67%| O|  |TAMS 0x0000000607800000| PB 0x0000000607800000| Untracked 
|  13|0x0000000607c00000, 0x0000000607d51730, 0x0000000608000000| 32%| O|  |TAMS 0x0000000607c00000| PB 0x0000000607c00000| Untracked 
|  14|0x0000000608000000, 0x0000000608000000, 0x0000000608400000|  0%| F|  |TAMS 0x0000000608000000| PB 0x0000000608000000| Untracked 
|  15|0x0000000608400000, 0x0000000608400000, 0x0000000608800000|  0%| F|  |TAMS 0x0000000608400000| PB 0x0000000608400000| Untracked 
|  16|0x0000000608800000, 0x0000000608800000, 0x0000000608c00000|  0%| F|  |TAMS 0x0000000608800000| PB 0x0000000608800000| Untracked 
|  17|0x0000000608c00000, 0x0000000608c00000, 0x0000000609000000|  0%| F|  |TAMS 0x0000000608c00000| PB 0x0000000608c00000| Untracked 
|  18|0x0000000609000000, 0x00000006093326c0, 0x0000000609400000| 79%| E|  |TAMS 0x0000000609000000| PB 0x0000000609000000| Complete 
|  19|0x0000000609400000, 0x0000000609800000, 0x0000000609800000|100%| E|CS|TAMS 0x0000000609400000| PB 0x0000000609400000| Complete 
|  20|0x0000000609800000, 0x0000000609c00000, 0x0000000609c00000|100%| E|CS|TAMS 0x0000000609800000| PB 0x0000000609800000| Complete 
|  21|0x0000000609c00000, 0x000000060a000000, 0x000000060a000000|100%| E|CS|TAMS 0x0000000609c00000| PB 0x0000000609c00000| Complete 
|  22|0x000000060a000000, 0x000000060a400000, 0x000000060a400000|100%| E|CS|TAMS 0x000000060a000000| PB 0x000000060a000000| Complete 
|  23|0x000000060a400000, 0x000000060a800000, 0x000000060a800000|100%| E|CS|TAMS 0x000000060a400000| PB 0x000000060a400000| Complete 
|  24|0x000000060a800000, 0x000000060ac00000, 0x000000060ac00000|100%| E|CS|TAMS 0x000000060a800000| PB 0x000000060a800000| Complete 
|  25|0x000000060ac00000, 0x000000060b000000, 0x000000060b000000|100%| E|CS|TAMS 0x000000060ac00000| PB 0x000000060ac00000| Complete 
|  26|0x000000060b000000, 0x000000060b400000, 0x000000060b400000|100%| E|CS|TAMS 0x000000060b000000| PB 0x000000060b000000| Complete 
|  27|0x000000060b400000, 0x000000060b800000, 0x000000060b800000|100%| E|CS|TAMS 0x000000060b400000| PB 0x000000060b400000| Complete 
|  28|0x000000060b800000, 0x000000060bc00000, 0x000000060bc00000|100%| E|CS|TAMS 0x000000060b800000| PB 0x000000060b800000| Complete 
|  29|0x000000060bc00000, 0x000000060c000000, 0x000000060c000000|100%| E|CS|TAMS 0x000000060bc00000| PB 0x000000060bc00000| Complete 
|  30|0x000000060c000000, 0x000000060c400000, 0x000000060c400000|100%| E|CS|TAMS 0x000000060c000000| PB 0x000000060c000000| Complete 
|  31|0x000000060c400000, 0x000000060c800000, 0x000000060c800000|100%| E|CS|TAMS 0x000000060c400000| PB 0x000000060c400000| Complete 
|  32|0x000000060c800000, 0x000000060cc00000, 0x000000060cc00000|100%| E|CS|TAMS 0x000000060c800000| PB 0x000000060c800000| Complete 
|  33|0x000000060cc00000, 0x000000060d000000, 0x000000060d000000|100%| E|CS|TAMS 0x000000060cc00000| PB 0x000000060cc00000| Complete 

Card table byte_map: [0x0000024c4ae10000,0x0000024c4bdf0000] _byte_map_base: 0x0000024c47dec000

Marking Bits: (CMBitMap*) 0x0000024c327374f0
 Bits: [0x0000024c4bdf0000, 0x0000024c53cd0000)

Polling page: 0x0000024c31d90000

Metaspace:

Usage:
  Non-class:     78.67 MB used.
      Class:     11.63 MB used.
       Both:     90.29 MB used.

Virtual space:
  Non-class space:      128.00 MB reserved,      79.06 MB ( 62%) committed,  2 nodes.
      Class space:        1.00 GB reserved,      12.00 MB (  1%) committed,  1 nodes.
             Both:        1.12 GB reserved,      91.06 MB (  8%) committed. 

Chunk freelists:
   Non-Class:  912.00 KB
       Class:  3.97 MB
        Both:  4.86 MB

MaxMetaspaceSize: unlimited
CompressedClassSpaceSize: 1.00 GB
Initial GC threshold: 21.00 MB
Current GC threshold: 136.06 MB
CDS: on
 - commit_granule_bytes: 65536.
 - commit_granule_words: 8192.
 - virtual_space_node_default_size: 8388608.
 - enlarge_chunks_in_place: 1.
 - use_allocation_guard: 0.


Internal statistics:

num_allocs_failed_limit: 9.
num_arena_births: 1092.
num_arena_deaths: 0.
num_vsnodes_births: 3.
num_vsnodes_deaths: 0.
num_space_committed: 1457.
num_space_uncommitted: 0.
num_chunks_returned_to_freelist: 9.
num_chunks_taken_from_freelist: 4307.
num_chunk_merges: 9.
num_chunk_splits: 3131.
num_chunks_enlarged: 2447.
num_inconsistent_stats: 0.

CodeHeap 'non-profiled nmethods': size=120000Kb used=7518Kb max_used=7518Kb free=112481Kb
 bounds [0x0000024c425d0000, 0x0000024c42d30000, 0x0000024c49b00000]
CodeHeap 'profiled nmethods': size=120000Kb used=19423Kb max_used=19423Kb free=100576Kb
 bounds [0x0000024c3ab00000, 0x0000024c3be00000, 0x0000024c42030000]
CodeHeap 'non-nmethods': size=5760Kb used=2038Kb max_used=2097Kb free=3722Kb
 bounds [0x0000024c42030000, 0x0000024c422a0000, 0x0000024c425d0000]
 total_blobs=9964 nmethods=9163 adapters=704
 compilation: enabled
              stopped_count=0, restarted_count=0
 full_count=0

Compilation events (20 events):
Event: 48.019 Thread 0x0000024c53ebffe0 10242       3       org.apache.coyote.Response::doWrite (33 bytes)
Event: 48.019 Thread 0x0000024c53ebffe0 nmethod 10242 0x0000024c3bdef290 code [0x0000024c3bdef460, 0x0000024c3bdef7e0]
Event: 48.019 Thread 0x0000024c53ebffe0 10243   !   3       org.apache.catalina.connector.OutputBuffer::realWriteBytes (45 bytes)
Event: 48.020 Thread 0x0000024c53ebffe0 nmethod 10243 0x0000024c3bdef910 code [0x0000024c3bdefae0, 0x0000024c3bdefee8]
Event: 49.018 Thread 0x0000024c53ebffe0 10245       3       java.util.concurrent.atomic.AtomicLong::set (12 bytes)
Event: 49.018 Thread 0x0000024c53ebffe0 nmethod 10245 0x0000024c3bdf0110 code [0x0000024c3bdf02a0, 0x0000024c3bdf03c8]
Event: 49.018 Thread 0x0000024c53ebffe0 10246       3       java.util.concurrent.atomic.AtomicLong::getAndSet (12 bytes)
Event: 49.018 Thread 0x0000024c53ebffe0 nmethod 10246 0x0000024c3bdf0490 code [0x0000024c3bdf0620, 0x0000024c3bdf0738]
Event: 49.018 Thread 0x0000024c53ebffe0 10247       3       jdk.internal.misc.Unsafe::getAndSetLong (24 bytes)
Event: 49.018 Thread 0x0000024c53ebffe0 nmethod 10247 0x0000024c3bdf0810 code [0x0000024c3bdf09c0, 0x0000024c3bdf0c00]
Event: 50.027 Thread 0x0000024c53ebffe0 10249       3       sun.nio.ch.WEPollSelectorImpl::processEvents (152 bytes)
Event: 50.028 Thread 0x0000024c53ebffe0 nmethod 10249 0x0000024c3bdf0d10 code [0x0000024c3bdf0fa0, 0x0000024c3bdf1c38]
Event: 50.029 Thread 0x0000024c53ebffe0 10250   !   3       org.apache.tomcat.util.net.NioEndpoint$Poller::timeout (501 bytes)
Event: 50.034 Thread 0x0000024c53ebffe0 nmethod 10250 0x0000024c3bdf2190 code [0x0000024c3bdf2640, 0x0000024c3bdf53b8]
Event: 50.034 Thread 0x0000024c53ebffe0 10248       3       sun.nio.ch.SelectorImpl::end (9 bytes)
Event: 50.035 Thread 0x0000024c53ebffe0 nmethod 10248 0x0000024c3bdf6510 code [0x0000024c3bdf66e0, 0x0000024c3bdf6a28]
Event: 50.414 Thread 0x0000024c53ebffe0 10251       3       sun.nio.ch.SelectorImpl::select (35 bytes)
Event: 50.415 Thread 0x0000024c53ebffe0 nmethod 10251 0x0000024c3bdf6c10 code [0x0000024c3bdf6de0, 0x0000024c3bdf70c0]
Event: 50.415 Thread 0x0000024c53ebffe0 10252       3       java.nio.channels.spi.AbstractSelector::begin (48 bytes)
Event: 50.415 Thread 0x0000024c53ebffe0 nmethod 10252 0x0000024c3bdf7190 code [0x0000024c3bdf7380, 0x0000024c3bdf7a30]

GC Heap History (20 events):
Event: 3.365 GC heap before
{Heap before GC invocations=7 (full 0):
 garbage-first heap   total 81920K, used 46403K [0x0000000604800000, 0x0000000800000000)
  region size 4096K, 9 young (36864K), 2 survivors (8192K)
 Metaspace       used 35464K, committed 35968K, reserved 1114112K
  class space    used 4454K, committed 4672K, reserved 1048576K
}
Event: 3.370 GC heap after
{Heap after GC invocations=8 (full 0):
 garbage-first heap   total 81920K, used 23258K [0x0000000604800000, 0x0000000800000000)
  region size 4096K, 2 young (8192K), 2 survivors (8192K)
 Metaspace       used 35464K, committed 35968K, reserved 1114112K
  class space    used 4454K, committed 4672K, reserved 1048576K
}
Event: 4.364 GC heap before
{Heap before GC invocations=9 (full 0):
 garbage-first heap   total 81920K, used 60122K [0x0000000604800000, 0x0000000800000000)
  region size 4096K, 11 young (45056K), 2 survivors (8192K)
 Metaspace       used 43369K, committed 43968K, reserved 1114112K
  class space    used 5627K, committed 5888K, reserved 1048576K
}
Event: 4.368 GC heap after
{Heap after GC invocations=10 (full 0):
 garbage-first heap   total 81920K, used 25785K [0x0000000604800000, 0x0000000800000000)
  region size 4096K, 1 young (4096K), 1 survivors (4096K)
 Metaspace       used 43369K, committed 43968K, reserved 1114112K
  class space    used 5627K, committed 5888K, reserved 1048576K
}
Event: 5.421 GC heap before
{Heap before GC invocations=10 (full 0):
 garbage-first heap   total 81920K, used 62649K [0x0000000604800000, 0x0000000800000000)
  region size 4096K, 11 young (45056K), 1 survivors (4096K)
 Metaspace       used 55651K, committed 56256K, reserved 1114112K
  class space    used 7097K, committed 7360K, reserved 1048576K
}
Event: 5.425 GC heap after
{Heap after GC invocations=11 (full 0):
 garbage-first heap   total 81920K, used 29127K [0x0000000604800000, 0x0000000800000000)
  region size 4096K, 2 young (8192K), 2 survivors (8192K)
 Metaspace       used 55651K, committed 56256K, reserved 1114112K
  class space    used 7097K, committed 7360K, reserved 1048576K
}
Event: 5.601 GC heap before
{Heap before GC invocations=11 (full 0):
 garbage-first heap   total 81920K, used 37319K [0x0000000604800000, 0x0000000800000000)
  region size 4096K, 5 young (20480K), 2 survivors (8192K)
 Metaspace       used 59642K, committed 60160K, reserved 1114112K
  class space    used 7702K, committed 7936K, reserved 1048576K
}
Event: 5.606 GC heap after
{Heap after GC invocations=12 (full 0):
 garbage-first heap   total 81920K, used 29990K [0x0000000604800000, 0x0000000800000000)
  region size 4096K, 1 young (4096K), 1 survivors (4096K)
 Metaspace       used 59642K, committed 60160K, reserved 1114112K
  class space    used 7702K, committed 7936K, reserved 1048576K
}
Event: 6.210 GC heap before
{Heap before GC invocations=13 (full 0):
 garbage-first heap   total 81920K, used 66854K [0x0000000604800000, 0x0000000800000000)
  region size 4096K, 10 young (40960K), 1 survivors (4096K)
 Metaspace       used 67198K, committed 67904K, reserved 1114112K
  class space    used 8831K, committed 9152K, reserved 1048576K
}
Event: 6.214 GC heap after
{Heap after GC invocations=14 (full 0):
 garbage-first heap   total 81920K, used 31975K [0x0000000604800000, 0x0000000800000000)
  region size 4096K, 2 young (8192K), 2 survivors (8192K)
 Metaspace       used 67198K, committed 67904K, reserved 1114112K
  class space    used 8831K, committed 9152K, reserved 1048576K
}
Event: 6.673 GC heap before
{Heap before GC invocations=14 (full 0):
 garbage-first heap   total 81920K, used 64743K [0x0000000604800000, 0x0000000800000000)
  region size 4096K, 10 young (40960K), 2 survivors (8192K)
 Metaspace       used 70492K, committed 71168K, reserved 1114112K
  class space    used 9458K, committed 9792K, reserved 1048576K
}
Event: 6.679 GC heap after
{Heap after GC invocations=15 (full 0):
 garbage-first heap   total 81920K, used 36001K [0x0000000604800000, 0x0000000800000000)
  region size 4096K, 2 young (8192K), 2 survivors (8192K)
 Metaspace       used 70492K, committed 71168K, reserved 1114112K
  class space    used 9458K, committed 9792K, reserved 1048576K
}
Event: 6.765 GC heap before
{Heap before GC invocations=15 (full 0):
 garbage-first heap   total 81920K, used 64673K [0x0000000604800000, 0x0000000800000000)
  region size 4096K, 9 young (36864K), 2 survivors (8192K)
 Metaspace       used 70515K, committed 71232K, reserved 1114112K
  class space    used 9458K, committed 9792K, reserved 1048576K
}
Event: 6.770 GC heap after
{Heap after GC invocations=16 (full 0):
 garbage-first heap   total 303104K, used 37061K [0x0000000604800000, 0x0000000800000000)
  region size 4096K, 2 young (8192K), 2 survivors (8192K)
 Metaspace       used 70515K, committed 71232K, reserved 1114112K
  class space    used 9458K, committed 9792K, reserved 1048576K
}
Event: 8.172 GC heap before
{Heap before GC invocations=16 (full 0):
 garbage-first heap   total 303104K, used 209093K [0x0000000604800000, 0x0000000800000000)
  region size 4096K, 44 young (180224K), 2 survivors (8192K)
 Metaspace       used 79559K, committed 80256K, reserved 1179648K
  class space    used 10831K, committed 11136K, reserved 1048576K
}
Event: 8.177 GC heap after
{Heap after GC invocations=17 (full 0):
 garbage-first heap   total 303104K, used 40687K [0x0000000604800000, 0x0000000800000000)
  region size 4096K, 3 young (12288K), 3 survivors (12288K)
 Metaspace       used 79559K, committed 80256K, reserved 1179648K
  class space    used 10831K, committed 11136K, reserved 1048576K
}
Event: 35.789 GC heap before
{Heap before GC invocations=17 (full 0):
 garbage-first heap   total 303104K, used 77551K [0x0000000604800000, 0x0000000800000000)
  region size 4096K, 13 young (53248K), 3 survivors (12288K)
 Metaspace       used 82811K, committed 83584K, reserved 1179648K
  class space    used 11192K, committed 11520K, reserved 1048576K
}
Event: 35.830 GC heap after
{Heap after GC invocations=18 (full 1):
 garbage-first heap   total 139264K, used 34954K [0x0000000604800000, 0x0000000800000000)
  region size 4096K, 0 young (0K), 0 survivors (0K)
 Metaspace       used 82811K, committed 83584K, reserved 1179648K
  class space    used 11192K, committed 11520K, reserved 1048576K
}
Event: 36.517 GC heap before
{Heap before GC invocations=18 (full 1):
 garbage-first heap   total 139264K, used 116874K [0x0000000604800000, 0x0000000800000000)
  region size 4096K, 20 young (81920K), 0 survivors (0K)
 Metaspace       used 83638K, committed 84416K, reserved 1179648K
  class space    used 11231K, committed 11584K, reserved 1048576K
}
Event: 36.520 GC heap after
{Heap after GC invocations=19 (full 1):
 garbage-first heap   total 139264K, used 41403K [0x0000000604800000, 0x0000000800000000)
  region size 4096K, 2 young (8192K), 2 survivors (8192K)
 Metaspace       used 83638K, committed 84416K, reserved 1179648K
  class space    used 11231K, committed 11584K, reserved 1048576K
}

Dll operation events (11 events):
Event: 0.013 Loaded shared library C:\Program Files\Java\jdk-21\bin\java.dll
Event: 0.046 Loaded shared library C:\Program Files\Java\jdk-21\bin\jsvml.dll
Event: 0.107 Loaded shared library C:\Program Files\Java\jdk-21\bin\jimage.dll
Event: 0.113 Loaded shared library C:\Program Files\Java\jdk-21\bin\net.dll
Event: 0.115 Loaded shared library C:\Program Files\Java\jdk-21\bin\nio.dll
Event: 0.118 Loaded shared library C:\Program Files\Java\jdk-21\bin\zip.dll
Event: 0.484 Loaded shared library C:\Program Files\Java\jdk-21\bin\management.dll
Event: 0.488 Loaded shared library C:\Program Files\Java\jdk-21\bin\management_ext.dll
Event: 1.611 Loaded shared library C:\Program Files\Java\jdk-21\bin\sunmscapi.dll
Event: 4.060 Loaded shared library C:\Program Files\Java\jdk-21\bin\verify.dll
Event: 4.407 Loaded shared library C:\Program Files\Java\jdk-21\bin\extnet.dll

Deoptimization events (20 events):
Event: 47.659 Thread 0x0000024ca11afe30 Uncommon trap: trap_request=0xffffffde fr.pc=0x0000024c42bcfeb8 relative=0x0000000000000698
Event: 47.659 Thread 0x0000024ca11afe30 Uncommon trap: reason=class_check action=maybe_recompile pc=0x0000024c42bcfeb8 method=com.sun.org.apache.xerces.internal.parsers.AbstractSAXParser.characters(Lcom/sun/org/apache/xerces/internal/xni/XMLString;Lcom/sun/org/apache/xerces/internal/xni/Augment
Event: 47.659 Thread 0x0000024ca11afe30 DEOPT PACKING pc=0x0000024c42bcfeb8 sp=0x000000e6baff7730
Event: 47.659 Thread 0x0000024ca11afe30 DEOPT UNPACKING pc=0x0000024c42087da2 sp=0x000000e6baff7770 mode 2
Event: 47.659 Thread 0x0000024ca11afe30 Uncommon trap: trap_request=0xffffff45 fr.pc=0x0000024c428cc79c relative=0x000000000000041c
Event: 47.659 Thread 0x0000024ca11afe30 Uncommon trap: reason=unstable_if action=reinterpret pc=0x0000024c428cc79c method=com.sun.org.apache.xerces.internal.impl.XMLEntityScanner.normalizeNewlines(SLcom/sun/org/apache/xerces/internal/xni/XMLString;ZZLcom/sun/org/apache/xerces/internal/impl/XMLS
Event: 47.659 Thread 0x0000024ca11afe30 DEOPT PACKING pc=0x0000024c428cc79c sp=0x000000e6baff7560
Event: 47.659 Thread 0x0000024ca11afe30 DEOPT UNPACKING pc=0x0000024c42087da2 sp=0x000000e6baff7508 mode 2
Event: 47.659 Thread 0x0000024ca11afe30 Uncommon trap: trap_request=0xffffffde fr.pc=0x0000024c42bcfeb8 relative=0x0000000000000698
Event: 47.659 Thread 0x0000024ca11afe30 Uncommon trap: reason=class_check action=maybe_recompile pc=0x0000024c42bcfeb8 method=com.sun.org.apache.xerces.internal.parsers.AbstractSAXParser.characters(Lcom/sun/org/apache/xerces/internal/xni/XMLString;Lcom/sun/org/apache/xerces/internal/xni/Augment
Event: 47.659 Thread 0x0000024ca11afe30 DEOPT PACKING pc=0x0000024c42bcfeb8 sp=0x000000e6baff7730
Event: 47.659 Thread 0x0000024ca11afe30 DEOPT UNPACKING pc=0x0000024c42087da2 sp=0x000000e6baff7770 mode 2
Event: 47.818 Thread 0x0000024ca11afe30 Uncommon trap: trap_request=0xffffffc6 fr.pc=0x0000024c42b8a0e0 relative=0x0000000000000860
Event: 47.818 Thread 0x0000024ca11afe30 Uncommon trap: reason=bimorphic_or_optimized_type_check action=maybe_recompile pc=0x0000024c42b8a0e0 method=java.util.HashMap.removeNode(ILjava/lang/Object;Ljava/lang/Object;ZZ)Ljava/util/HashMap$Node; @ 143 c2
Event: 47.818 Thread 0x0000024ca11afe30 DEOPT PACKING pc=0x0000024c42b8a0e0 sp=0x000000e6baff7650
Event: 47.818 Thread 0x0000024ca11afe30 DEOPT UNPACKING pc=0x0000024c42087da2 sp=0x000000e6baff7598 mode 2
Event: 47.942 Thread 0x0000024ca11af110 Uncommon trap: trap_request=0xffffff45 fr.pc=0x0000024c4275b59c relative=0x000000000000009c
Event: 47.942 Thread 0x0000024ca11af110 Uncommon trap: reason=unstable_if action=reinterpret pc=0x0000024c4275b59c method=jdk.internal.misc.Unsafe.getAndAddInt(Ljava/lang/Object;JI)I @ 21 c2
Event: 47.942 Thread 0x0000024ca11af110 DEOPT PACKING pc=0x0000024c4275b59c sp=0x000000e6badfe610
Event: 47.942 Thread 0x0000024ca11af110 DEOPT UNPACKING pc=0x0000024c42087da2 sp=0x000000e6badfe5b8 mode 2

Classes loaded (20 events):
Event: 38.616 Loading class java/time/format/DateTimeFormatterBuilder$ReducedPrinterParser
Event: 38.617 Loading class java/time/format/DateTimeFormatterBuilder$ReducedPrinterParser done
Event: 47.621 Loading class java/net/URLConnection$1
Event: 47.621 Loading class java/net/FileNameMap
Event: 47.621 Loading class java/net/FileNameMap done
Event: 47.621 Loading class java/net/URLConnection$1 done
Event: 47.621 Loading class sun/net/www/MimeTable
Event: 47.621 Loading class sun/net/www/MimeTable done
Event: 47.622 Loading class sun/net/www/MimeTable$1
Event: 47.622 Loading class sun/net/www/MimeTable$1 done
Event: 47.622 Loading class sun/net/www/MimeTable$2
Event: 47.622 Loading class sun/net/www/MimeTable$2 done
Event: 47.622 Loading class sun/net/www/MimeTable$DefaultInstanceHolder
Event: 47.622 Loading class sun/net/www/MimeTable$DefaultInstanceHolder done
Event: 47.622 Loading class sun/net/www/MimeTable$DefaultInstanceHolder$1
Event: 47.622 Loading class sun/net/www/MimeTable$DefaultInstanceHolder$1 done
Event: 47.623 Loading class sun/net/www/MimeEntry
Event: 47.623 Loading class sun/net/www/MimeEntry done
Event: 47.654 Loading class com/sun/org/apache/xerces/internal/util/EntityResolverWrapper
Event: 47.655 Loading class com/sun/org/apache/xerces/internal/util/EntityResolverWrapper done

Classes unloaded (0 events):
No events

Classes redefined (0 events):
No events

Internal exceptions (20 events):
Event: 35.766 Thread 0x0000024c9f425e20 Exception <a 'java/io/IOException'{0x0000000614ed2dd8}> (0x0000000614ed2dd8) 
thrown [s\open\src\hotspot\share\prims\jni.cpp, line 520]
Event: 35.766 Thread 0x0000024c9f425e20 Exception <a 'java/io/IOException'{0x0000000614ed4db0}> (0x0000000614ed4db0) 
thrown [s\open\src\hotspot\share\prims\jni.cpp, line 520]
Event: 35.766 Thread 0x0000024c9f425e20 Exception <a 'java/io/IOException'{0x0000000614ed59d0}> (0x0000000614ed59d0) 
thrown [s\open\src\hotspot\share\prims\jni.cpp, line 520]
Event: 35.767 Thread 0x0000024c9f425e20 Exception <a 'java/io/IOException'{0x0000000614ed79a8}> (0x0000000614ed79a8) 
thrown [s\open\src\hotspot\share\prims\jni.cpp, line 520]
Event: 35.767 Thread 0x0000024c9f425e20 Exception <a 'java/io/IOException'{0x0000000614ed85c8}> (0x0000000614ed85c8) 
thrown [s\open\src\hotspot\share\prims\jni.cpp, line 520]
Event: 35.772 Thread 0x0000024c9f42b370 Exception <a 'java/lang/NoSuchMethodError'{0x0000000614da4360}: 'long java.lang.invoke.Invokers$Holder.invokeExact_MT(java.lang.Object, java.lang.Object)'> (0x0000000614da4360) 
thrown [s\open\src\hotspot\share\interpreter\linkResolver.cpp, line 773]
Event: 35.788 Thread 0x0000024c9f3f5580 Exception <a 'java/lang/InterruptedException'{0x0000000614800040}: sleep interrupted> (0x0000000614800040) 
thrown [s\open\src\hotspot\share\prims\jvm.cpp, line 3074]
Event: 35.838 Thread 0x0000024c9f428580 Exception <a 'sun/nio/fs/WindowsException'{0x000000060ce26e78}> (0x000000060ce26e78) 
thrown [s\open\src\hotspot\share\prims\jni.cpp, line 520]
Event: 36.060 Thread 0x0000024c9f428580 Implicit null exception at 0x0000024c42ba24c7 to 0x0000024c42ba3960
Event: 36.080 Thread 0x0000024c9f428580 Exception <a 'java/lang/NoClassDefFoundError'{0x000000060b765370}: org/flywaydb/core/Flyway> (0x000000060b765370) 
thrown [s\open\src\hotspot\share\oops\constantPool.cpp, line 873]
Event: 36.080 Thread 0x0000024c9f428580 Exception <a 'java/lang/NoClassDefFoundError'{0x000000060b7659d0}: liquibase/integration/spring/SpringLiquibase> (0x000000060b7659d0) 
thrown [s\open\src\hotspot\share\oops\constantPool.cpp, line 873]
Event: 36.081 Thread 0x0000024c9f428580 Exception <a 'java/lang/NoClassDefFoundError'{0x000000060b781840}: org/jooq/DSLContext> (0x000000060b781840) 
thrown [s\open\src\hotspot\share\oops\constantPool.cpp, line 873]
Event: 36.083 Thread 0x0000024c9f428580 Exception <a 'java/lang/NoClassDefFoundError'{0x000000060b7bee88}: org/springframework/batch/core/repository/JobRepository> (0x000000060b7bee88) 
thrown [s\open\src\hotspot\share\oops\constantPool.cpp, line 873]
Event: 36.083 Thread 0x0000024c9f428580 Exception <a 'java/lang/NoClassDefFoundError'{0x000000060b7bf4e0}: org/quartz/Scheduler> (0x000000060b7bf4e0) 
thrown [s\open\src\hotspot\share\oops\constantPool.cpp, line 873]
Event: 36.083 Thread 0x0000024c9f428580 Exception <a 'java/lang/NoClassDefFoundError'{0x000000060b7bfb60}: org/springframework/session/jdbc/JdbcIndexedSessionRepository> (0x000000060b7bfb60) 
thrown [s\open\src\hotspot\share\oops\constantPool.cpp, line 873]
Event: 36.088 Thread 0x0000024c9f428580 Implicit null exception at 0x0000024c42acc763 to 0x0000024c42ace6f8
Event: 36.135 Thread 0x0000024c9f428580 Exception <a 'java/io/FileNotFoundException'{0x000000060aece920}> (0x000000060aece920) 
thrown [s\open\src\hotspot\share\prims\jni.cpp, line 520]
Event: 47.623 Thread 0x0000024ca11afe30 Implicit null exception at 0x0000024c429b08a3 to 0x0000024c429b0ca8
Event: 47.623 Thread 0x0000024ca11afe30 Implicit null exception at 0x0000024c429b3323 to 0x0000024c429b3718
Event: 50.430 Thread 0x0000024ca11aea80 Implicit null exception at 0x0000024c3bdcfbf3 to 0x0000000000000000

ZGC Phase Switch (0 events):
No events

VM Operations (20 events):
Event: 50.417 Executing VM operation: get/set locals
Event: 50.417 Executing VM operation: get/set locals done
Event: 50.417 Executing VM operation: get/set locals
Event: 50.417 Executing VM operation: get/set locals done
Event: 50.417 Executing VM operation: get/set locals
Event: 50.417 Executing VM operation: get/set locals done
Event: 50.418 Executing VM operation: get/set locals
Event: 50.418 Executing VM operation: get/set locals done
Event: 50.418 Executing VM operation: get/set locals
Event: 50.418 Executing VM operation: get/set locals done
Event: 50.418 Executing VM operation: get/set locals
Event: 50.418 Executing VM operation: get/set locals done
Event: 50.418 Executing VM operation: get/set locals
Event: 50.418 Executing VM operation: get/set locals done
Event: 50.418 Executing VM operation: get/set locals
Event: 50.418 Executing VM operation: get/set locals done
Event: 50.429 Executing VM operation: get/set locals
Event: 50.429 Executing VM operation: get/set locals done
Event: 50.429 Executing VM operation: get/set locals
Event: 50.429 Executing VM operation: get/set locals done

Events (20 events):
Event: 36.538 Thread 0x0000024ca11ae3f0 Thread added: 0x0000024ca11ae3f0
Event: 36.538 Thread 0x0000024ca11add60 Thread added: 0x0000024ca11add60
Event: 36.538 Thread 0x0000024ca11af110 Thread added: 0x0000024ca11af110
Event: 36.538 Thread 0x0000024ca11af7a0 Thread added: 0x0000024ca11af7a0
Event: 36.539 Thread 0x0000024ca11afe30 Thread added: 0x0000024ca11afe30
Event: 36.539 Thread 0x0000024ca11b04c0 Thread added: 0x0000024ca11b04c0
Event: 36.539 Thread 0x0000024ca11ad040 Thread added: 0x0000024ca11ad040
Event: 36.540 Thread 0x0000024ca11b0b50 Thread added: 0x0000024ca11b0b50
Event: 36.541 Thread 0x0000024ca11ad6d0 Thread added: 0x0000024ca11ad6d0
Event: 36.547 Thread 0x0000024c9f428580 Thread exited: 0x0000024c9f428580
Event: 36.547 Thread 0x0000024c9f42b370 Thread exited: 0x0000024c9f42b370
Event: 37.162 Thread 0x0000024c9dc009f0 Thread exited: 0x0000024c9dc009f0
Event: 37.165 Thread 0x0000024c9f236970 Thread exited: 0x0000024c9f236970
Event: 38.146 Thread 0x0000024c9dc009f0 Thread added: 0x0000024c9dc009f0
Event: 39.729 Thread 0x0000024c9dc009f0 Thread exited: 0x0000024c9dc009f0
Event: 41.884 Thread 0x0000024c9f42a650 Thread exited: 0x0000024c9f42a650
Event: 47.639 Thread 0x0000024c9dc009f0 Thread added: 0x0000024c9dc009f0
Event: 47.641 Thread 0x0000024c9c0f4c00 Thread added: 0x0000024c9c0f4c00
Event: 49.018 Thread 0x0000024c9c0f4c00 Thread exited: 0x0000024c9c0f4c00
Event: 49.018 Thread 0x0000024c9dc009f0 Thread exited: 0x0000024c9dc009f0


Dynamic libraries:
0x00007ff601050000 - 0x00007ff601060000 	C:\Program Files\Java\jdk-21\bin\javaw.exe
0x0000024c30260000 - 0x0000024c304c0000 	C:\WINDOWS\SYSTEM32\ntd1l.dll
0x0000024c304d0000 - 0x0000024c30597000 	C:\WINDOWS\System32\kern3l32.dll
0x00007ffb63480000 - 0x00007ffb636e0000 	C:\WINDOWS\SYSTEM32\ntdll.dll
0x00007ffb61a70000 - 0x00007ffb61b37000 	C:\WINDOWS\System32\KERNEL32.DLL
0x00007ffb60aa0000 - 0x00007ffb60e6b000 	C:\WINDOWS\System32\KERNELBASE.dll
0x00007ffb60130000 - 0x00007ffb60546000 	C:\Program Files\SentinelOne\Sentinel Agent 24.1.4.257\InProcessClient64.dll
0x00007ffb63380000 - 0x00007ffb63433000 	C:\WINDOWS\System32\ADVAPI32.dll
0x00007ffb628f0000 - 0x00007ffb62999000 	C:\WINDOWS\System32\msvcrt.dll
0x00007ffb62580000 - 0x00007ffb62626000 	C:\WINDOWS\System32\sechost.dll
0x00007ffb61b50000 - 0x00007ffb61c66000 	C:\WINDOWS\System32\RPCRT4.dll
0x00007ffb60660000 - 0x00007ffb607ab000 	C:\WINDOWS\System32\ucrtbase.dll
0x00007ffb54c50000 - 0x00007ffb54c6b000 	C:\Program Files\Java\jdk-21\bin\VCRUNTIME140.dll
0x00007ffb54e10000 - 0x00007ffb54e29000 	C:\Program Files\Java\jdk-21\bin\jli.dll
0x00007ffb61790000 - 0x00007ffb6195c000 	C:\WINDOWS\System32\USER32.dll
0x00007ffb40a70000 - 0x00007ffb40d07000 	C:\WINDOWS\WinSxS\amd64_microsoft.windows.common-controls_6595b64144ccf1df_6.0.26100.3624_none_3e086962e3345f24\COMCTL32.dll
0x00007ffb60fc0000 - 0x00007ffb60fe7000 	C:\WINDOWS\System32\win32u.dll
0x00007ffb61300000 - 0x00007ffb6132a000 	C:\WINDOWS\System32\GDI32.dll
0x00007ffb61080000 - 0x00007ffb611b1000 	C:\WINDOWS\System32\gdi32full.dll
0x00007ffb60f10000 - 0x00007ffb60fb3000 	C:\WINDOWS\System32\msvcp_win.dll
0x00007ffb600b0000 - 0x00007ffb600bb000 	C:\WINDOWS\SYSTEM32\VERSION.dll
0x00007ffb600a0000 - 0x00007ffb600ac000 	C:\WINDOWS\SYSTEM32\FLTLIB.DLL
0x00007ffb62630000 - 0x00007ffb6265f000 	C:\WINDOWS\System32\IMM32.DLL
0x00007ffb576b0000 - 0x00007ffb576bc000 	C:\Program Files\Java\jdk-21\bin\vcruntime140_1.dll
0x00007ffb38dd0000 - 0x00007ffb38e5e000 	C:\Program Files\Java\jdk-21\bin\msvcp140.dll
0x00007ffaee4f0000 - 0x00007ffaef208000 	C:\Program Files\Java\jdk-21\bin\server\jvm.dll
0x00007ffb63120000 - 0x00007ffb63194000 	C:\WINDOWS\System32\WS2_32.dll
0x00007ffb600c0000 - 0x00007ffb6011e000 	C:\WINDOWS\SYSTEM32\POWRPROF.dll
0x00007ffb4e9e0000 - 0x00007ffb4ea16000 	C:\WINDOWS\SYSTEM32\WINMM.dll
0x00007ffb5fec0000 - 0x00007ffb5fed4000 	C:\WINDOWS\SYSTEM32\UMPDC.dll
0x00007ffb5eff0000 - 0x00007ffb5f00a000 	C:\WINDOWS\SYSTEM32\kernel.appcore.dll
0x00007ffb55f90000 - 0x00007ffb55f9a000 	C:\Program Files\Java\jdk-21\bin\jimage.dll
0x00007ffb5d9c0000 - 0x00007ffb5dc01000 	C:\WINDOWS\SYSTEM32\DBGHELP.DLL
0x00007ffb61c70000 - 0x00007ffb61ff3000 	C:\WINDOWS\System32\combase.dll
0x00007ffb62810000 - 0x00007ffb628e6000 	C:\WINDOWS\System32\OLEAUT32.dll
0x00007ffb428a0000 - 0x00007ffb428d9000 	C:\WINDOWS\SYSTEM32\dbgcore.DLL
0x00007ffb60e70000 - 0x00007ffb60f09000 	C:\WINDOWS\System32\bcryptPrimitives.dll
0x00007ffb18920000 - 0x00007ffb189cd000 	C:\Program Files\SentinelOne\Sentinel Agent 24.1.4.257\SentinelJava64.dll
0x00007ffb61490000 - 0x00007ffb614f4000 	C:\WINDOWS\System32\SHLWAPI.dll
0x00007ffb62670000 - 0x00007ffb62806000 	C:\WINDOWS\System32\ole32.dll
0x00007ffb54560000 - 0x00007ffb5457f000 	C:\Program Files\Java\jdk-21\bin\java.dll
0x00007ffb629f0000 - 0x00007ffb63119000 	C:\WINDOWS\System32\SHELL32.dll
0x00007ffb60930000 - 0x00007ffb60a98000 	C:\WINDOWS\System32\wintypes.dll
0x00007ffb5de80000 - 0x00007ffb5e6d2000 	C:\WINDOWS\SYSTEM32\windows.storage.dll
0x00007ffb62490000 - 0x00007ffb6257d000 	C:\WINDOWS\System32\SHCORE.dll
0x00007ffb60570000 - 0x00007ffb6059f000 	C:\WINDOWS\SYSTEM32\profapi.dll
0x00007ffb2c450000 - 0x00007ffb2c527000 	C:\Program Files\Java\jdk-21\bin\jsvml.dll
0x00007ffb55d60000 - 0x00007ffb55d70000 	C:\Program Files\Java\jdk-21\bin\net.dll
0x00007ffb564f0000 - 0x00007ffb5660d000 	C:\WINDOWS\SYSTEM32\WINHTTP.dll
0x00007ffb5f4f0000 - 0x00007ffb5f55a000 	C:\WINDOWS\system32\mswsock.dll
0x00007ffb51e50000 - 0x00007ffb51e66000 	C:\Program Files\Java\jdk-21\bin\nio.dll
0x00007ffb46f00000 - 0x00007ffb46f18000 	C:\Program Files\Java\jdk-21\bin\zip.dll
0x00007ffb547b0000 - 0x00007ffb547ba000 	C:\Program Files\Java\jdk-21\bin\management.dll
0x00007ffb54000000 - 0x00007ffb5400b000 	C:\Program Files\Java\jdk-21\bin\management_ext.dll
0x0000024c31df0000 - 0x0000024c31df8000 	C:\WINDOWS\System32\PSAPI.DLL
0x00007ffb53ff0000 - 0x00007ffb53ffe000 	C:\Program Files\Java\jdk-21\bin\sunmscapi.dll
0x00007ffb607b0000 - 0x00007ffb60927000 	C:\WINDOWS\System32\CRYPT32.dll
0x00007ffb5f9e0000 - 0x00007ffb5fa10000 	C:\WINDOWS\SYSTEM32\ncrypt.dll
0x00007ffb5f990000 - 0x00007ffb5f9cf000 	C:\WINDOWS\SYSTEM32\NTASN1.dll
0x00007ffb5f8a0000 - 0x00007ffb5f8bc000 	C:\WINDOWS\SYSTEM32\CRYPTSP.dll
0x00007ffb5ef50000 - 0x00007ffb5ef8a000 	C:\WINDOWS\system32\rsaenh.dll
0x00007ffb5f590000 - 0x00007ffb5f5bb000 	C:\WINDOWS\SYSTEM32\USERENV.dll
0x00007ffb5fa20000 - 0x00007ffb5fa46000 	C:\WINDOWS\SYSTEM32\bcrypt.dll
0x00007ffb5f720000 - 0x00007ffb5f72c000 	C:\WINDOWS\SYSTEM32\CRYPTBASE.dll
0x00007ffb5ea00000 - 0x00007ffb5ea33000 	C:\WINDOWS\SYSTEM32\IPHLPAPI.DLL
0x00007ffb61a60000 - 0x00007ffb61a6a000 	C:\WINDOWS\System32\NSI.dll
0x00007ffb53fe0000 - 0x00007ffb53ff0000 	C:\Program Files\Java\jdk-21\bin\verify.dll
0x00007ffb5ea40000 - 0x00007ffb5eb65000 	C:\WINDOWS\SYSTEM32\DNSAPI.dll
0x00007ffb55a40000 - 0x00007ffb55a4b000 	C:\Windows\System32\rasadhlp.dll
0x00007ffb59300000 - 0x00007ffb59385000 	C:\WINDOWS\System32\fwpuclnt.dll
0x00007ffb530f0000 - 0x00007ffb530f9000 	C:\Program Files\Java\jdk-21\bin\extnet.dll
0x00007ffb46de0000 - 0x00007ffb46de8000 	C:\WINDOWS\system32\wshunix.dll

dbghelp: loaded successfully - version: 4.0.5 - missing functions: none
symbol engine: initialized successfully - sym options: 0x614 - pdb path: .;C:\Program Files\Java\jdk-21\bin;C:\WINDOWS\SYSTEM32;C:\Program Files\SentinelOne\Sentinel Agent 24.1.4.257;C:\WINDOWS\WinSxS\amd64_microsoft.windows.common-controls_6595b64144ccf1df_6.0.26100.3624_none_3e086962e3345f24;C:\Program Files\Java\jdk-21\bin\server

VM Arguments:
jvm_args: -Dfile.encoding=UTF-8 -Dstdout.encoding=UTF-8 -Dstderr.encoding=UTF-8 -XX:+ShowCodeDetailsInExceptionMessages -agentpath:C:\Program Files\SentinelOne\Sentinel Agent 24.1.4.257\SentinelJava64.dll=extendedCapabilities 
java_command: com.my.hrms.HrmsApplication
java_class_path (initial): D:\hrms\target\classes;C:\Users\Dhruti Parmar\.m2\repository\org\springframework\boot\spring-boot-starter-web\3.4.4\spring-boot-starter-web-3.4.4.jar;C:\Users\Dhruti Parmar\.m2\repository\org\springframework\boot\spring-boot-starter\3.4.4\spring-boot-starter-3.4.4.jar;C:\Users\Dhruti Parmar\.m2\repository\org\springframework\boot\spring-boot-starter-logging\3.4.4\spring-boot-starter-logging-3.4.4.jar;C:\Users\Dhruti Parmar\.m2\repository\ch\qos\logback\logback-classic\1.5.18\logback-classic-1.5.18.jar;C:\Users\Dhruti Parmar\.m2\repository\ch\qos\logback\logback-core\1.5.18\logback-core-1.5.18.jar;C:\Users\Dhruti Parmar\.m2\repository\org\apache\logging\log4j\log4j-to-slf4j\2.24.3\log4j-to-slf4j-2.24.3.jar;C:\Users\Dhruti Parmar\.m2\repository\org\apache\logging\log4j\log4j-api\2.24.3\log4j-api-2.24.3.jar;C:\Users\Dhruti Parmar\.m2\repository\org\slf4j\jul-to-slf4j\2.0.17\jul-to-slf4j-2.0.17.jar;C:\Users\Dhruti Parmar\.m2\repository\jakarta\annotation\jakarta.annotation-api\2.1.1\jakarta.annotation-api-2.1.1.jar;C:\Users\Dhruti Parmar\.m2\repository\org\yaml\snakeyaml\2.3\snakeyaml-2.3.jar;C:\Users\Dhruti Parmar\.m2\repository\org\springframework\boot\spring-boot-starter-json\3.4.4\spring-boot-starter-json-3.4.4.jar;C:\Users\Dhruti Parmar\.m2\repository\com\fasterxml\jackson\core\jackson-databind\2.18.3\jackson-databind-2.18.3.jar;C:\Users\Dhruti Parmar\.m2\repository\com\fasterxml\jackson\core\jackson-annotations\2.18.3\jackson-annotations-2.18.3.jar;C:\Users\Dhruti Parmar\.m2\repository\com\fasterxml\jackson\core\jackson-core\2.18.3\jackson-core-2.18.3.jar;C:\Users\Dhruti Parmar\.m2\repository\com\fasterxml\jackson\datatype\jackson-datatype-jdk8\2.18.3\jackson-datatype-jdk8-2.18.3.jar;C:\Users\Dhruti Parmar\.m2\repository\com\fasterxml\jackson\datatype\jackson-datatype-jsr310\2.18.3\jackson-datatype-jsr310-2.18.3.jar;C:\Users\Dhruti Parmar\.m2\repository\com\fasterxml\jackson\module\jackson-module-parameter-names\2.18.3\jackson-module-parameter-names-2.18.3.jar;C:\Users\Dhruti Parmar\.m2\repository\org\springframework\boot\spring-boot-starter-tomcat\3.4.4\spring-boot-starter-tomcat-3.4.4.jar;C:\Users\Dhruti Parmar\.m2\repository\org\apache\tomcat\embed\tomcat-embed-websocket\10.1.39\tomcat-embed-websocket-10.1.39.jar;C:\Users\Dhruti Parmar\.m2\repository\org\springframework\spring-web\6.2.5\spring-web-6.2.5.jar;C:\Users\Dhruti Parmar\.m2\repository\io\micrometer\micrometer-observation\1.14.5\micrometer-observation-1.14.5.jar;C:\Users\Dhruti Parmar\.m2\repository\io\micrometer\micrometer-commons\1.14.5\micrometer-commons-1.14.5.jar;C:\Users\Dhruti Parmar\.m2\repository\org\springframework\spring-webmvc\6.2.5\spring-webmvc-6.2.5.jar;C:\Users\Dhruti Parmar\.m2\repository\org\springframework\boot\spring-boot-starter-data-jpa\3.4.4\spring-boot-starter-data-jpa-3.4.4.jar;C:\Users\Dhruti Parmar\.m2\repository\org\springframework\boot\spring-boot-starter-jdbc\3.4.4\spring-boot-starter-jdbc-3.4.4.jar;C:\Users\Dhruti Parmar\.m2\repository\com\zaxxer\HikariCP\5.1.0\HikariCP-5.1.0.jar;C:\Users\Dhruti Parmar\.m2\repository\org\springframework\spring-jdbc\6.2.5\spring-jdbc-6.2.5.jar;C:\Users\Dhruti Parmar\.m2\repository\org\hibernate\orm\hibernate-core\6.6.11.Final\hibernate-core-6.6.11.Final.jar;C:\Users\Dhruti Parmar\.m2\repository\jakarta\persistence\jakarta.persistence-api\3.1.0\jakarta.persistence-api-3.1.0.jar;C:\Users\Dhruti Parmar\.m2\repository\jakarta\transaction\jakarta.transaction-api\2.0.1\jakarta.transaction-api-2.0.1.jar;C:\Users\Dhruti Parmar\.m2\repository\org\jboss\logging\jboss-logging\3.6.1.Final\jboss-logging-3.6.1.Final.jar;C:\Users\Dhruti Parmar\.m2\repository\org\hibernate\common\hibernate-commons-annotations\7.0.3.Final\hibernate-commons-annotations-7.0.3.Final.jar;C:\Users\Dhruti Parmar\.m2\repository\io\smallrye\jandex\3.2.0\jandex-3.2.0.jar;C:\Users\Dhruti Parmar\.m2\repository\com\fasterxml\classmate\1.7.0\classmate-1.7.0.jar;C:\Users\Dhruti Parmar\.m2\repository\net\bytebuddy\byte-buddy\1.15.11\byte-buddy-1.15.11.jar;C:\Users\Dhruti Parmar\.m2\repository\org\glassfish\jaxb\jaxb-runtime\4.0.5\jaxb-runtime-4.0.5.jar;C:\Users\Dhruti Parmar\.m2\repository\org\glassfish\jaxb\jaxb-core\4.0.5\jaxb-core-4.0.5.jar;C:\Users\Dhruti Parmar\.m2\repository\org\eclipse\angus\angus-activation\2.0.2\angus-activation-2.0.2.jar;C:\Users\Dhruti Parmar\.m2\repository\org\glassfish\jaxb\txw2\4.0.5\txw2-4.0.5.jar;C:\Users\Dhruti Parmar\.m2\repository\com\sun\istack\istack-commons-runtime\4.1.2\istack-commons-runtime-4.1.2.jar;C:\Users\Dhruti Parmar\.m2\repository\jakarta\inject\jakarta.inject-api\2.0.1\jakarta.inject-api-2.0.1.jar;C:\Users\Dhruti Parmar\.m2\repository\org\antlr\antlr4-runtime\4.13.0\antlr4-runtime-4.13.0.jar;C:\Users\Dhruti Parmar\.m2\repository\org\springframework\data\spring-data-jpa\3.4.4\spring-data-jpa-3.4.4.jar;C:\Users\Dhruti Parmar\.m2\repository\org\springframework\data\spring-data-commons\3.4.4\spring-data-commons-3.4.4.jar;C:\Users\Dhruti Parmar\.m2\repository\org\springframework\spring-orm\6.2.5\spring-orm-6.2.5.jar;C:\Users\Dhruti Parmar\.m2\repository\org\springframework\spring-tx\6.2.5\spring-tx-6.2.5.jar;C:\Users\Dhruti Parmar\.m2\repository\org\slf4j\slf4j-api\2.0.17\slf4j-api-2.0.17.jar;C:\Users\Dhruti Parmar\.m2\repository\org\springframework\spring-aspects\6.2.5\spring-aspects-6.2.5.jar;C:\Users\Dhruti Parmar\.m2\repository\org\aspectj\aspectjweaver\1.9.23\aspectjweaver-1.9.23.jar;C:\Users\Dhruti Parmar\.m2\repository\org\springframework\boot\spring-boot-starter-validation\3.4.4\spring-boot-starter-validation-3.4.4.jar;C:\Users\Dhruti Parmar\.m2\repository\org\apache\tomcat\embed\tomcat-embed-el\10.1.39\tomcat-embed-el-10.1.39.jar;C:\Users\Dhruti Parmar\.m2\repository\org\hibernate\validator\hibernate-validator\8.0.2.Final\hibernate-validator-8.0.2.Final.jar;C:\Users\Dhruti Parmar\.m2\repository\jakarta\validation\jakarta.validation-api\3.0.2\jakarta.validation-api-3.0.2.jar;C:\Users\Dhruti Parmar\.m2\repository\com\mysql\mysql-connector-j\9.1.0\mysql-connector-j-9.1.0.jar;C:\Users\Dhruti Parmar\.m2\repository\org\apache\tomcat\embed\tomcat-embed-jasper\10.1.39\tomcat-embed-jasper-10.1.39.jar;C:\Users\Dhruti Parmar\.m2\repository\org\apache\tomcat\embed\tomcat-embed-core\10.1.39\tomcat-embed-core-10.1.39.jar;C:\Users\Dhruti Parmar\.m2\repository\org\apache\tomcat\tomcat-annotations-api\10.1.39\tomcat-annotations-api-10.1.39.jar;C:\Users\Dhruti Parmar\.m2\repository\org\eclipse\jdt\ecj\3.33.0\ecj-3.33.0.jar;C:\Users\Dhruti Parmar\.m2\repository\org\springframework\boot\spring-boot-starter-security\3.4.4\spring-boot-starter-security-3.4.4.jar;C:\Users\Dhruti Parmar\.m2\repository\org\springframework\spring-aop\6.2.5\spring-aop-6.2.5.jar;C:\Users\Dhruti Parmar\.m2\repository\org\springframework\security\spring-security-config\6.4.4\spring-security-config-6.4.4.jar;C:\Users\Dhruti Parmar\.m2\repository\org\springframework\security\spring-security-web\6.4.4\spring-security-web-6.4.4.jar;C:\Users\Dhruti Parmar\.m2\repository\org\springframework\security\spring-security-core\6.4.4\spring-security-core-6.4.4.jar;C:\Users\Dhruti Parmar\.m2\repository\org\springframework\security\spring-security-crypto\6.4.4\spring-security-crypto-6.4.4.jar;C:\Users\Dhruti Parmar\.m2\repository\org\springframework\spring-core\6.2.5\spring-core-6.2.5.jar;C:\Users\Dhruti Parmar\.m2\repository\org\springframework\spring-jcl\6.2.5\spring-jcl-6.2.5.jar;C:\Users\Dhruti Parmar\.m2\repository\org\springframework\security\spring-security-taglibs\6.1.5\spring-security-taglibs-6.1.5.jar;C:\Users\Dhruti Parmar\.m2\repository\org\springframework\security\spring-security-acl\6.4.4\spring-security-acl-6.4.4.jar;C:\Users\Dhruti Parmar\.m2\repository\org\springframework\spring-beans\6.2.5\spring-beans-6.2.5.jar;C:\Users\Dhruti Parmar\.m2\repository\org\springframework\spring-context\6.2.5\spring-context-6.2.5.jar;C:\Users\Dhruti Parmar\.m2\repository\org\springframework\spring-expression\6.2.5\spring-expression-6.2.5.jar;C:\Users\Dhruti Parmar\.m2\repository\jakarta\servlet\jsp\jstl\jakarta.servlet.jsp.jstl-api\3.0.0\jakarta.servlet.jsp.jstl-api-3.0.0.jar;C:\Users\Dhruti Parmar\.m2\repository\jakarta\servlet\jakarta.servlet-api\6.0.0\jakarta.servlet-api-6.0.0.jar;C:\Users\Dhruti Parmar\.m2\repository\jakarta\el\jakarta.el-api\5.0.0\jakarta.el-api-5.0.0.jar;C:\Users\Dhruti Parmar\.m2\repository\org\glassfish\web\jakarta.servlet.jsp.jstl\3.0.1\jakarta.servlet.jsp.jstl-3.0.1.jar;C:\Users\Dhruti Parmar\.m2\repository\org\springframework\boot\spring-boot-devtools\3.4.4\spring-boot-devtools-3.4.4.jar;C:\Users\Dhruti Parmar\.m2\repository\org\springframework\boot\spring-boot\3.4.4\spring-boot-3.4.4.jar;C:\Users\Dhruti Parmar\.m2\repository\org\springframework\boot\spring-boot-autoconfigure\3.4.4\spring-boot-autoconfigure-3.4.4.jar;C:\Users\Dhruti Parmar\.m2\repository\org\projectlombok\lombok\1.18.36\lombok-1.18.36.jar;C:\Users\Dhruti Parmar\.m2\repository\jakarta\xml\bind\jakarta.xml.bind-api\4.0.2\jakarta.xml.bind-api-4.0.2.jar;C:\Users\Dhruti Parmar\.m2\repository\jakarta\activation\jakarta.activation-api\2.1.3\jakarta.activation-api-2.1.3.jar
Launcher Type: SUN_STANDARD

[Global flags]
     intx CICompilerCount                          = 4                                         {product} {ergonomic}
     uint ConcGCThreads                            = 2                                         {product} {ergonomic}
     uint G1ConcRefinementThreads                  = 8                                         {product} {ergonomic}
   size_t G1HeapRegionSize                         = 4194304                                   {product} {ergonomic}
    uintx GCDrainStackTargetSize                   = 64                                        {product} {ergonomic}
   size_t InitialHeapSize                          = 532676608                                 {product} {ergonomic}
   size_t MarkStackSize                            = 4194304                                   {product} {ergonomic}
   size_t MaxHeapSize                              = 8514437120                                {product} {ergonomic}
   size_t MaxNewSize                               = 5108662272                                {product} {ergonomic}
   size_t MinHeapDeltaBytes                        = 4194304                                   {product} {ergonomic}
   size_t MinHeapSize                              = 8388608                                   {product} {ergonomic}
    uintx NonNMethodCodeHeapSize                   = 5839372                                {pd product} {ergonomic}
    uintx NonProfiledCodeHeapSize                  = 122909434                              {pd product} {ergonomic}
    uintx ProfiledCodeHeapSize                     = 122909434                              {pd product} {ergonomic}
    uintx ReservedCodeCacheSize                    = 251658240                              {pd product} {ergonomic}
     bool SegmentedCodeCache                       = true                                      {product} {ergonomic}
     bool ShowCodeDetailsInExceptionMessages       = true                                   {manageable} {command line}
   size_t SoftMaxHeapSize                          = 8514437120                             {manageable} {ergonomic}
     bool UseCompressedOops                        = true                           {product lp64_product} {ergonomic}
     bool UseG1GC                                  = true                                      {product} {ergonomic}
     bool UseLargePagesIndividualAllocation        = false                                  {pd product} {ergonomic}

Logging:
Log output configuration:
 #0: stdout all=warning uptime,level,tags foldmultilines=false
 #1: stderr all=off uptime,level,tags foldmultilines=false

Environment Variables:
JAVA_HOME=C:\Program Files\Java\jdk-21
PATH=C:/Users/Dhruti Parmar/.p2/pool/plugins/org.eclipse.justj.openjdk.hotspot.jre.full.win32.x86_64_23.0.1.v20241024-1700/jre/bin/server;C:/Users/Dhruti Parmar/.p2/pool/plugins/org.eclipse.justj.openjdk.hotspot.jre.full.win32.x86_64_23.0.1.v20241024-1700/jre/bin;D:\Apache Maven\apache-maven-3.9.9\bin;D:\Node Js\;C:\ProgramData\chocolatey\bin;C:\Users\Dhruti Parmar\AppData\Local\Microsoft\WindowsApps;D:\Git\cmd;D:\Apache Maven\apache-maven-3.9.9\bin;C:\Program Files\Java\jdk-21\bin;D:\Microsoft VS Code\bin;C:\Users\Dhruti Parmar\AppData\Roaming\npm;C:\Users\Dhruti Parmar\Desktop;
USERNAME=Dhruti Parmar
OS=Windows_NT
PROCESSOR_IDENTIFIER=Intel64 Family 6 Model 140 Stepping 1, GenuineIntel
TMP=C:\Users\DHRUTI~1\AppData\Local\Temp
TEMP=C:\Users\DHRUTI~1\AppData\Local\Temp




Periodic native trim disabled

---------------  S Y S T E M  ---------------

OS:
 Windows 11 , 64 bit Build 26100 (10.0.26100.3624)
OS uptime: 3 days 21:36 hours
Hyper-V role detected

CPU: total 8 (initial active 8) (4 cores per cpu, 2 threads per core) family 6 model 140 stepping 1 microcode 0x86, cx8, cmov, fxsr, ht, mmx, 3dnowpref, sse, sse2, sse3, ssse3, sse4.1, sse4.2, popcnt, lzcnt, tsc, tscinvbit, avx, avx2, aes, erms, clmul, bmi1, bmi2, adx, avx512f, avx512dq, avx512cd, avx512bw, avx512vl, sha, fma, vzeroupper, avx512_vpopcntdq, avx512_vpclmulqdq, avx512_vaes, avx512_vnni, clflush, clflushopt, clwb, avx512_vbmi2, avx512_vbmi, hv, rdtscp, rdpid, fsrm, gfni, avx512_bitalg, f16c, cet_ibt, cet_ss, avx512_ifma
Processor Information for all 8 processors :
  Max Mhz: 2803, Current Mhz: 2803, Mhz Limit: 2803

Memory: 4k page, system-wide physical 32466M (18442M free)
TotalPageFile size 34514M (AvailPageFile size 18749M)
current process WorkingSet (physical memory assigned to process): 397M, peak: 528M
current process commit charge ("private bytes"): 426M, peak: 678M

vm_info: Java HotSpot(TM) 64-Bit Server VM (21.0.5+9-LTS-239) for windows-amd64 JRE (21.0.5+9-LTS-239), built on 2024-09-30T05:17:38Z by "mach5one" with MS VC++ 17.6 (VS2022)

END.
