#
# A fatal error has been detected by the Java Runtime Environment:
#
#  EXCEPTION_ACCESS_VIOLATION (0xc0000005) at pc=0x0000026a5b36de92, pid=1788, tid=5376
#
# JRE version: Java(TM) SE Runtime Environment (21.0.5+9) (build 21.0.5+9-LTS-239)
# Java VM: Java HotSpot(TM) 64-Bit Server VM (21.0.5+9-LTS-239, mixed mode, sharing, tiered, compressed oops, compressed class ptrs, g1 gc, windows-amd64)
# Problematic frame:
# j  jakarta.servlet.ServletRequestWrapper.getParameterValues(Ljava/lang/String;)[Ljava/lang/String;+0
#
# No core dump will be written. Minidumps are not enabled by default on client versions of Windows
#
# If you would like to submit a bug report, please visit:
#   https://bugreport.java.com/bugreport/crash.jsp
#

---------------  S U M M A R Y ------------

Command Line: -Dfile.encoding=UTF-8 -Dstdout.encoding=UTF-8 -Dstderr.encoding=UTF-8 -XX:+ShowCodeDetailsInExceptionMessages -agentpath:C:\Program Files\SentinelOne\Sentinel Agent 24.1.4.257\SentinelJava64.dll=extendedCapabilities com.my.hrms.HrmsApplication

Host: 11th Gen Intel(R) Core(TM) i7-1165G7 @ 2.80GHz, 8 cores, 31G,  Windows 11 , 64 bit Build 26100 (10.0.26100.3624)
Time: Fri Apr 11 14:11:11 2025 India Standard Time elapsed time: 1567.875750 seconds (0d 0h 26m 7s)

---------------  T H R E A D  ---------------

Current thread (0x0000026ab97b3de0):  JavaThread "http-nio-8080-exec-1" daemon [_thread_in_Java, id=5376, stack(0x000000ceaa400000,0x000000ceaa500000) (1024K)]

Stack: [0x000000ceaa400000,0x000000ceaa500000],  sp=0x000000ceaa4f6ce8,  free space=987k
Native frames: (J=compiled Java code, j=interpreted, Vv=VM code, C=native code)
C  0x0000026a5b36de92

The last pc belongs to fast_agetfield (printed below).

siginfo: EXCEPTION_ACCESS_VIOLATION (0xc0000005), reading address 0xffffffffffffffff


Registers:
RAX=0x0405060700010203, RBX=0x000000000000000c, RCX=0x0000026ac14d01c8, RDX=0x0000026ac14d01c8
RSP=0x000000ceaa4f6ce8, RBP=0x000000ceaa4f6d30, RSI=0x000000ceaa4f7130, RDI=0x000000ceaa4f7138
R8 =0x000000ceaa4f7140, R9 =0x0000000000000001, R10=0x00007ffaef13fc10, R11=0x000000ceaa4f6f28
R12=0x0000000000000000, R13=0x0000026ac1120989, R14=0x000000ceaa4f6d48, R15=0x0000026ab97b3de0
RIP=0x0000026a5b36de92, EFLAGS=0x0000000000010202


Register to memory mapping:

RAX=0x0405060700010203 is an unknown value
RBX=0x000000000000000c is an unknown value
RCX=0x0000026ac14d01c8 is pointing into metadata
RDX=0x0000026ac14d01c8 is pointing into metadata
RSP=0x000000ceaa4f6ce8 is pointing into the stack for thread: 0x0000026ab97b3de0
RBP=0x000000ceaa4f6d30 is pointing into the stack for thread: 0x0000026ab97b3de0
RSI=0x000000ceaa4f7130 is pointing into the stack for thread: 0x0000026ab97b3de0
RDI=0x000000ceaa4f7138 is pointing into the stack for thread: 0x0000026ab97b3de0
R8 =0x000000ceaa4f7140 is pointing into the stack for thread: 0x0000026ab97b3de0
R9 =0x0000000000000001 is an unknown value
R10=0x00007ffaef13fc10 jvm.dll
R11=0x000000ceaa4f6f28 is pointing into the stack for thread: 0x0000026ab97b3de0
R12=0x0 is null
R13=0x0000026ac1120989 is pointing into metadata
R14=0x000000ceaa4f6d48 is pointing into the stack for thread: 0x0000026ab97b3de0
R15=0x0000026ab97b3de0 is a thread

Top of Stack: (sp=0x000000ceaa4f6ce8)
0x000000ceaa4f6ce8:   000000ceaa4f6ce8 0000026ac1120988
0x000000ceaa4f6cf8:   0000000000000003 0000026ac14d01c8
0x000000ceaa4f6d08:   0000026ac1d54d50 00000006062c5a48
0x000000ceaa4f6d18:   0000026ac11209b8 0000000000000000
0x000000ceaa4f6d28:   000000ceaa4f6d40 000000ceaa4f6f20
0x000000ceaa4f6d38:   0000026a5b3510e7 000000060c07e860
0x000000ceaa4f6d48:   0405060700010203 0000000000000000
0x000000ceaa4f6d58:   0000000000000000 0000000000000000
0x000000ceaa4f6d68:   0000000000000000 0000000000000000
0x000000ceaa4f6d78:   0000000000000000 0000000000000000
0x000000ceaa4f6d88:   0000000000000000 0000000000000000
0x000000ceaa4f6d98:   0000000000000000 0000000000000000
0x000000ceaa4f6da8:   0000000000000000 0000000000000000
0x000000ceaa4f6db8:   0000000000000000 0000000000000000
0x000000ceaa4f6dc8:   0000000000000000 0000000000000000
0x000000ceaa4f6dd8:   0000000000000000 0000000000000000
0x000000ceaa4f6de8:   0000000000000000 0000000000000000
0x000000ceaa4f6df8:   0000000000000000 0000000000000000
0x000000ceaa4f6e08:   0000000000000001 0000000000000000
0x000000ceaa4f6e18:   0000000000000000 0000000000000000
0x000000ceaa4f6e28:   0000000000000000 0000000000000000
0x000000ceaa4f6e38:   00000000c1761df5 0000000000000000
0x000000ceaa4f6e48:   00000000c17f9769 0000000000000000
0x000000ceaa4f6e58:   00000000c16db1c3 0000000000000000
0x000000ceaa4f6e68:   0000000072ee72a9 0000000000000000
0x000000ceaa4f6e78:   4bcd5546edcbcb85 4bcd55464bcd5546
0x000000ceaa4f6e88:   000000000b6157f6 0000000000000000
0x000000ceaa4f6e98:   969d1e49a1fe763f 969d1e49969d1e49
0x000000ceaa4f6ea8:   62e68693e00d5942 c2b9d508d24d6a6e
0x000000ceaa4f6eb8:   93dda1299b1ee67a ec2177596a287f36
0x000000ceaa4f6ec8:   cd5326b8371afd1e 5776c9ee87c7f4ea
0x000000ceaa4f6ed8:   47e67b5ab8c1927a bd9c060aa62c276c 

Instructions: (pc=0x0000026a5b36de92)
0x0000026a5b36dd92:   77 49 83 7f 08 00 0f 84 05 00 00 00 e9 5d 31 fe
0x0000026a5b36dda2:   ff 4c 8b 6d c0 4c 8b 75 c8 4e 8d 74 f5 00 c3 48
0x0000026a5b36ddb2:   8b d8 48 8b 55 e8 e8 05 00 00 00 e9 99 00 00 00
0x0000026a5b36ddc2:   4d 8b c5 48 8d 44 24 08 4c 89 6d c0 49 8b cf c5
0x0000026a5b36ddd2:   f8 77 49 89 af a8 03 00 00 49 89 87 98 03 00 00
0x0000026a5b36dde2:   48 83 ec 20 40 f6 c4 0f 0f 84 19 00 00 00 48 83
0x0000026a5b36ddf2:   ec 08 48 b8 e0 26 8c ee fa 7f 00 00 ff d0 48 83
0x0000026a5b36de02:   c4 08 e9 0c 00 00 00 48 b8 e0 26 8c ee fa 7f 00
0x0000026a5b36de12:   00 ff d0 48 83 c4 20 49 c7 87 98 03 00 00 00 00
0x0000026a5b36de22:   00 00 49 c7 87 a8 03 00 00 00 00 00 00 49 c7 87
0x0000026a5b36de32:   a0 03 00 00 00 00 00 00 c5 f8 77 49 83 7f 08 00
0x0000026a5b36de42:   0f 84 05 00 00 00 e9 b3 30 fe ff 4c 8b 6d c0 4c
0x0000026a5b36de52:   8b 75 c8 4e 8d 74 f5 00 c3 49 ba 10 54 14 ef fa
0x0000026a5b36de62:   7f 00 00 41 ff 24 da 0f 1f 80 00 00 00 00 68 77
0x0000026a5b36de72:   e8 ee fa 7f 00 00 48 00 00 00 cb 00 00 00 58 41
0x0000026a5b36de82:   0f b7 5d 01 48 8b 4d d0 c1 e3 02 48 8b 5c d9 48
0x0000026a5b36de92:   48 3b 00 8b 04 18 48 c1 e0 03 41 0f b6 5d 03 49
0x0000026a5b36dea2:   83 c5 03 49 ba 10 fc 13 ef fa 7f 00 00 41 ff 24
0x0000026a5b36deb2:   da 0f 1f 44 00 00 78 77 e8 ee fa 7f 00 00 58 00
0x0000026a5b36dec2:   00 00 cc 00 00 00 00 00 00 00 00 00 00 00 00 00
0x0000026a5b36ded2:   00 00 00 00 00 00 00 00 00 00 00 00 00 00 58 41
0x0000026a5b36dee2:   0f b7 5d 01 48 8b 4d d0 c1 e3 02 48 8b 5c d9 48
0x0000026a5b36def2:   48 3b 00 0f be 04 18 41 0f b6 5d 03 49 83 c5 03
0x0000026a5b36df02:   49 ba 10 dc 13 ef fa 7f 00 00 41 ff 24 da 88 77
0x0000026a5b36df12:   e8 ee fa 7f 00 00 40 00 00 00 cd 00 00 00 58 41
0x0000026a5b36df22:   0f b7 5d 01 48 8b 4d d0 c1 e3 02 48 8b 5c d9 48
0x0000026a5b36df32:   48 3b 00 0f b7 04 18 41 0f b6 5d 03 49 83 c5 03
0x0000026a5b36df42:   49 ba 10 dc 13 ef fa 7f 00 00 41 ff 24 da 98 77
0x0000026a5b36df52:   e8 ee fa 7f 00 00 48 00 00 00 ce 00 00 00 58 41
0x0000026a5b36df62:   0f b7 5d 01 48 8b 4d d0 c1 e3 02 48 8b 5c d9 48
0x0000026a5b36df72:   48 3b 00 c5 fb 10 04 18 41 0f b6 5d 03 49 83 c5
0x0000026a5b36df82:   03 49 ba 10 f4 13 ef fa 7f 00 00 41 ff 24 da 0f 


Stack slot to memory mapping:

stack at sp + 0 slots: 0x000000ceaa4f6ce8 is pointing into the stack for thread: 0x0000026ab97b3de0
stack at sp + 1 slots: 0x0000026ac1120988 is pointing into metadata
stack at sp + 2 slots: 0x0000000000000003 is an unknown value
stack at sp + 3 slots: 0x0000026ac14d01c8 is pointing into metadata
stack at sp + 4 slots: 0x0000026ac1d54d50 is pointing into metadata
stack at sp + 5 slots: 0x00000006062c5a48 is an oop: java.lang.Class 
{0x00000006062c5a48} - klass: 'java/lang/Class'
 - ---- fields (total size 15 words):
 - private volatile transient 'classRedefinedCount' 'I' @12  0 (0x00000000)
 - injected 'klass' 'J' @16  2656213494840 (0x0000026a72a96c38)
 - injected 'array_klass' 'J' @24  0 (0x0000000000000000)
 - injected 'oop_size' 'I' @32  15 (0x0000000f)
 - injected 'static_oop_field_count' 'I' @36  2 (0x00000002)
 - private volatile transient 'cachedConstructor' 'Ljava/lang/reflect/Constructor;' @40  null (0x00000000)
 - private transient 'name' 'Ljava/lang/String;' @44  "jakarta.servlet.ServletRequestWrapper"{0x00000006062f7bd8} (0xc0c5ef7b)
 - private transient 'module' 'Ljava/lang/Module;' @48  a 'java/lang/Module'{0x0000000604b7f460} (0xc096fe8c)
 - private final 'classLoader' 'Ljava/lang/ClassLoader;' @52  a 'jdk/internal/loader/ClassLoaders$AppClassLoader'{0x0000000604b70c48} (0xc096e189)
 - private transient 'classData' 'Ljava/lang/Object;' @56  null (0x00000000)
 - private transient 'packageName' 'Ljava/lang/String;' @60  "jakarta.servlet"{0x00000006049405d0} (0xc09280ba)
 - private final 'componentType' 'Ljava/lang/Class;' @64  null (0x00000000)
 - private volatile transient 'reflectionData' 'Ljava/lang/ref/SoftReference;' @68  null (0x00000000)
 - private volatile transient 'genericInfo' 'Lsun/reflect/generics/repository/ClassRepository;' @72  null (0x00000000)
 - private volatile transient 'enumConstants' '[Ljava/lang/Object;' @76  null (0x00000000)
 - private volatile transient 'enumConstantDirectory' 'Ljava/util/Map;' @80  null (0x00000000)
 - private volatile transient 'annotationData' 'Ljava/lang/Class$AnnotationData;' @84  null (0x00000000)
 - private volatile transient 'annotationType' 'Lsun/reflect/annotation/AnnotationType;' @88  null (0x00000000)
 - transient 'classValueMap' 'Ljava/lang/ClassValue$ClassValueMap;' @92  null (0x00000000)
 - injected 'protection_domain' 'Ljava/lang/Object;' @96  a 'java/security/ProtectionDomain'{0x0000000604940618} (0xc09280c3)
 - injected 'signers_name' 'Ljava/lang/Object;' @100  null (0x00000000)
 - injected 'source_file' 'Ljava/lang/Object;' @104  null (0x00000000)
 - signature: Ljakarta/servlet/ServletRequestWrapper;
 - ---- static fields (2):
 - private static final 'LSTRING_FILE' 'Ljava/lang/String;' @112  "jakarta.servlet.LocalStrings"{0x0000000605cb7a18} (0xc0b96f43)
 - private static final 'lStrings' 'Ljava/util/ResourceBundle;' @116  a 'java/util/PropertyResourceBundle'{0x0000000606d4a7a0} (0xc0da94f4)
stack at sp + 6 slots: {method} {0x0000026ac11209c0} 'getParameterValues' '(Ljava/lang/String;)[Ljava/lang/String;' in 'jakarta/servlet/ServletRequestWrapper'
stack at sp + 7 slots: 0x0 is null

fast_agetfield  203 fast_agetfield  [0x0000026a5b36de80, 0x0000026a5b36deb8]  56 bytes
[MachCode]
  0x0000026a5b36de80: 5841 0fb7 | 5d01 488b | 4dd0 c1e3 | 0248 8b5c | d948 483b | 008b 0418 | 48c1 e003 | 410f b65d 
  0x0000026a5b36dea0: 0349 83c5 | 0349 ba10 | fc13 effa | 7f00 0041 | ff24 da0f | 1f44 0000 
[/MachCode]

---------------  P R O C E S S  ---------------

Threads class SMR info:
_java_thread_list=0x0000026abd1d6c30, length=32, elements={
0x0000026a7022cfc0, 0x0000026a70231640, 0x0000026a7023c5f0, 0x0000026a7023cf90,
0x0000026a70245600, 0x0000026a702512b0, 0x0000026a70255d90, 0x0000026a70257570,
0x0000026a703ade10, 0x0000026a703b5cb0, 0x0000026ab98f8af0, 0x0000026a7051cdf0,
0x0000026ab97b3750, 0x0000026ab9835b80, 0x0000026ab9836f30, 0x0000026ab9836210,
0x0000026ab98347d0, 0x0000026ab97b30c0, 0x0000026ab97b3de0, 0x0000026ab97b4470,
0x0000026ab97b0ff0, 0x0000026ab97b4b00, 0x0000026ab97b1d10, 0x0000026ab97b5190,
0x0000026ab97b5820, 0x0000026ab97b23a0, 0x0000026ab97b78f0, 0x0000026ab97b6bd0,
0x0000026ab97b6540, 0x0000026ab97b7260, 0x0000026abb1d2130, 0x0000026ab73ebb20
}

Java Threads: ( => current thread )
  0x0000026a7022cfc0 JavaThread "Reference Handler"          daemon [_thread_blocked, id=21564, stack(0x000000cea8900000,0x000000cea8a00000) (1024K)]
  0x0000026a70231640 JavaThread "Finalizer"                  daemon [_thread_blocked, id=11760, stack(0x000000cea8a00000,0x000000cea8b00000) (1024K)]
  0x0000026a7023c5f0 JavaThread "Signal Dispatcher"          daemon [_thread_blocked, id=10484, stack(0x000000cea8b00000,0x000000cea8c00000) (1024K)]
  0x0000026a7023cf90 JavaThread "Attach Listener"            daemon [_thread_blocked, id=21192, stack(0x000000cea8c00000,0x000000cea8d00000) (1024K)]
  0x0000026a70245600 JavaThread "Service Thread"             daemon [_thread_blocked, id=10656, stack(0x000000cea8d00000,0x000000cea8e00000) (1024K)]
  0x0000026a702512b0 JavaThread "Monitor Deflation Thread"   daemon [_thread_blocked, id=12476, stack(0x000000cea8e00000,0x000000cea8f00000) (1024K)]
  0x0000026a70255d90 JavaThread "C2 CompilerThread0"         daemon [_thread_in_native, id=7464, stack(0x000000cea8f00000,0x000000cea9000000) (1024K)]
  0x0000026a70257570 JavaThread "C1 CompilerThread0"         daemon [_thread_blocked, id=15604, stack(0x000000cea9000000,0x000000cea9100000) (1024K)]
  0x0000026a703ade10 JavaThread "Notification Thread"        daemon [_thread_blocked, id=24828, stack(0x000000cea9100000,0x000000cea9200000) (1024K)]
  0x0000026a703b5cb0 JavaThread "Common-Cleaner"             daemon [_thread_blocked, id=21992, stack(0x000000cea9200000,0x000000cea9300000) (1024K)]
  0x0000026ab98f8af0 JavaThread "mysql-cj-abandoned-connection-cleanup" daemon [_thread_blocked, id=9724, stack(0x000000ceaa200000,0x000000ceaa300000) (1024K)]
  0x0000026a7051cdf0 JavaThread "Live Reload Server"         daemon [_thread_in_native, id=21272, stack(0x000000ceaa800000,0x000000ceaa900000) (1024K)]
  0x0000026ab97b3750 JavaThread "DestroyJavaVM"                     [_thread_blocked, id=3640, stack(0x000000cea8100000,0x000000cea8200000) (1024K)]
  0x0000026ab9835b80 JavaThread "Catalina-utility-1"                [_thread_blocked, id=15320, stack(0x000000cea9c00000,0x000000cea9d00000) (1024K)]
  0x0000026ab9836f30 JavaThread "Catalina-utility-2"                [_thread_blocked, id=7192, stack(0x000000cea9d00000,0x000000cea9e00000) (1024K)]
  0x0000026ab9836210 JavaThread "container-0"                       [_thread_blocked, id=7092, stack(0x000000cea9e00000,0x000000cea9f00000) (1024K)]
  0x0000026ab98347d0 JavaThread "HikariPool-7 housekeeper"   daemon [_thread_blocked, id=23088, stack(0x000000ceaa000000,0x000000ceaa100000) (1024K)]
  0x0000026ab97b30c0 JavaThread "File Watcher"               daemon [_thread_blocked, id=12992, stack(0x000000ceaa300000,0x000000ceaa400000) (1024K)]
=>0x0000026ab97b3de0 JavaThread "http-nio-8080-exec-1"       daemon [_thread_in_Java, id=5376, stack(0x000000ceaa400000,0x000000ceaa500000) (1024K)]
  0x0000026ab97b4470 JavaThread "http-nio-8080-exec-2"       daemon [_thread_blocked, id=15852, stack(0x000000ceaa500000,0x000000ceaa600000) (1024K)]
  0x0000026ab97b0ff0 JavaThread "http-nio-8080-exec-3"       daemon [_thread_blocked, id=15020, stack(0x000000ceaa600000,0x000000ceaa700000) (1024K)]
  0x0000026ab97b4b00 JavaThread "http-nio-8080-exec-4"       daemon [_thread_blocked, id=23980, stack(0x000000ceaa700000,0x000000ceaa800000) (1024K)]
  0x0000026ab97b1d10 JavaThread "http-nio-8080-exec-5"       daemon [_thread_blocked, id=24588, stack(0x000000ceaa900000,0x000000ceaaa00000) (1024K)]
  0x0000026ab97b5190 JavaThread "http-nio-8080-exec-6"       daemon [_thread_blocked, id=21924, stack(0x000000ceaaa00000,0x000000ceaab00000) (1024K)]
  0x0000026ab97b5820 JavaThread "http-nio-8080-exec-7"       daemon [_thread_blocked, id=21496, stack(0x000000ceaab00000,0x000000ceaac00000) (1024K)]
  0x0000026ab97b23a0 JavaThread "http-nio-8080-exec-8"       daemon [_thread_blocked, id=24348, stack(0x000000ceaac00000,0x000000ceaad00000) (1024K)]
  0x0000026ab97b78f0 JavaThread "http-nio-8080-exec-9"       daemon [_thread_blocked, id=21984, stack(0x000000ceaad00000,0x000000ceaae00000) (1024K)]
  0x0000026ab97b6bd0 JavaThread "http-nio-8080-exec-10"      daemon [_thread_blocked, id=8008, stack(0x000000ceaae00000,0x000000ceaaf00000) (1024K)]
  0x0000026ab97b6540 JavaThread "http-nio-8080-Poller"       daemon [_thread_in_native, id=20528, stack(0x000000ceaaf00000,0x000000ceab000000) (1024K)]
  0x0000026ab97b7260 JavaThread "http-nio-8080-Acceptor"     daemon [_thread_in_native, id=19168, stack(0x000000ceab000000,0x000000ceab100000) (1024K)]
  0x0000026abb1d2130 JavaThread "C2 CompilerThread1"         daemon [_thread_in_native, id=13908, stack(0x000000cea7e00000,0x000000cea7f00000) (1024K)]
  0x0000026ab73ebb20 JavaThread "C2 CompilerThread2"         daemon [_thread_in_native, id=5396, stack(0x000000cea7f00000,0x000000cea8000000) (1024K)]
Total: 32

Other Threads:
  0x0000026a6d90c8d0 VMThread "VM Thread"                           [id=19756, stack(0x000000cea8800000,0x000000cea8900000) (1024K)]
  0x0000026a70220090 WatcherThread "VM Periodic Task Thread"        [id=4696, stack(0x000000cea8700000,0x000000cea8800000) (1024K)]
  0x0000026a6d75f790 WorkerThread "GC Thread#0"                     [id=14692, stack(0x000000cea8200000,0x000000cea8300000) (1024K)]
  0x0000026a6d90cc70 WorkerThread "GC Thread#1"                     [id=6100, stack(0x000000cea9500000,0x000000cea9600000) (1024K)]
  0x0000026a6d90d010 WorkerThread "GC Thread#2"                     [id=14344, stack(0x000000cea9600000,0x000000cea9700000) (1024K)]
  0x0000026a6d90c190 WorkerThread "GC Thread#3"                     [id=14512, stack(0x000000cea9700000,0x000000cea9800000) (1024K)]
  0x0000026a6d90b6b0 WorkerThread "GC Thread#4"                     [id=17268, stack(0x000000cea9800000,0x000000cea9900000) (1024K)]
  0x0000026a6d90ba50 WorkerThread "GC Thread#5"                     [id=14740, stack(0x000000cea9900000,0x000000cea9a00000) (1024K)]
  0x0000026a6d90c530 WorkerThread "GC Thread#6"                     [id=25124, stack(0x000000cea9a00000,0x000000cea9b00000) (1024K)]
  0x0000026a70cf97e0 WorkerThread "GC Thread#7"                     [id=19124, stack(0x000000cea9b00000,0x000000cea9c00000) (1024K)]
  0x0000026a6d771c50 ConcurrentGCThread "G1 Main Marker"            [id=18588, stack(0x000000cea8300000,0x000000cea8400000) (1024K)]
  0x0000026a6d773940 WorkerThread "G1 Conc#0"                       [id=23668, stack(0x000000cea8400000,0x000000cea8500000) (1024K)]
  0x0000026a70cf8220 WorkerThread "G1 Conc#1"                       [id=25012, stack(0x000000cea9f00000,0x000000ceaa000000) (1024K)]
  0x0000026a6d83e2f0 ConcurrentGCThread "G1 Refine#0"               [id=18728, stack(0x000000cea8500000,0x000000cea8600000) (1024K)]
  0x0000026a497ae490 ConcurrentGCThread "G1 Service"                [id=8884, stack(0x000000cea8600000,0x000000cea8700000) (1024K)]
Total: 15

Threads with active compile tasks:
C2 CompilerThread0  1568113 15659 % !   4       org.eclipse.jdt.internal.compiler.classfmt.ClassFileReader::<init> @ 63 (2113 bytes)
C2 CompilerThread1  1568113 15670       4       org.eclipse.jdt.internal.compiler.lookup.LookupEnvironment::getTypeFromTypeSignature (770 bytes)
C2 CompilerThread2  1568113 15693       4       org.eclipse.jdt.internal.compiler.lookup.BinaryTypeBinding::getExactMethod (269 bytes)
Total: 3

VM state: not at safepoint (normal execution)

VM Mutex/Monitor currently owned by a thread: None

Heap address: 0x0000000604800000, size: 8120 MB, Compressed Oops mode: Zero based, Oop shift amount: 3

CDS archive(s) mapped at: [0x0000026a71000000-0x0000026a71c90000-0x0000026a71c90000), size 13172736, SharedBaseAddress: 0x0000026a71000000, ArchiveRelocationMode: 1.
Compressed class space mapped at: 0x0000026a72000000-0x0000026ab2000000, reserved size: 1073741824
Narrow klass base: 0x0000026a71000000, Narrow klass shift: 0, Narrow klass range: 0x100000000

GC Precious Log:
 CardTable entry size: 512
 Card Set container configuration: InlinePtr #cards 4 size 8 Array Of Cards #cards 32 size 80 Howl #buckets 8 coarsen threshold 7372 Howl Bitmap #cards 1024 size 144 coarsen threshold 921 Card regions per heap region 1 cards per card region 8192
 CPUs: 8 total, 8 available
 Memory: 32466M
 Large Page Support: Disabled
 NUMA Support: Disabled
 Compressed Oops: Enabled (Zero based)
 Heap Region Size: 4M
 Heap Min Capacity: 8M
 Heap Initial Capacity: 508M
 Heap Max Capacity: 8120M
 Pre-touch: Disabled
 Parallel Workers: 8
 Concurrent Workers: 2
 Concurrent Refinement Workers: 8
 Periodic GC: Disabled

Heap:
 garbage-first heap   total 139264K, used 69967K [0x0000000604800000, 0x0000000800000000)
  region size 4096K, 10 young (40960K), 2 survivors (8192K)
 Metaspace       used 100541K, committed 101504K, reserved 1179648K
  class space    used 12532K, committed 12928K, reserved 1048576K

Heap Regions: E=young(eden), S=young(survivor), O=old, HS=humongous(starts), HC=humongous(continues), CS=collection set, F=free, TAMS=top-at-mark-start, PB=parsable bottom
|   0|0x0000000604800000, 0x0000000604bfffd8, 0x0000000604c00000| 99%| O|  |TAMS 0x0000000604800000| PB 0x0000000604800000| Untracked 
|   1|0x0000000604c00000, 0x0000000604fffff0, 0x0000000605000000| 99%| O|  |TAMS 0x0000000604c00000| PB 0x0000000604c00000| Untracked 
|   2|0x0000000605000000, 0x0000000605400000, 0x0000000605400000|100%| O|  |TAMS 0x0000000605000000| PB 0x0000000605000000| Untracked 
|   3|0x0000000605400000, 0x00000006057fffb8, 0x0000000605800000| 99%| O|  |TAMS 0x0000000605400000| PB 0x0000000605400000| Untracked 
|   4|0x0000000605800000, 0x0000000605bfffc8, 0x0000000605c00000| 99%| O|  |TAMS 0x0000000605800000| PB 0x0000000605800000| Untracked 
|   5|0x0000000605c00000, 0x0000000605ffff30, 0x0000000606000000| 99%| O|  |TAMS 0x0000000605c00000| PB 0x0000000605c00000| Untracked 
|   6|0x0000000606000000, 0x00000006063fffe0, 0x0000000606400000| 99%| O|  |TAMS 0x0000000606000000| PB 0x0000000606000000| Untracked 
|   7|0x0000000606400000, 0x00000006067fff68, 0x0000000606800000| 99%| O|  |TAMS 0x0000000606400000| PB 0x0000000606400000| Untracked 
|   8|0x0000000606800000, 0x0000000606a8b8b8, 0x0000000606c00000| 63%| O|  |TAMS 0x0000000606800000| PB 0x0000000606800000| Untracked 
|   9|0x0000000606c00000, 0x0000000606fffff8, 0x0000000607000000| 99%| O|  |TAMS 0x0000000606c00000| PB 0x0000000606c00000| Untracked 
|  10|0x0000000607000000, 0x0000000607000000, 0x0000000607400000|  0%| F|  |TAMS 0x0000000607000000| PB 0x0000000607000000| Untracked 
|  11|0x0000000607400000, 0x0000000607448998, 0x0000000607800000|  7%| O|  |TAMS 0x0000000607400000| PB 0x0000000607400000| Untracked 
|  12|0x0000000607800000, 0x0000000607800000, 0x0000000607c00000|  0%| F|  |TAMS 0x0000000607800000| PB 0x0000000607800000| Untracked 
|  13|0x0000000607c00000, 0x0000000607d7fe78, 0x0000000608000000| 37%| S|CS|TAMS 0x0000000607c00000| PB 0x0000000607c00000| Complete 
|  14|0x0000000608000000, 0x0000000608400000, 0x0000000608400000|100%| S|CS|TAMS 0x0000000608000000| PB 0x0000000608000000| Complete 
|  15|0x0000000608400000, 0x0000000608400000, 0x0000000608800000|  0%| F|  |TAMS 0x0000000608400000| PB 0x0000000608400000| Untracked 
|  16|0x0000000608800000, 0x0000000608800000, 0x0000000608c00000|  0%| F|  |TAMS 0x0000000608800000| PB 0x0000000608800000| Untracked 
|  17|0x0000000608c00000, 0x0000000608c00000, 0x0000000609000000|  0%| F|  |TAMS 0x0000000608c00000| PB 0x0000000608c00000| Untracked 
|  18|0x0000000609000000, 0x0000000609000000, 0x0000000609400000|  0%| F|  |TAMS 0x0000000609000000| PB 0x0000000609000000| Untracked 
|  19|0x0000000609400000, 0x0000000609400000, 0x0000000609800000|  0%| F|  |TAMS 0x0000000609400000| PB 0x0000000609400000| Untracked 
|  20|0x0000000609800000, 0x0000000609800000, 0x0000000609c00000|  0%| F|  |TAMS 0x0000000609800000| PB 0x0000000609800000| Untracked 
|  21|0x0000000609c00000, 0x0000000609c00000, 0x000000060a000000|  0%| F|  |TAMS 0x0000000609c00000| PB 0x0000000609c00000| Untracked 
|  22|0x000000060a000000, 0x000000060a000000, 0x000000060a400000|  0%| F|  |TAMS 0x000000060a000000| PB 0x000000060a000000| Untracked 
|  23|0x000000060a400000, 0x000000060a400000, 0x000000060a800000|  0%| F|  |TAMS 0x000000060a400000| PB 0x000000060a400000| Untracked 
|  24|0x000000060a800000, 0x000000060a800000, 0x000000060ac00000|  0%| F|  |TAMS 0x000000060a800000| PB 0x000000060a800000| Untracked 
|  25|0x000000060ac00000, 0x000000060ac00000, 0x000000060b000000|  0%| F|  |TAMS 0x000000060ac00000| PB 0x000000060ac00000| Untracked 
|  26|0x000000060b000000, 0x000000060b252020, 0x000000060b400000| 58%| E|  |TAMS 0x000000060b000000| PB 0x000000060b000000| Complete 
|  27|0x000000060b400000, 0x000000060b800000, 0x000000060b800000|100%| E|CS|TAMS 0x000000060b400000| PB 0x000000060b400000| Complete 
|  28|0x000000060b800000, 0x000000060bc00000, 0x000000060bc00000|100%| E|CS|TAMS 0x000000060b800000| PB 0x000000060b800000| Complete 
|  29|0x000000060bc00000, 0x000000060c000000, 0x000000060c000000|100%| E|CS|TAMS 0x000000060bc00000| PB 0x000000060bc00000| Complete 
|  30|0x000000060c000000, 0x000000060c400000, 0x000000060c400000|100%| E|  |TAMS 0x000000060c000000| PB 0x000000060c000000| Complete 
|  31|0x000000060c400000, 0x000000060c800000, 0x000000060c800000|100%| E|CS|TAMS 0x000000060c400000| PB 0x000000060c400000| Complete 
|  32|0x000000060c800000, 0x000000060cc00000, 0x000000060cc00000|100%| E|CS|TAMS 0x000000060c800000| PB 0x000000060c800000| Complete 
|  33|0x000000060cc00000, 0x000000060d000000, 0x000000060d000000|100%| E|CS|TAMS 0x000000060cc00000| PB 0x000000060cc00000| Complete 

Card table byte_map: [0x0000026a64860000,0x0000026a65840000] _byte_map_base: 0x0000026a6183c000

Marking Bits: (CMBitMap*) 0x0000026a6d75fb40
 Bits: [0x0000026a65840000, 0x0000026a6d720000)

Polling page: 0x0000026a49a90000

Metaspace:

Usage:
  Non-class:     85.95 MB used.
      Class:     12.24 MB used.
       Both:     98.18 MB used.

Virtual space:
  Non-class space:      128.00 MB reserved,      86.50 MB ( 68%) committed,  2 nodes.
      Class space:        1.00 GB reserved,      12.62 MB (  1%) committed,  1 nodes.
             Both:        1.12 GB reserved,      99.12 MB (  9%) committed. 

Chunk freelists:
   Non-Class:  9.48 MB
       Class:  3.31 MB
        Both:  12.79 MB

MaxMetaspaceSize: unlimited
CompressedClassSpaceSize: 1.00 GB
Initial GC threshold: 21.00 MB
Current GC threshold: 164.19 MB
CDS: on
 - commit_granule_bytes: 65536.
 - commit_granule_words: 8192.
 - virtual_space_node_default_size: 8388608.
 - enlarge_chunks_in_place: 1.
 - use_allocation_guard: 0.


Internal statistics:

num_allocs_failed_limit: 9.
num_arena_births: 1298.
num_arena_deaths: 24.
num_vsnodes_births: 3.
num_vsnodes_deaths: 0.
num_space_committed: 1586.
num_space_uncommitted: 0.
num_chunks_returned_to_freelist: 48.
num_chunks_taken_from_freelist: 4997.
num_chunk_merges: 11.
num_chunk_splits: 3484.
num_chunks_enlarged: 2625.
num_inconsistent_stats: 0.

CodeHeap 'non-profiled nmethods': size=120000Kb used=9447Kb max_used=9447Kb free=110552Kb
 bounds [0x0000026a5b8f0000, 0x0000026a5c230000, 0x0000026a62e20000]
CodeHeap 'profiled nmethods': size=120000Kb used=24006Kb max_used=24006Kb free=95993Kb
 bounds [0x0000026a53e20000, 0x0000026a555b0000, 0x0000026a5b350000]
CodeHeap 'non-nmethods': size=5760Kb used=2051Kb max_used=2141Kb free=3708Kb
 bounds [0x0000026a5b350000, 0x0000026a5b5c0000, 0x0000026a5b8f0000]
 total_blobs=11719 nmethods=10907 adapters=713
 compilation: enabled
              stopped_count=0, restarted_count=0
 full_count=0

Compilation events (20 events):
Event: 1567.847 Thread 0x0000026a70257570 15713       2       java.lang.StringBuilder::getChars (10 bytes)
Event: 1567.847 Thread 0x0000026a70257570 nmethod 15713 0x0000026a54a59f10 code [0x0000026a54a5a0a0, 0x0000026a54a5a200]
Event: 1567.847 Thread 0x0000026a70257570 15701       2       org.eclipse.jdt.internal.compiler.util.ObjectVector::<init> (36 bytes)
Event: 1567.848 Thread 0x0000026a70257570 nmethod 15701 0x0000026a551bdf10 code [0x0000026a551be0a0, 0x0000026a551be2c0]
Event: 1567.848 Thread 0x0000026a70257570 15707       2       org.eclipse.jdt.internal.compiler.lookup.LocalVariableBinding::<init> (54 bytes)
Event: 1567.848 Thread 0x0000026a70257570 nmethod 15707 0x0000026a552c1a90 code [0x0000026a552c1c40, 0x0000026a552c1de8]
Event: 1567.848 Thread 0x0000026a70257570 15710       1       org.eclipse.jdt.internal.compiler.ast.FakedTrackingVariable$IteratorForReporting::next (5 bytes)
Event: 1567.848 Thread 0x0000026a70257570 nmethod 15710 0x0000026a5c21be90 code [0x0000026a5c21c020, 0x0000026a5c21c0f0]
Event: 1567.848 Thread 0x0000026a70257570 15711       1       org.eclipse.jdt.internal.compiler.ASTVisitor::visit (2 bytes)
Event: 1567.848 Thread 0x0000026a70257570 nmethod 15711 0x0000026a5c21c190 code [0x0000026a5c21c320, 0x0000026a5c21c3e8]
Event: 1567.848 Thread 0x0000026a70257570 15706       2       org.eclipse.jdt.internal.compiler.lookup.ParameterizedMethodBinding::original (8 bytes)
Event: 1567.848 Thread 0x0000026a70257570 nmethod 15706 0x0000026a54a5af10 code [0x0000026a54a5b0c0, 0x0000026a54a5b200]
Event: 1567.848 Thread 0x0000026a70257570 15716       1       org.eclipse.jdt.internal.compiler.ast.TypeDeclaration::compilationResult (5 bytes)
Event: 1567.848 Thread 0x0000026a70257570 nmethod 15716 0x0000026a5c21c490 code [0x0000026a5c21c620, 0x0000026a5c21c6f0]
Event: 1567.848 Thread 0x0000026a70257570 15714       1       org.eclipse.jdt.internal.compiler.ast.Expression::isCompactableOperation (2 bytes)
Event: 1567.848 Thread 0x0000026a70257570 nmethod 15714 0x0000026a5c21c790 code [0x0000026a5c21c920, 0x0000026a5c21c9e8]
Event: 1567.866 Thread 0x0000026a70257570 15717       2       org.apache.jasper.servlet.JasperLoader::loadClass (7 bytes)
Event: 1567.866 Thread 0x0000026a70257570 nmethod 15717 0x0000026a54ab9d10 code [0x0000026a54ab9ea0, 0x0000026a54ab9fe8]
Event: 1567.866 Thread 0x0000026a70257570 15718  s!   2       org.apache.jasper.servlet.JasperLoader::loadClass (142 bytes)
Event: 1567.869 Thread 0x0000026a70257570 nmethod 15718 0x0000026a555a3c10 code [0x0000026a555a3f40, 0x0000026a555a4bd8]

GC Heap History (20 events):
Event: 173.733 GC heap before
{Heap before GC invocations=22 (full 3):
 garbage-first heap   total 139264K, used 116022K [0x0000000604800000, 0x0000000800000000)
  region size 4096K, 20 young (81920K), 0 survivors (0K)
 Metaspace       used 98034K, committed 98944K, reserved 1179648K
  class space    used 12439K, committed 12864K, reserved 1048576K
}
Event: 173.737 GC heap after
{Heap after GC invocations=23 (full 3):
 garbage-first heap   total 139264K, used 44192K [0x0000000604800000, 0x0000000800000000)
  region size 4096K, 2 young (8192K), 2 survivors (8192K)
 Metaspace       used 98034K, committed 98944K, reserved 1179648K
  class space    used 12439K, committed 12864K, reserved 1048576K
}
Event: 381.670 GC heap before
{Heap before GC invocations=23 (full 3):
 garbage-first heap   total 139264K, used 109728K [0x0000000604800000, 0x0000000800000000)
  region size 4096K, 19 young (77824K), 2 survivors (8192K)
 Metaspace       used 98419K, committed 99328K, reserved 1179648K
  class space    used 12440K, committed 12864K, reserved 1048576K
}
Event: 381.676 GC heap after
{Heap after GC invocations=24 (full 3):
 garbage-first heap   total 139264K, used 45057K [0x0000000604800000, 0x0000000800000000)
  region size 4096K, 2 young (8192K), 2 survivors (8192K)
 Metaspace       used 98419K, committed 99328K, reserved 1179648K
  class space    used 12440K, committed 12864K, reserved 1048576K
}
Event: 707.559 GC heap before
{Heap before GC invocations=24 (full 3):
 garbage-first heap   total 139264K, used 114689K [0x0000000604800000, 0x0000000800000000)
  region size 4096K, 19 young (77824K), 2 survivors (8192K)
 Metaspace       used 98502K, committed 99392K, reserved 1179648K
  class space    used 12447K, committed 12864K, reserved 1048576K
}
Event: 707.566 GC heap after
{Heap after GC invocations=25 (full 3):
 garbage-first heap   total 139264K, used 44789K [0x0000000604800000, 0x0000000800000000)
  region size 4096K, 2 young (8192K), 2 survivors (8192K)
 Metaspace       used 98502K, committed 99392K, reserved 1179648K
  class space    used 12447K, committed 12864K, reserved 1048576K
}
Event: 1034.205 GC heap before
{Heap before GC invocations=25 (full 3):
 garbage-first heap   total 139264K, used 114421K [0x0000000604800000, 0x0000000800000000)
  region size 4096K, 19 young (77824K), 2 survivors (8192K)
 Metaspace       used 98503K, committed 99392K, reserved 1179648K
  class space    used 12447K, committed 12864K, reserved 1048576K
}
Event: 1034.209 GC heap after
{Heap after GC invocations=26 (full 3):
 garbage-first heap   total 139264K, used 44852K [0x0000000604800000, 0x0000000800000000)
  region size 4096K, 2 young (8192K), 2 survivors (8192K)
 Metaspace       used 98503K, committed 99392K, reserved 1179648K
  class space    used 12447K, committed 12864K, reserved 1048576K
}
Event: 1266.146 GC heap before
{Heap before GC invocations=26 (full 3):
 garbage-first heap   total 139264K, used 94004K [0x0000000604800000, 0x0000000800000000)
  region size 4096K, 15 young (61440K), 2 survivors (8192K)
 Metaspace       used 98519K, committed 99456K, reserved 1179648K
  class space    used 12447K, committed 12864K, reserved 1048576K
}
Event: 1266.212 GC heap after
{Heap after GC invocations=27 (full 4):
 garbage-first heap   total 139264K, used 39222K [0x0000000604800000, 0x0000000800000000)
  region size 4096K, 0 young (0K), 0 survivors (0K)
 Metaspace       used 98481K, committed 99456K, reserved 1179648K
  class space    used 12446K, committed 12864K, reserved 1048576K
}
Event: 1266.721 GC heap before
{Heap before GC invocations=27 (full 4):
 garbage-first heap   total 139264K, used 121142K [0x0000000604800000, 0x0000000800000000)
  region size 4096K, 20 young (81920K), 0 survivors (0K)
 Metaspace       used 99041K, committed 99904K, reserved 1179648K
  class space    used 12472K, committed 12864K, reserved 1048576K
}
Event: 1266.724 GC heap after
{Heap after GC invocations=28 (full 4):
 garbage-first heap   total 139264K, used 45273K [0x0000000604800000, 0x0000000800000000)
  region size 4096K, 2 young (8192K), 2 survivors (8192K)
 Metaspace       used 99041K, committed 99904K, reserved 1179648K
  class space    used 12472K, committed 12864K, reserved 1048576K
}
Event: 1419.158 GC heap before
{Heap before GC invocations=28 (full 4):
 garbage-first heap   total 139264K, used 82137K [0x0000000604800000, 0x0000000800000000)
  region size 4096K, 12 young (49152K), 2 survivors (8192K)
 Metaspace       used 99083K, committed 100032K, reserved 1179648K
  class space    used 12473K, committed 12864K, reserved 1048576K
}
Event: 1419.213 GC heap after
{Heap after GC invocations=29 (full 5):
 garbage-first heap   total 139264K, used 38748K [0x0000000604800000, 0x0000000800000000)
  region size 4096K, 0 young (0K), 0 survivors (0K)
 Metaspace       used 99081K, committed 100032K, reserved 1179648K
  class space    used 12472K, committed 12864K, reserved 1048576K
}
Event: 1419.683 GC heap before
{Heap before GC invocations=29 (full 5):
 garbage-first heap   total 139264K, used 116572K [0x0000000604800000, 0x0000000800000000)
  region size 4096K, 20 young (81920K), 0 survivors (0K)
 Metaspace       used 99589K, committed 100544K, reserved 1179648K
  class space    used 12502K, committed 12928K, reserved 1048576K
}
Event: 1419.686 GC heap after
{Heap after GC invocations=30 (full 5):
 garbage-first heap   total 139264K, used 44684K [0x0000000604800000, 0x0000000800000000)
  region size 4096K, 2 young (8192K), 2 survivors (8192K)
 Metaspace       used 99589K, committed 100544K, reserved 1179648K
  class space    used 12502K, committed 12928K, reserved 1048576K
}
Event: 1555.826 GC heap before
{Heap before GC invocations=30 (full 5):
 garbage-first heap   total 139264K, used 102028K [0x0000000604800000, 0x0000000800000000)
  region size 4096K, 17 young (69632K), 2 survivors (8192K)
 Metaspace       used 99963K, committed 100864K, reserved 1179648K
  class space    used 12504K, committed 12928K, reserved 1048576K
}
Event: 1555.886 GC heap after
{Heap after GC invocations=31 (full 6):
 garbage-first heap   total 139264K, used 39760K [0x0000000604800000, 0x0000000800000000)
  region size 4096K, 0 young (0K), 0 survivors (0K)
 Metaspace       used 99925K, committed 100864K, reserved 1179648K
  class space    used 12503K, committed 12928K, reserved 1048576K
}
Event: 1556.323 GC heap before
{Heap before GC invocations=31 (full 6):
 garbage-first heap   total 139264K, used 113488K [0x0000000604800000, 0x0000000800000000)
  region size 4096K, 19 young (77824K), 0 survivors (0K)
 Metaspace       used 100389K, committed 101312K, reserved 1179648K
  class space    used 12530K, committed 12928K, reserved 1048576K
}
Event: 1556.326 GC heap after
{Heap after GC invocations=32 (full 6):
 garbage-first heap   total 139264K, used 45391K [0x0000000604800000, 0x0000000800000000)
  region size 4096K, 2 young (8192K), 2 survivors (8192K)
 Metaspace       used 100389K, committed 101312K, reserved 1179648K
  class space    used 12530K, committed 12928K, reserved 1048576K
}

Dll operation events (11 events):
Event: 0.010 Loaded shared library C:\Program Files\Java\jdk-21\bin\java.dll
Event: 0.041 Loaded shared library C:\Program Files\Java\jdk-21\bin\jsvml.dll
Event: 0.107 Loaded shared library C:\Program Files\Java\jdk-21\bin\jimage.dll
Event: 0.114 Loaded shared library C:\Program Files\Java\jdk-21\bin\net.dll
Event: 0.117 Loaded shared library C:\Program Files\Java\jdk-21\bin\nio.dll
Event: 0.120 Loaded shared library C:\Program Files\Java\jdk-21\bin\zip.dll
Event: 0.473 Loaded shared library C:\Program Files\Java\jdk-21\bin\management.dll
Event: 0.477 Loaded shared library C:\Program Files\Java\jdk-21\bin\management_ext.dll
Event: 1.668 Loaded shared library C:\Program Files\Java\jdk-21\bin\sunmscapi.dll
Event: 3.945 Loaded shared library C:\Program Files\Java\jdk-21\bin\verify.dll
Event: 4.233 Loaded shared library C:\Program Files\Java\jdk-21\bin\extnet.dll

Deoptimization events (20 events):
Event: 1567.775 Thread 0x0000026ab97b3de0 Uncommon trap: trap_request=0xffffffbe fr.pc=0x0000026a5c185390 relative=0x0000000000003230
Event: 1567.775 Thread 0x0000026ab97b3de0 Uncommon trap: reason=profile_predicate action=maybe_recompile pc=0x0000026a5c185390 method=org.eclipse.jdt.internal.compiler.lookup.BinaryTypeBinding.getExactMethod([C[Lorg/eclipse/jdt/internal/compiler/lookup/TypeBinding;Lorg/eclipse/jdt/internal/compil
Event: 1567.775 Thread 0x0000026ab97b3de0 DEOPT PACKING pc=0x0000026a5c185390 sp=0x000000ceaa4f6f60
Event: 1567.775 Thread 0x0000026ab97b3de0 DEOPT UNPACKING pc=0x0000026a5b3a7da2 sp=0x000000ceaa4f6f40 mode 2
Event: 1567.790 Thread 0x0000026ab97b3de0 Uncommon trap: trap_request=0xffffff6e fr.pc=0x0000026a5c16400c relative=0x00000000000002ec
Event: 1567.790 Thread 0x0000026ab97b3de0 Uncommon trap: reason=loop_limit_check action=maybe_recompile pc=0x0000026a5c16400c method=org.eclipse.jdt.internal.compiler.lookup.BlockScope.findVariable([CLorg/eclipse/jdt/internal/compiler/lookup/InvocationSite;)Lorg/eclipse/jdt/internal/compiler/look
Event: 1567.790 Thread 0x0000026ab97b3de0 DEOPT PACKING pc=0x0000026a5c16400c sp=0x000000ceaa4f6b10
Event: 1567.790 Thread 0x0000026ab97b3de0 DEOPT UNPACKING pc=0x0000026a5b3a7da2 sp=0x000000ceaa4f6a98 mode 2
Event: 1567.790 Thread 0x0000026ab97b3de0 Uncommon trap: trap_request=0xffffffbe fr.pc=0x0000026a5c185390 relative=0x0000000000003230
Event: 1567.790 Thread 0x0000026ab97b3de0 Uncommon trap: reason=profile_predicate action=maybe_recompile pc=0x0000026a5c185390 method=org.eclipse.jdt.internal.compiler.lookup.BinaryTypeBinding.getExactMethod([C[Lorg/eclipse/jdt/internal/compiler/lookup/TypeBinding;Lorg/eclipse/jdt/internal/compil
Event: 1567.790 Thread 0x0000026ab97b3de0 DEOPT PACKING pc=0x0000026a5c185390 sp=0x000000ceaa4f6220
Event: 1567.790 Thread 0x0000026ab97b3de0 DEOPT UNPACKING pc=0x0000026a5b3a7da2 sp=0x000000ceaa4f6200 mode 2
Event: 1567.790 Thread 0x0000026ab97b3de0 Uncommon trap: trap_request=0xffffffbe fr.pc=0x0000026a5c185390 relative=0x0000000000003230
Event: 1567.790 Thread 0x0000026ab97b3de0 Uncommon trap: reason=profile_predicate action=maybe_recompile pc=0x0000026a5c185390 method=org.eclipse.jdt.internal.compiler.lookup.BinaryTypeBinding.getExactMethod([C[Lorg/eclipse/jdt/internal/compiler/lookup/TypeBinding;Lorg/eclipse/jdt/internal/compil
Event: 1567.790 Thread 0x0000026ab97b3de0 DEOPT PACKING pc=0x0000026a5c185390 sp=0x000000ceaa4f6640
Event: 1567.790 Thread 0x0000026ab97b3de0 DEOPT UNPACKING pc=0x0000026a5b3a7da2 sp=0x000000ceaa4f6620 mode 2
Event: 1567.790 Thread 0x0000026ab97b3de0 Uncommon trap: trap_request=0xffffff6e fr.pc=0x0000026a5c1853c0 relative=0x0000000000003260
Event: 1567.790 Thread 0x0000026ab97b3de0 Uncommon trap: reason=loop_limit_check action=maybe_recompile pc=0x0000026a5c1853c0 method=org.eclipse.jdt.internal.compiler.lookup.BinaryTypeBinding.getExactMethod([C[Lorg/eclipse/jdt/internal/compiler/lookup/TypeBinding;Lorg/eclipse/jdt/internal/compile
Event: 1567.790 Thread 0x0000026ab97b3de0 DEOPT PACKING pc=0x0000026a5c1853c0 sp=0x000000ceaa4f6800
Event: 1567.790 Thread 0x0000026ab97b3de0 DEOPT UNPACKING pc=0x0000026a5b3a7da2 sp=0x000000ceaa4f67e0 mode 2

Classes loaded (20 events):
Event: 186.516 Loading class java/lang/ObjectCustomizer
Event: 186.516 Loading class java/lang/ObjectCustomizer done
Event: 186.518 Loading class java/lang/ObjectCustomizer
Event: 186.518 Loading class java/lang/ObjectCustomizer done
Event: 1430.625 Loading class java/lang/ObjectBeanInfo
Event: 1430.625 Loading class java/lang/ObjectBeanInfo done
Event: 1430.625 Loading class java/lang/ObjectBeanInfo
Event: 1430.625 Loading class java/lang/ObjectBeanInfo done
Event: 1430.625 Loading class java/lang/ObjectCustomizer
Event: 1430.625 Loading class java/lang/ObjectCustomizer done
Event: 1430.626 Loading class java/lang/ObjectCustomizer
Event: 1430.626 Loading class java/lang/ObjectCustomizer done
Event: 1567.706 Loading class java/lang/ObjectBeanInfo
Event: 1567.706 Loading class java/lang/ObjectBeanInfo done
Event: 1567.707 Loading class java/lang/ObjectBeanInfo
Event: 1567.707 Loading class java/lang/ObjectBeanInfo done
Event: 1567.707 Loading class java/lang/ObjectCustomizer
Event: 1567.707 Loading class java/lang/ObjectCustomizer done
Event: 1567.707 Loading class java/lang/ObjectCustomizer
Event: 1567.707 Loading class java/lang/ObjectCustomizer done

Classes unloaded (12 events):
Event: 86.178 Thread 0x0000026a6d90c8d0 Unloading class 0x0000026a72c64000 'org/apache/jsp/WEB_002dINF/jsp/users_jsp'
Event: 86.178 Thread 0x0000026a6d90c8d0 Unloading class 0x0000026a72c4c000 'org/apache/jsp/WEB_002dINF/jsp/dashboard2_jsp'
Event: 86.178 Thread 0x0000026a6d90c8d0 Unloading class 0x0000026a72bf4000 'org/apache/jsp/WEB_002dINF/jsp/signin_jsp'
Event: 86.178 Thread 0x0000026a6d90c8d0 Unloading class 0x0000026a72bd8000 'org/apache/jsp/WEB_002dINF/jsp/index_jsp'
Event: 122.438 Thread 0x0000026a6d90c8d0 Unloading class 0x0000026a72c79800 'org/apache/jsp/WEB_002dINF/jsp/users_jsp'
Event: 122.438 Thread 0x0000026a6d90c8d0 Unloading class 0x0000026a72c78000 'org/apache/catalina/loader/JdbcLeakPrevention'
Event: 173.173 Thread 0x0000026a6d90c8d0 Unloading class 0x0000026a72c80000 'org/apache/catalina/loader/JdbcLeakPrevention'
Event: 1266.168 Thread 0x0000026a6d90c8d0 Unloading class 0x0000026a72c90c00 'org/apache/jsp/WEB_002dINF/jsp/users_jsp'
Event: 1266.168 Thread 0x0000026a6d90c8d0 Unloading class 0x0000026a72c8c800 'org/apache/catalina/loader/JdbcLeakPrevention'
Event: 1419.175 Thread 0x0000026a6d90c8d0 Unloading class 0x0000026a72c91000 'org/apache/catalina/loader/JdbcLeakPrevention'
Event: 1555.844 Thread 0x0000026a6d90c8d0 Unloading class 0x0000026a72ca2c00 'org/apache/jsp/WEB_002dINF/jsp/users_jsp'
Event: 1555.844 Thread 0x0000026a6d90c8d0 Unloading class 0x0000026a72c99800 'org/apache/catalina/loader/JdbcLeakPrevention'

Classes redefined (0 events):
No events

Internal exceptions (20 events):
Event: 1567.707 Thread 0x0000026ab97b3de0 Exception <a 'java/lang/ClassNotFoundException'{0x000000060bd66490}: java/lang/ObjectCustomizer> (0x000000060bd66490) 
thrown [s\open\src\hotspot\share\classfile\systemDictionary.cpp, line 312]
Event: 1567.708 Thread 0x0000026ab97b3de0 Exception <a 'java/lang/ClassNotFoundException'{0x000000060bd73288}: jakarta/servlet/jsp/tagext/TagSupportCustomizer> (0x000000060bd73288) 
thrown [s\open\src\hotspot\share\classfile\systemDictionary.cpp, line 312]
Event: 1567.710 Thread 0x0000026ab97b3de0 Exception <a 'java/lang/ClassNotFoundException'{0x000000060bd86010}: org/springframework/security/taglibs/csrf/AbstractCsrfTagCustomizer> (0x000000060bd86010) 
thrown [s\open\src\hotspot\share\classfile\systemDictionary.cpp, line 312]
Event: 1567.711 Thread 0x0000026ab97b3de0 Exception <a 'java/lang/ClassNotFoundException'{0x000000060bd915e0}: org/springframework/security/taglibs/csrf/CsrfMetaTagsTagCustomizer> (0x000000060bd915e0) 
thrown [s\open\src\hotspot\share\classfile\systemDictionary.cpp, line 312]
Event: 1567.713 Thread 0x0000026ab97b3de0 Exception <a 'java/lang/ClassNotFoundException'{0x000000060bdfd000}: org/apache/taglibs/standard/tag/common/core/ChooseTagBeanInfo> (0x000000060bdfd000) 
thrown [s\open\src\hotspot\share\classfile\systemDictionary.cpp, line 312]
Event: 1567.714 Thread 0x0000026ab97b3de0 Exception <a 'java/lang/ClassNotFoundException'{0x000000060be05df0}: org/apache/taglibs/standard/tag/common/core/ChooseTagCustomizer> (0x000000060be05df0) 
thrown [s\open\src\hotspot\share\classfile\systemDictionary.cpp, line 312]
Event: 1567.715 Thread 0x0000026ab97b3de0 Exception <a 'java/lang/ClassNotFoundException'{0x000000060be14ec0}: org/apache/taglibs/standard/tag/rt/core/WhenTagBeanInfo> (0x000000060be14ec0) 
thrown [s\open\src\hotspot\share\classfile\systemDictionary.cpp, line 312]
Event: 1567.716 Thread 0x0000026ab97b3de0 Exception <a 'java/lang/ClassNotFoundException'{0x000000060be1e328}: org/apache/taglibs/standard/tag/common/core/WhenTagSupportBeanInfo> (0x000000060be1e328) 
thrown [s\open\src\hotspot\share\classfile\systemDictionary.cpp, line 312]
Event: 1567.716 Thread 0x0000026ab97b3de0 Exception <a 'java/lang/ClassNotFoundException'{0x000000060be275d0}: jakarta/servlet/jsp/jstl/core/ConditionalTagSupportBeanInfo> (0x000000060be275d0) 
thrown [s\open\src\hotspot\share\classfile\systemDictionary.cpp, line 312]
Event: 1567.717 Thread 0x0000026ab97b3de0 Exception <a 'java/lang/ClassNotFoundException'{0x000000060be307f0}: jakarta/servlet/jsp/jstl/core/ConditionalTagSupportCustomizer> (0x000000060be307f0) 
thrown [s\open\src\hotspot\share\classfile\systemDictionary.cpp, line 312]
Event: 1567.718 Thread 0x0000026ab97b3de0 Exception <a 'java/lang/ClassNotFoundException'{0x000000060be3f028}: org/apache/taglibs/standard/tag/common/core/WhenTagSupportCustomizer> (0x000000060be3f028) 
thrown [s\open\src\hotspot\share\classfile\systemDictionary.cpp, line 312]
Event: 1567.720 Thread 0x0000026ab97b3de0 Exception <a 'java/lang/ClassNotFoundException'{0x000000060be4b388}: org/apache/taglibs/standard/tag/rt/core/WhenTagCustomizer> (0x000000060be4b388) 
thrown [s\open\src\hotspot\share\classfile\systemDictionary.cpp, line 312]
Event: 1567.722 Thread 0x0000026ab97b3de0 Exception <a 'java/lang/ClassNotFoundException'{0x000000060be5ee40}: org/apache/taglibs/standard/tag/common/core/OtherwiseTagBeanInfo> (0x000000060be5ee40) 
thrown [s\open\src\hotspot\share\classfile\systemDictionary.cpp, line 312]
Event: 1567.723 Thread 0x0000026ab97b3de0 Exception <a 'java/lang/ClassNotFoundException'{0x000000060be67fd0}: org/apache/taglibs/standard/tag/common/core/OtherwiseTagCustomizer> (0x000000060be67fd0) 
thrown [s\open\src\hotspot\share\classfile\systemDictionary.cpp, line 312]
Event: 1567.725 Thread 0x0000026ab97b3de0 Exception <a 'java/lang/ClassNotFoundException'{0x000000060be76730}: org/apache/taglibs/standard/tag/rt/core/ForEachTagBeanInfo> (0x000000060be76730) 
thrown [s\open\src\hotspot\share\classfile\systemDictionary.cpp, line 312]
Event: 1567.726 Thread 0x0000026ab97b3de0 Exception <a 'java/lang/ClassNotFoundException'{0x000000060be7fe50}: org/apache/taglibs/standard/tag/common/core/ForEachSupportBeanInfo> (0x000000060be7fe50) 
thrown [s\open\src\hotspot\share\classfile\systemDictionary.cpp, line 312]
Event: 1567.727 Thread 0x0000026ab97b3de0 Exception <a 'java/lang/ClassNotFoundException'{0x000000060be898e8}: jakarta/servlet/jsp/jstl/core/LoopTagSupportBeanInfo> (0x000000060be898e8) 
thrown [s\open\src\hotspot\share\classfile\systemDictionary.cpp, line 312]
Event: 1567.728 Thread 0x0000026ab97b3de0 Exception <a 'java/lang/ClassNotFoundException'{0x000000060be92b70}: jakarta/servlet/jsp/jstl/core/LoopTagSupportCustomizer> (0x000000060be92b70) 
thrown [s\open\src\hotspot\share\classfile\systemDictionary.cpp, line 312]
Event: 1567.730 Thread 0x0000026ab97b3de0 Exception <a 'java/lang/ClassNotFoundException'{0x000000060bea4648}: org/apache/taglibs/standard/tag/common/core/ForEachSupportCustomizer> (0x000000060bea4648) 
thrown [s\open\src\hotspot\share\classfile\systemDictionary.cpp, line 312]
Event: 1567.731 Thread 0x0000026ab97b3de0 Exception <a 'java/lang/ClassNotFoundException'{0x000000060beb0cd0}: org/apache/taglibs/standard/tag/rt/core/ForEachTagCustomizer> (0x000000060beb0cd0) 
thrown [s\open\src\hotspot\share\classfile\systemDictionary.cpp, line 312]

ZGC Phase Switch (0 events):
No events

VM Operations (20 events):
Event: 1556.263 Executing VM operation: get/set locals
Event: 1556.263 Executing VM operation: get/set locals done
Event: 1556.263 Executing VM operation: get/set locals
Event: 1556.263 Executing VM operation: get/set locals done
Event: 1556.263 Executing VM operation: get/set locals
Event: 1556.263 Executing VM operation: get/set locals done
Event: 1556.318 Executing VM operation: get/set locals
Event: 1556.318 Executing VM operation: get/set locals done
Event: 1556.323 Executing VM operation: G1CollectForAllocation (G1 Evacuation Pause)
Event: 1556.326 Executing VM operation: G1CollectForAllocation (G1 Evacuation Pause) done
Event: 1557.341 Executing VM operation: Cleanup
Event: 1557.341 Executing VM operation: Cleanup done
Event: 1563.215 Executing VM operation: HandshakeAllThreads (HandshakeForDeflation)
Event: 1563.215 Executing VM operation: HandshakeAllThreads (HandshakeForDeflation) done
Event: 1563.215 Executing VM operation: RendezvousGCThreads
Event: 1563.215 Executing VM operation: RendezvousGCThreads done
Event: 1567.869 Executing VM operation: get/set locals
Event: 1567.869 Executing VM operation: get/set locals done
Event: 1567.870 Executing VM operation: get/set locals
Event: 1567.870 Executing VM operation: get/set locals done

Events (20 events):
Event: 1556.344 Thread 0x0000026ab97b30c0 Thread added: 0x0000026ab97b30c0
Event: 1556.348 Thread 0x0000026ab97b3de0 Thread added: 0x0000026ab97b3de0
Event: 1556.348 Thread 0x0000026ab97b4470 Thread added: 0x0000026ab97b4470
Event: 1556.348 Thread 0x0000026ab97b0ff0 Thread added: 0x0000026ab97b0ff0
Event: 1556.348 Thread 0x0000026ab97b4b00 Thread added: 0x0000026ab97b4b00
Event: 1556.349 Thread 0x0000026ab97b1d10 Thread added: 0x0000026ab97b1d10
Event: 1556.349 Thread 0x0000026ab97b5190 Thread added: 0x0000026ab97b5190
Event: 1556.349 Thread 0x0000026ab97b5820 Thread added: 0x0000026ab97b5820
Event: 1556.349 Thread 0x0000026ab97b23a0 Thread added: 0x0000026ab97b23a0
Event: 1556.349 Thread 0x0000026ab97b78f0 Thread added: 0x0000026ab97b78f0
Event: 1556.350 Thread 0x0000026ab97b6bd0 Thread added: 0x0000026ab97b6bd0
Event: 1556.351 Thread 0x0000026ab97b6540 Thread added: 0x0000026ab97b6540
Event: 1556.352 Thread 0x0000026ab97b7260 Thread added: 0x0000026ab97b7260
Event: 1556.356 Thread 0x0000026ab9833420 Thread exited: 0x0000026ab9833420
Event: 1556.356 Thread 0x0000026ab9839000 Thread exited: 0x0000026ab9839000
Event: 1556.683 Thread 0x0000026ab73ebb20 Thread exited: 0x0000026ab73ebb20
Event: 1561.353 Thread 0x0000026abb1d2130 Thread exited: 0x0000026abb1d2130
Event: 1561.728 Thread 0x0000026ab9839690 Thread exited: 0x0000026ab9839690
Event: 1567.718 Thread 0x0000026abb1d2130 Thread added: 0x0000026abb1d2130
Event: 1567.754 Thread 0x0000026ab73ebb20 Thread added: 0x0000026ab73ebb20


Dynamic libraries:
0x00007ff601050000 - 0x00007ff601060000 	C:\Program Files\Java\jdk-21\bin\javaw.exe
0x0000026a49e60000 - 0x0000026a4a0c0000 	C:\WINDOWS\SYSTEM32\ntd1l.dll
0x0000026a49950000 - 0x0000026a49a17000 	C:\WINDOWS\System32\kern3l32.dll
0x00007ffb63480000 - 0x00007ffb636e0000 	C:\WINDOWS\SYSTEM32\ntdll.dll
0x00007ffb61a70000 - 0x00007ffb61b37000 	C:\WINDOWS\System32\KERNEL32.DLL
0x00007ffb60aa0000 - 0x00007ffb60e6b000 	C:\WINDOWS\System32\KERNELBASE.dll
0x00007ffb60130000 - 0x00007ffb60546000 	C:\Program Files\SentinelOne\Sentinel Agent 24.1.4.257\InProcessClient64.dll
0x00007ffb63380000 - 0x00007ffb63433000 	C:\WINDOWS\System32\ADVAPI32.dll
0x00007ffb628f0000 - 0x00007ffb62999000 	C:\WINDOWS\System32\msvcrt.dll
0x00007ffb62580000 - 0x00007ffb62626000 	C:\WINDOWS\System32\sechost.dll
0x00007ffb61b50000 - 0x00007ffb61c66000 	C:\WINDOWS\System32\RPCRT4.dll
0x00007ffb60660000 - 0x00007ffb607ab000 	C:\WINDOWS\System32\ucrtbase.dll
0x00007ffb55d70000 - 0x00007ffb55d8b000 	C:\Program Files\Java\jdk-21\bin\VCRUNTIME140.dll
0x00007ffb55210000 - 0x00007ffb55229000 	C:\Program Files\Java\jdk-21\bin\jli.dll
0x00007ffb61790000 - 0x00007ffb6195c000 	C:\WINDOWS\System32\USER32.dll
0x00007ffb40a70000 - 0x00007ffb40d07000 	C:\WINDOWS\WinSxS\amd64_microsoft.windows.common-controls_6595b64144ccf1df_6.0.26100.3624_none_3e086962e3345f24\COMCTL32.dll
0x00007ffb60fc0000 - 0x00007ffb60fe7000 	C:\WINDOWS\System32\win32u.dll
0x00007ffb61300000 - 0x00007ffb6132a000 	C:\WINDOWS\System32\GDI32.dll
0x00007ffb61080000 - 0x00007ffb611b1000 	C:\WINDOWS\System32\gdi32full.dll
0x00007ffb60f10000 - 0x00007ffb60fb3000 	C:\WINDOWS\System32\msvcp_win.dll
0x00007ffb600b0000 - 0x00007ffb600bb000 	C:\WINDOWS\SYSTEM32\VERSION.dll
0x00007ffb600a0000 - 0x00007ffb600ac000 	C:\WINDOWS\SYSTEM32\FLTLIB.DLL
0x00007ffb62630000 - 0x00007ffb6265f000 	C:\WINDOWS\System32\IMM32.DLL
0x00007ffb59070000 - 0x00007ffb5907c000 	C:\Program Files\Java\jdk-21\bin\vcruntime140_1.dll
0x00007ffb3a9f0000 - 0x00007ffb3aa7e000 	C:\Program Files\Java\jdk-21\bin\msvcp140.dll
0x00007ffaee4f0000 - 0x00007ffaef208000 	C:\Program Files\Java\jdk-21\bin\server\jvm.dll
0x00007ffb63120000 - 0x00007ffb63194000 	C:\WINDOWS\System32\WS2_32.dll
0x00007ffb600c0000 - 0x00007ffb6011e000 	C:\WINDOWS\SYSTEM32\POWRPROF.dll
0x00007ffb4e9e0000 - 0x00007ffb4ea16000 	C:\WINDOWS\SYSTEM32\WINMM.dll
0x00007ffb5fec0000 - 0x00007ffb5fed4000 	C:\WINDOWS\SYSTEM32\UMPDC.dll
0x00007ffb5eff0000 - 0x00007ffb5f00a000 	C:\WINDOWS\SYSTEM32\kernel.appcore.dll
0x00007ffb55f90000 - 0x00007ffb55f9a000 	C:\Program Files\Java\jdk-21\bin\jimage.dll
0x00007ffb5d9c0000 - 0x00007ffb5dc01000 	C:\WINDOWS\SYSTEM32\DBGHELP.DLL
0x00007ffb61c70000 - 0x00007ffb61ff3000 	C:\WINDOWS\System32\combase.dll
0x00007ffb62810000 - 0x00007ffb628e6000 	C:\WINDOWS\System32\OLEAUT32.dll
0x00007ffb428a0000 - 0x00007ffb428d9000 	C:\WINDOWS\SYSTEM32\dbgcore.DLL
0x00007ffb60e70000 - 0x00007ffb60f09000 	C:\WINDOWS\System32\bcryptPrimitives.dll
0x00007ffb18920000 - 0x00007ffb189cd000 	C:\Program Files\SentinelOne\Sentinel Agent 24.1.4.257\SentinelJava64.dll
0x00007ffb61490000 - 0x00007ffb614f4000 	C:\WINDOWS\System32\SHLWAPI.dll
0x00007ffb62670000 - 0x00007ffb62806000 	C:\WINDOWS\System32\ole32.dll
0x00007ffb54e10000 - 0x00007ffb54e2f000 	C:\Program Files\Java\jdk-21\bin\java.dll
0x00007ffb629f0000 - 0x00007ffb63119000 	C:\WINDOWS\System32\SHELL32.dll
0x00007ffb60930000 - 0x00007ffb60a98000 	C:\WINDOWS\System32\wintypes.dll
0x00007ffb5de80000 - 0x00007ffb5e6d2000 	C:\WINDOWS\SYSTEM32\windows.storage.dll
0x00007ffb62490000 - 0x00007ffb6257d000 	C:\WINDOWS\System32\SHCORE.dll
0x00007ffb60570000 - 0x00007ffb6059f000 	C:\WINDOWS\SYSTEM32\profapi.dll
0x00007ffb38d80000 - 0x00007ffb38e57000 	C:\Program Files\Java\jdk-21\bin\jsvml.dll
0x00007ffb55d60000 - 0x00007ffb55d70000 	C:\Program Files\Java\jdk-21\bin\net.dll
0x00007ffb564f0000 - 0x00007ffb5660d000 	C:\WINDOWS\SYSTEM32\WINHTTP.dll
0x00007ffb5f4f0000 - 0x00007ffb5f55a000 	C:\WINDOWS\system32\mswsock.dll
0x00007ffb54d50000 - 0x00007ffb54d66000 	C:\Program Files\Java\jdk-21\bin\nio.dll
0x00007ffb54c50000 - 0x00007ffb54c68000 	C:\Program Files\Java\jdk-21\bin\zip.dll
0x00007ffb54d40000 - 0x00007ffb54d4a000 	C:\Program Files\Java\jdk-21\bin\management.dll
0x00007ffb547b0000 - 0x00007ffb547bb000 	C:\Program Files\Java\jdk-21\bin\management_ext.dll
0x0000026a49af0000 - 0x0000026a49af8000 	C:\WINDOWS\System32\PSAPI.DLL
0x00007ffb54000000 - 0x00007ffb5400e000 	C:\Program Files\Java\jdk-21\bin\sunmscapi.dll
0x00007ffb607b0000 - 0x00007ffb60927000 	C:\WINDOWS\System32\CRYPT32.dll
0x00007ffb5f9e0000 - 0x00007ffb5fa10000 	C:\WINDOWS\SYSTEM32\ncrypt.dll
0x00007ffb5f990000 - 0x00007ffb5f9cf000 	C:\WINDOWS\SYSTEM32\NTASN1.dll
0x00007ffb5f8a0000 - 0x00007ffb5f8bc000 	C:\WINDOWS\SYSTEM32\CRYPTSP.dll
0x00007ffb5ef50000 - 0x00007ffb5ef8a000 	C:\WINDOWS\system32\rsaenh.dll
0x00007ffb5f590000 - 0x00007ffb5f5bb000 	C:\WINDOWS\SYSTEM32\USERENV.dll
0x00007ffb5fa20000 - 0x00007ffb5fa46000 	C:\WINDOWS\SYSTEM32\bcrypt.dll
0x00007ffb5f720000 - 0x00007ffb5f72c000 	C:\WINDOWS\SYSTEM32\CRYPTBASE.dll
0x00007ffb5ea00000 - 0x00007ffb5ea33000 	C:\WINDOWS\SYSTEM32\IPHLPAPI.DLL
0x00007ffb61a60000 - 0x00007ffb61a6a000 	C:\WINDOWS\System32\NSI.dll
0x00007ffb53ff0000 - 0x00007ffb54000000 	C:\Program Files\Java\jdk-21\bin\verify.dll
0x00007ffb5ea40000 - 0x00007ffb5eb65000 	C:\WINDOWS\SYSTEM32\DNSAPI.dll
0x00007ffb55a40000 - 0x00007ffb55a4b000 	C:\Windows\System32\rasadhlp.dll
0x00007ffb59300000 - 0x00007ffb59385000 	C:\WINDOWS\System32\fwpuclnt.dll
0x00007ffb53fe0000 - 0x00007ffb53fe9000 	C:\Program Files\Java\jdk-21\bin\extnet.dll
0x00007ffb46de0000 - 0x00007ffb46de8000 	C:\WINDOWS\system32\wshunix.dll

dbghelp: loaded successfully - version: 4.0.5 - missing functions: none
symbol engine: initialized successfully - sym options: 0x614 - pdb path: .;C:\Program Files\Java\jdk-21\bin;C:\WINDOWS\SYSTEM32;C:\Program Files\SentinelOne\Sentinel Agent 24.1.4.257;C:\WINDOWS\WinSxS\amd64_microsoft.windows.common-controls_6595b64144ccf1df_6.0.26100.3624_none_3e086962e3345f24;C:\Program Files\Java\jdk-21\bin\server

VM Arguments:
jvm_args: -Dfile.encoding=UTF-8 -Dstdout.encoding=UTF-8 -Dstderr.encoding=UTF-8 -XX:+ShowCodeDetailsInExceptionMessages -agentpath:C:\Program Files\SentinelOne\Sentinel Agent 24.1.4.257\SentinelJava64.dll=extendedCapabilities 
java_command: com.my.hrms.HrmsApplication
java_class_path (initial): D:\hrms\target\classes;C:\Users\Dhruti Parmar\.m2\repository\org\springframework\boot\spring-boot-starter-web\3.4.4\spring-boot-starter-web-3.4.4.jar;C:\Users\Dhruti Parmar\.m2\repository\org\springframework\boot\spring-boot-starter\3.4.4\spring-boot-starter-3.4.4.jar;C:\Users\Dhruti Parmar\.m2\repository\org\springframework\boot\spring-boot-starter-logging\3.4.4\spring-boot-starter-logging-3.4.4.jar;C:\Users\Dhruti Parmar\.m2\repository\ch\qos\logback\logback-classic\1.5.18\logback-classic-1.5.18.jar;C:\Users\Dhruti Parmar\.m2\repository\ch\qos\logback\logback-core\1.5.18\logback-core-1.5.18.jar;C:\Users\Dhruti Parmar\.m2\repository\org\apache\logging\log4j\log4j-to-slf4j\2.24.3\log4j-to-slf4j-2.24.3.jar;C:\Users\Dhruti Parmar\.m2\repository\org\apache\logging\log4j\log4j-api\2.24.3\log4j-api-2.24.3.jar;C:\Users\Dhruti Parmar\.m2\repository\org\slf4j\jul-to-slf4j\2.0.17\jul-to-slf4j-2.0.17.jar;C:\Users\Dhruti Parmar\.m2\repository\jakarta\annotation\jakarta.annotation-api\2.1.1\jakarta.annotation-api-2.1.1.jar;C:\Users\Dhruti Parmar\.m2\repository\org\yaml\snakeyaml\2.3\snakeyaml-2.3.jar;C:\Users\Dhruti Parmar\.m2\repository\org\springframework\boot\spring-boot-starter-json\3.4.4\spring-boot-starter-json-3.4.4.jar;C:\Users\Dhruti Parmar\.m2\repository\com\fasterxml\jackson\core\jackson-databind\2.18.3\jackson-databind-2.18.3.jar;C:\Users\Dhruti Parmar\.m2\repository\com\fasterxml\jackson\core\jackson-annotations\2.18.3\jackson-annotations-2.18.3.jar;C:\Users\Dhruti Parmar\.m2\repository\com\fasterxml\jackson\core\jackson-core\2.18.3\jackson-core-2.18.3.jar;C:\Users\Dhruti Parmar\.m2\repository\com\fasterxml\jackson\datatype\jackson-datatype-jdk8\2.18.3\jackson-datatype-jdk8-2.18.3.jar;C:\Users\Dhruti Parmar\.m2\repository\com\fasterxml\jackson\datatype\jackson-datatype-jsr310\2.18.3\jackson-datatype-jsr310-2.18.3.jar;C:\Users\Dhruti Parmar\.m2\repository\com\fasterxml\jackson\module\jackson-module-parameter-names\2.18.3\jackson-module-parameter-names-2.18.3.jar;C:\Users\Dhruti Parmar\.m2\repository\org\springframework\boot\spring-boot-starter-tomcat\3.4.4\spring-boot-starter-tomcat-3.4.4.jar;C:\Users\Dhruti Parmar\.m2\repository\org\apache\tomcat\embed\tomcat-embed-websocket\10.1.39\tomcat-embed-websocket-10.1.39.jar;C:\Users\Dhruti Parmar\.m2\repository\org\springframework\spring-web\6.2.5\spring-web-6.2.5.jar;C:\Users\Dhruti Parmar\.m2\repository\io\micrometer\micrometer-observation\1.14.5\micrometer-observation-1.14.5.jar;C:\Users\Dhruti Parmar\.m2\repository\io\micrometer\micrometer-commons\1.14.5\micrometer-commons-1.14.5.jar;C:\Users\Dhruti Parmar\.m2\repository\org\springframework\spring-webmvc\6.2.5\spring-webmvc-6.2.5.jar;C:\Users\Dhruti Parmar\.m2\repository\org\springframework\boot\spring-boot-starter-data-jpa\3.4.4\spring-boot-starter-data-jpa-3.4.4.jar;C:\Users\Dhruti Parmar\.m2\repository\org\springframework\boot\spring-boot-starter-jdbc\3.4.4\spring-boot-starter-jdbc-3.4.4.jar;C:\Users\Dhruti Parmar\.m2\repository\com\zaxxer\HikariCP\5.1.0\HikariCP-5.1.0.jar;C:\Users\Dhruti Parmar\.m2\repository\org\springframework\spring-jdbc\6.2.5\spring-jdbc-6.2.5.jar;C:\Users\Dhruti Parmar\.m2\repository\org\hibernate\orm\hibernate-core\6.6.11.Final\hibernate-core-6.6.11.Final.jar;C:\Users\Dhruti Parmar\.m2\repository\jakarta\persistence\jakarta.persistence-api\3.1.0\jakarta.persistence-api-3.1.0.jar;C:\Users\Dhruti Parmar\.m2\repository\jakarta\transaction\jakarta.transaction-api\2.0.1\jakarta.transaction-api-2.0.1.jar;C:\Users\Dhruti Parmar\.m2\repository\org\jboss\logging\jboss-logging\3.6.1.Final\jboss-logging-3.6.1.Final.jar;C:\Users\Dhruti Parmar\.m2\repository\org\hibernate\common\hibernate-commons-annotations\7.0.3.Final\hibernate-commons-annotations-7.0.3.Final.jar;C:\Users\Dhruti Parmar\.m2\repository\io\smallrye\jandex\3.2.0\jandex-3.2.0.jar;C:\Users\Dhruti Parmar\.m2\repository\com\fasterxml\classmate\1.7.0\classmate-1.7.0.jar;C:\Users\Dhruti Parmar\.m2\repository\net\bytebuddy\byte-buddy\1.15.11\byte-buddy-1.15.11.jar;C:\Users\Dhruti Parmar\.m2\repository\org\glassfish\jaxb\jaxb-runtime\4.0.5\jaxb-runtime-4.0.5.jar;C:\Users\Dhruti Parmar\.m2\repository\org\glassfish\jaxb\jaxb-core\4.0.5\jaxb-core-4.0.5.jar;C:\Users\Dhruti Parmar\.m2\repository\org\eclipse\angus\angus-activation\2.0.2\angus-activation-2.0.2.jar;C:\Users\Dhruti Parmar\.m2\repository\org\glassfish\jaxb\txw2\4.0.5\txw2-4.0.5.jar;C:\Users\Dhruti Parmar\.m2\repository\com\sun\istack\istack-commons-runtime\4.1.2\istack-commons-runtime-4.1.2.jar;C:\Users\Dhruti Parmar\.m2\repository\jakarta\inject\jakarta.inject-api\2.0.1\jakarta.inject-api-2.0.1.jar;C:\Users\Dhruti Parmar\.m2\repository\org\antlr\antlr4-runtime\4.13.0\antlr4-runtime-4.13.0.jar;C:\Users\Dhruti Parmar\.m2\repository\org\springframework\data\spring-data-jpa\3.4.4\spring-data-jpa-3.4.4.jar;C:\Users\Dhruti Parmar\.m2\repository\org\springframework\data\spring-data-commons\3.4.4\spring-data-commons-3.4.4.jar;C:\Users\Dhruti Parmar\.m2\repository\org\springframework\spring-orm\6.2.5\spring-orm-6.2.5.jar;C:\Users\Dhruti Parmar\.m2\repository\org\springframework\spring-tx\6.2.5\spring-tx-6.2.5.jar;C:\Users\Dhruti Parmar\.m2\repository\org\slf4j\slf4j-api\2.0.17\slf4j-api-2.0.17.jar;C:\Users\Dhruti Parmar\.m2\repository\org\springframework\spring-aspects\6.2.5\spring-aspects-6.2.5.jar;C:\Users\Dhruti Parmar\.m2\repository\org\aspectj\aspectjweaver\1.9.23\aspectjweaver-1.9.23.jar;C:\Users\Dhruti Parmar\.m2\repository\org\springframework\boot\spring-boot-starter-validation\3.4.4\spring-boot-starter-validation-3.4.4.jar;C:\Users\Dhruti Parmar\.m2\repository\org\apache\tomcat\embed\tomcat-embed-el\10.1.39\tomcat-embed-el-10.1.39.jar;C:\Users\Dhruti Parmar\.m2\repository\org\hibernate\validator\hibernate-validator\8.0.2.Final\hibernate-validator-8.0.2.Final.jar;C:\Users\Dhruti Parmar\.m2\repository\jakarta\validation\jakarta.validation-api\3.0.2\jakarta.validation-api-3.0.2.jar;C:\Users\Dhruti Parmar\.m2\repository\com\mysql\mysql-connector-j\9.1.0\mysql-connector-j-9.1.0.jar;C:\Users\Dhruti Parmar\.m2\repository\org\apache\tomcat\embed\tomcat-embed-jasper\10.1.39\tomcat-embed-jasper-10.1.39.jar;C:\Users\Dhruti Parmar\.m2\repository\org\apache\tomcat\embed\tomcat-embed-core\10.1.39\tomcat-embed-core-10.1.39.jar;C:\Users\Dhruti Parmar\.m2\repository\org\apache\tomcat\tomcat-annotations-api\10.1.39\tomcat-annotations-api-10.1.39.jar;C:\Users\Dhruti Parmar\.m2\repository\org\eclipse\jdt\ecj\3.33.0\ecj-3.33.0.jar;C:\Users\Dhruti Parmar\.m2\repository\org\springframework\boot\spring-boot-starter-security\3.4.4\spring-boot-starter-security-3.4.4.jar;C:\Users\Dhruti Parmar\.m2\repository\org\springframework\spring-aop\6.2.5\spring-aop-6.2.5.jar;C:\Users\Dhruti Parmar\.m2\repository\org\springframework\security\spring-security-config\6.4.4\spring-security-config-6.4.4.jar;C:\Users\Dhruti Parmar\.m2\repository\org\springframework\security\spring-security-web\6.4.4\spring-security-web-6.4.4.jar;C:\Users\Dhruti Parmar\.m2\repository\org\springframework\security\spring-security-core\6.4.4\spring-security-core-6.4.4.jar;C:\Users\Dhruti Parmar\.m2\repository\org\springframework\security\spring-security-crypto\6.4.4\spring-security-crypto-6.4.4.jar;C:\Users\Dhruti Parmar\.m2\repository\org\springframework\spring-core\6.2.5\spring-core-6.2.5.jar;C:\Users\Dhruti Parmar\.m2\repository\org\springframework\spring-jcl\6.2.5\spring-jcl-6.2.5.jar;C:\Users\Dhruti Parmar\.m2\repository\org\springframework\security\spring-security-taglibs\6.1.5\spring-security-taglibs-6.1.5.jar;C:\Users\Dhruti Parmar\.m2\repository\org\springframework\security\spring-security-acl\6.4.4\spring-security-acl-6.4.4.jar;C:\Users\Dhruti Parmar\.m2\repository\org\springframework\spring-beans\6.2.5\spring-beans-6.2.5.jar;C:\Users\Dhruti Parmar\.m2\repository\org\springframework\spring-context\6.2.5\spring-context-6.2.5.jar;C:\Users\Dhruti Parmar\.m2\repository\org\springframework\spring-expression\6.2.5\spring-expression-6.2.5.jar;C:\Users\Dhruti Parmar\.m2\repository\jakarta\servlet\jsp\jstl\jakarta.servlet.jsp.jstl-api\3.0.0\jakarta.servlet.jsp.jstl-api-3.0.0.jar;C:\Users\Dhruti Parmar\.m2\repository\jakarta\servlet\jakarta.servlet-api\6.0.0\jakarta.servlet-api-6.0.0.jar;C:\Users\Dhruti Parmar\.m2\repository\jakarta\el\jakarta.el-api\5.0.0\jakarta.el-api-5.0.0.jar;C:\Users\Dhruti Parmar\.m2\repository\org\glassfish\web\jakarta.servlet.jsp.jstl\3.0.1\jakarta.servlet.jsp.jstl-3.0.1.jar;C:\Users\Dhruti Parmar\.m2\repository\org\springframework\boot\spring-boot-devtools\3.4.4\spring-boot-devtools-3.4.4.jar;C:\Users\Dhruti Parmar\.m2\repository\org\springframework\boot\spring-boot\3.4.4\spring-boot-3.4.4.jar;C:\Users\Dhruti Parmar\.m2\repository\org\springframework\boot\spring-boot-autoconfigure\3.4.4\spring-boot-autoconfigure-3.4.4.jar;C:\Users\Dhruti Parmar\.m2\repository\org\projectlombok\lombok\1.18.36\lombok-1.18.36.jar;C:\Users\Dhruti Parmar\.m2\repository\jakarta\xml\bind\jakarta.xml.bind-api\4.0.2\jakarta.xml.bind-api-4.0.2.jar;C:\Users\Dhruti Parmar\.m2\repository\jakarta\activation\jakarta.activation-api\2.1.3\jakarta.activation-api-2.1.3.jar
Launcher Type: SUN_STANDARD

[Global flags]
     intx CICompilerCount                          = 4                                         {product} {ergonomic}
     uint ConcGCThreads                            = 2                                         {product} {ergonomic}
     uint G1ConcRefinementThreads                  = 8                                         {product} {ergonomic}
   size_t G1HeapRegionSize                         = 4194304                                   {product} {ergonomic}
    uintx GCDrainStackTargetSize                   = 64                                        {product} {ergonomic}
   size_t InitialHeapSize                          = 532676608                                 {product} {ergonomic}
   size_t MarkStackSize                            = 4194304                                   {product} {ergonomic}
   size_t MaxHeapSize                              = 8514437120                                {product} {ergonomic}
   size_t MaxNewSize                               = 5108662272                                {product} {ergonomic}
   size_t MinHeapDeltaBytes                        = 4194304                                   {product} {ergonomic}
   size_t MinHeapSize                              = 8388608                                   {product} {ergonomic}
    uintx NonNMethodCodeHeapSize                   = 5839372                                {pd product} {ergonomic}
    uintx NonProfiledCodeHeapSize                  = 122909434                              {pd product} {ergonomic}
    uintx ProfiledCodeHeapSize                     = 122909434                              {pd product} {ergonomic}
    uintx ReservedCodeCacheSize                    = 251658240                              {pd product} {ergonomic}
     bool SegmentedCodeCache                       = true                                      {product} {ergonomic}
     bool ShowCodeDetailsInExceptionMessages       = true                                   {manageable} {command line}
   size_t SoftMaxHeapSize                          = 8514437120                             {manageable} {ergonomic}
     bool UseCompressedOops                        = true                           {product lp64_product} {ergonomic}
     bool UseG1GC                                  = true                                      {product} {ergonomic}
     bool UseLargePagesIndividualAllocation        = false                                  {pd product} {ergonomic}

Logging:
Log output configuration:
 #0: stdout all=warning uptime,level,tags foldmultilines=false
 #1: stderr all=off uptime,level,tags foldmultilines=false

Environment Variables:
JAVA_HOME=C:\Program Files\Java\jdk-21
PATH=C:/Users/Dhruti Parmar/.p2/pool/plugins/org.eclipse.justj.openjdk.hotspot.jre.full.win32.x86_64_23.0.1.v20241024-1700/jre/bin/server;C:/Users/Dhruti Parmar/.p2/pool/plugins/org.eclipse.justj.openjdk.hotspot.jre.full.win32.x86_64_23.0.1.v20241024-1700/jre/bin;D:\Apache Maven\apache-maven-3.9.9\bin;D:\Node Js\;C:\ProgramData\chocolatey\bin;C:\Users\Dhruti Parmar\AppData\Local\Microsoft\WindowsApps;D:\Git\cmd;D:\Apache Maven\apache-maven-3.9.9\bin;C:\Program Files\Java\jdk-21\bin;D:\Microsoft VS Code\bin;C:\Users\Dhruti Parmar\AppData\Roaming\npm;C:\Users\Dhruti Parmar\Desktop;
USERNAME=Dhruti Parmar
OS=Windows_NT
PROCESSOR_IDENTIFIER=Intel64 Family 6 Model 140 Stepping 1, GenuineIntel
TMP=C:\Users\DHRUTI~1\AppData\Local\Temp
TEMP=C:\Users\DHRUTI~1\AppData\Local\Temp




Periodic native trim disabled

---------------  S Y S T E M  ---------------

OS:
 Windows 11 , 64 bit Build 26100 (10.0.26100.3624)
OS uptime: 3 days 23:05 hours
Hyper-V role detected

CPU: total 8 (initial active 8) (4 cores per cpu, 2 threads per core) family 6 model 140 stepping 1 microcode 0x86, cx8, cmov, fxsr, ht, mmx, 3dnowpref, sse, sse2, sse3, ssse3, sse4.1, sse4.2, popcnt, lzcnt, tsc, tscinvbit, avx, avx2, aes, erms, clmul, bmi1, bmi2, adx, avx512f, avx512dq, avx512cd, avx512bw, avx512vl, sha, fma, vzeroupper, avx512_vpopcntdq, avx512_vpclmulqdq, avx512_vaes, avx512_vnni, clflush, clflushopt, clwb, avx512_vbmi2, avx512_vbmi, hv, rdtscp, rdpid, fsrm, gfni, avx512_bitalg, f16c, cet_ibt, cet_ss, avx512_ifma
Processor Information for all 8 processors :
  Max Mhz: 2803, Current Mhz: 2803, Mhz Limit: 2803

Memory: 4k page, system-wide physical 32466M (18667M free)
TotalPageFile size 34514M (AvailPageFile size 19144M)
current process WorkingSet (physical memory assigned to process): 444M, peak: 543M
current process commit charge ("private bytes"): 472M, peak: 685M

vm_info: Java HotSpot(TM) 64-Bit Server VM (21.0.5+9-LTS-239) for windows-amd64 JRE (21.0.5+9-LTS-239), built on 2024-09-30T05:17:38Z by "mach5one" with MS VC++ 17.6 (VS2022)

END.
